#
# There is insufficient memory for the Java Runtime Environment to continue.
# Native memory allocation (mmap) failed to map 35651584 bytes for G1 virtual space
# Possible reasons:
#   The system is out of physical RAM or swap space
#   The process is running with CompressedOops enabled, and the Java Heap may be blocking the growth of the native heap
# Possible solutions:
#   Reduce memory load on the system
#   Increase physical memory or swap space
#   Check if swap backing store is full
#   Decrease Java heap size (-Xmx/-Xms)
#   Decrease number of Java threads
#   Decrease Java thread stack sizes (-Xss)
#   Set larger code cache with -XX:ReservedCodeCacheSize=
#   JVM is running with Unscaled Compressed Oops mode in which the Java heap is
#     placed in the first 4GB address space. The Java Heap base address is the
#     maximum limit for the native heap growth. Please use -XX:HeapBaseMinAddress
#     to set the Java Heap base and to place the Java Heap above 4GB virtual address.
# This output file may be truncated or incomplete.
#
#  Out of Memory Error (./open/src/hotspot/os/windows/os_windows.cpp:3321), pid=11408, tid=3276
#
# JRE version: OpenJDK Runtime Environment (15.0.2+7) (build 15.0.2+7-27)
# Java VM: OpenJDK 64-Bit Server VM (15.0.2+7-27, mixed mode, sharing, tiered, compressed oops, g1 gc, windows-amd64)
# No core dump will be written. Minidumps are not enabled by default on client versions of Windows
#

---------------  S U M M A R Y ------------

Command Line: --add-opens=java.base/java.util=ALL-UNNAMED --add-opens=java.base/java.lang=ALL-UNNAMED --add-opens=java.base/java.lang.invoke=ALL-UNNAMED --add-opens=java.base/java.util=ALL-UNNAMED --add-opens=java.prefs/java.util.prefs=ALL-UNNAMED --add-opens=java.prefs/java.util.prefs=ALL-UNNAMED --add-opens=java.base/java.nio.charset=ALL-UNNAMED --add-opens=java.base/java.net=ALL-UNNAMED --add-opens=java.base/java.util.concurrent.atomic=ALL-UNNAMED -Xmx2048m -Dfile.encoding=UTF-8 -Duser.country=IT -Duser.language=it -Duser.variant org.gradle.launcher.daemon.bootstrap.GradleDaemon 7.0.2

Host: AMD Ryzen 5 2500U with Radeon Vega Mobile Gfx  , 8 cores, 6G,  Windows 10 , 64 bit Build 19041 (10.0.19041.1466)
Time: Sat Feb 12 17:29:07 2022 ora solare Europa occidentale elapsed time: 1672.511621 seconds (0d 0h 27m 52s)

---------------  T H R E A D  ---------------

Current thread (0x0000022847db29f0):  VMThread "VM Thread" [stack: 0x0000004fa3200000,0x0000004fa3300000] [id=3276]

Stack: [0x0000004fa3200000,0x0000004fa3300000]
[error occurred during error reporting (printing stack bounds), id 0xc0000005, EXCEPTION_ACCESS_VIOLATION (0xc0000005) at pc=0x00000228314810ad]

Native frames: (J=compiled Java code, j=interpreted, Vv=VM code, C=native code)
V  [jvm.dll+0x62ae9a]
V  [jvm.dll+0x7817a9]
V  [jvm.dll+0x782f03]
V  [jvm.dll+0x7834c5]
V  [jvm.dll+0x78347b]
V  [jvm.dll+0x62a2b9]
V  [jvm.dll+0x62aa88]
C  [ntdll.dll+0xa20cf]
C  [ntdll.dll+0x51454]
C  [ntdll.dll+0xa0bfe]
C  0x00000228314810ad

VM_Operation (0x0000004fa2eff500): G1Concurrent, mode: safepoint, requested by thread 0x0000022829290de0


---------------  P R O C E S S  ---------------

Threads class SMR info:
_java_thread_list=0x000002284a9d6ca0, length=69, elements={
0x000002282923f900, 0x0000022847db5930, 0x0000022847db6bb0, 0x0000022847dd3910,
0x0000022847dd41d0, 0x0000022847dd7240, 0x0000022847dda6e0, 0x0000022847ddee30,
0x0000022847df72e0, 0x0000022848833a20, 0x0000022848854880, 0x000002284a94e210,
0x000002284a957070, 0x00000228499d7bf0, 0x000002284ad57820, 0x000002284ad59500,
0x000002284ad57350, 0x000002284ad59030, 0x000002284ad599d0, 0x000002284bcb7570,
0x000002284bcb53c0, 0x000002284bcb23a0, 0x000002284bcb1ed0, 0x000002284bcb4080,
0x000002284b3f8f10, 0x000002284b3f3d40, 0x000002284b3f4210, 0x000002284b3f98b0,
0x000002284b3f5a20, 0x000002284b3f7230, 0x000002284e851750, 0x000002284b3f7700,
0x000002284b3f33a0, 0x000002284e84ca50, 0x000002284e84b240, 0x000002284e8508e0,
0x000002284e84dd90, 0x000002284e8525c0, 0x000002284e84bbe0, 0x000002284e84cf20,
0x000002284e84d3f0, 0x000002284e84ff40, 0x000002284e84ec00, 0x000002284e84d8c0,
0x000002284e84e260, 0x000002284ad57cf0, 0x000002284ad581c0, 0x000002284ad58690,
0x000002284ad58b60, 0x000002284ad564e0, 0x000002284ad59ea0, 0x000002284ad569b0,
0x000002284b3f5080, 0x000002284b3f2ed0, 0x000002284b3f93e0, 0x000002284b3f80a0,
0x000002284b3f5550, 0x000002284b3f8a40, 0x000002284bcb88b0, 0x000002284bcb2870,
0x000002284bcb3210, 0x000002284bcb70a0, 0x000002284bcb36e0, 0x0000022857d5c530,
0x0000022857d5b6c0, 0x0000022853618870, 0x0000022853617530, 0x000002284e5f85e0,
0x000002284a2f2300
}

Java Threads: ( => current thread )
  0x000002282923f900 JavaThread "main" [_thread_blocked, id=15236, stack(0x0000004fa2c00000,0x0000004fa2d00000)]
  0x0000022847db5930 JavaThread "Reference Handler" daemon [_thread_blocked, id=12296, stack(0x0000004fa3300000,0x0000004fa3400000)]
  0x0000022847db6bb0 JavaThread "Finalizer" daemon [_thread_blocked, id=5864, stack(0x0000004fa3400000,0x0000004fa3500000)]
  0x0000022847dd3910 JavaThread "Signal Dispatcher" daemon [_thread_blocked, id=2292, stack(0x0000004fa3500000,0x0000004fa3600000)]
  0x0000022847dd41d0 JavaThread "Attach Listener" daemon [_thread_blocked, id=4744, stack(0x0000004fa3600000,0x0000004fa3700000)]
  0x0000022847dd7240 JavaThread "Service Thread" daemon [_thread_blocked, id=13668, stack(0x0000004fa3700000,0x0000004fa3800000)]
  0x0000022847dda6e0 JavaThread "C2 CompilerThread0" daemon [_thread_blocked, id=8220, stack(0x0000004fa3800000,0x0000004fa3900000)]
  0x0000022847ddee30 JavaThread "C1 CompilerThread0" daemon [_thread_blocked, id=12468, stack(0x0000004fa3900000,0x0000004fa3a00000)]
  0x0000022847df72e0 JavaThread "Sweeper thread" daemon [_thread_blocked, id=8212, stack(0x0000004fa3a00000,0x0000004fa3b00000)]
  0x0000022848833a20 JavaThread "Common-Cleaner" daemon [_thread_blocked, id=10380, stack(0x0000004fa3b00000,0x0000004fa3c00000)]
  0x0000022848854880 JavaThread "Notification Thread" daemon [_thread_blocked, id=11568, stack(0x0000004fa3c00000,0x0000004fa3d00000)]
  0x000002284a94e210 JavaThread "Daemon health stats" [_thread_blocked, id=12756, stack(0x0000004fa4200000,0x0000004fa4300000)]
  0x000002284a957070 JavaThread "Incoming local TCP Connector on port 53647" [_thread_in_native, id=1332, stack(0x0000004fa4300000,0x0000004fa4400000)]
  0x00000228499d7bf0 JavaThread "Daemon periodic checks" [_thread_blocked, id=11152, stack(0x0000004fa4400000,0x0000004fa4500000)]
  0x000002284ad57820 JavaThread "Cache worker for file hash cache (C:\Users\Umby\.gradle\caches\7.0.2\fileHashes)" [_thread_blocked, id=9184, stack(0x0000004fa3e00000,0x0000004fa3f00000)]
  0x000002284ad59500 JavaThread "File lock request listener" [_thread_in_native, id=716, stack(0x0000004fa3f00000,0x0000004fa4000000)]
  0x000002284ad57350 JavaThread "Cache worker for journal cache (C:\Users\Umby\.gradle\caches\journal-1)" [_thread_blocked, id=8636, stack(0x0000004fa4c00000,0x0000004fa4d00000)]
  0x000002284ad59030 JavaThread "File watcher server" daemon [_thread_blocked, id=1684, stack(0x0000004fa5600000,0x0000004fa5700000)]
  0x000002284ad599d0 JavaThread "File watcher consumer" daemon [_thread_blocked, id=11328, stack(0x0000004fa5700000,0x0000004fa5800000)]
  0x000002284bcb7570 JavaThread "Cache worker for execution history cache (C:\Users\Umby\.gradle\caches\7.0.2\executionHistory)" [_thread_blocked, id=12924, stack(0x0000004fa5c00000,0x0000004fa5d00000)]
  0x000002284bcb53c0 JavaThread "jar transforms" [_thread_blocked, id=7616, stack(0x0000004fa5d00000,0x0000004fa5e00000)]
  0x000002284bcb23a0 JavaThread "jar transforms Thread 2" [_thread_blocked, id=4372, stack(0x0000004fa5e00000,0x0000004fa5f00000)]
  0x000002284bcb1ed0 JavaThread "Cache worker for file content cache (C:\Users\Umby\.gradle\caches\7.0.2\fileContent)" [_thread_blocked, id=11048, stack(0x0000004fa5f00000,0x0000004fa6000000)]
  0x000002284bcb4080 JavaThread "jar transforms Thread 3" [_thread_blocked, id=10236, stack(0x0000004fa6100000,0x0000004fa6200000)]
  0x000002284b3f8f10 JavaThread "jar transforms Thread 4" [_thread_blocked, id=2100, stack(0x0000004fa6b00000,0x0000004fa6c00000)]
  0x000002284b3f3d40 JavaThread "jar transforms Thread 5" [_thread_blocked, id=13692, stack(0x0000004fa6c00000,0x0000004fa6d00000)]
  0x000002284b3f4210 JavaThread "jar transforms Thread 6" [_thread_blocked, id=15340, stack(0x0000004fa6d00000,0x0000004fa6e00000)]
  0x000002284b3f98b0 JavaThread "jar transforms Thread 7" [_thread_blocked, id=8244, stack(0x0000004fa6e00000,0x0000004fa6f00000)]
  0x000002284b3f5a20 JavaThread "jar transforms Thread 8" [_thread_blocked, id=5152, stack(0x0000004fa6f00000,0x0000004fa7000000)]
  0x000002284b3f7230 JavaThread "Memory manager" [_thread_blocked, id=16356, stack(0x0000004fa7000000,0x0000004fa7100000)]
  0x000002284e851750 JavaThread "ForkJoinPool.commonPool-worker-13" daemon [_thread_blocked, id=2444, stack(0x0000004fa8c00000,0x0000004fa8d00000)]
  0x000002284b3f7700 JavaThread "Daemon Thread 4" [_thread_blocked, id=3080, stack(0x0000004fa2900000,0x0000004fa2a00000)]
  0x000002284b3f33a0 JavaThread "Daemon worker Thread 4" [_thread_blocked, id=14716, stack(0x0000004fa4500000,0x0000004fa4600000)]
  0x000002284e84ca50 JavaThread "Handler for socket connection from /127.0.0.1:53647 to /127.0.0.1:61038" [_thread_in_native, id=12844, stack(0x0000004fa2a00000,0x0000004fa2b00000)]
  0x000002284e84b240 JavaThread "Cancel handler" [_thread_blocked, id=2456, stack(0x0000004fa2b00000,0x0000004fa2c00000)]
  0x000002284e8508e0 JavaThread "Asynchronous log dispatcher for DefaultDaemonConnection: socket connection from /127.0.0.1:53647 to /127.0.0.1:61038" [_thread_blocked, id=2088, stack(0x0000004fa4600000,0x0000004fa4700000)]
  0x000002284e84dd90 JavaThread "Stdin handler" [_thread_blocked, id=8408, stack(0x0000004fa4700000,0x0000004fa4800000)]
  0x000002284e8525c0 JavaThread "Daemon client event forwarder" [_thread_blocked, id=12232, stack(0x0000004fa4800000,0x0000004fa4900000)]
  0x000002284e84bbe0 JavaThread "Cache worker for file hash cache (C:\Users\Umby\AndroidStudioProjects\Natour2022\.gradle\7.0.2\fileHashes)" [_thread_blocked, id=11620, stack(0x0000004fa4900000,0x0000004fa4a00000)]
  0x000002284e84cf20 JavaThread "Cache worker for checksums cache (C:\Users\Umby\AndroidStudioProjects\Natour2022\.gradle\checksums)" [_thread_blocked, id=13044, stack(0x0000004fa4a00000,0x0000004fa4b00000)]
  0x000002284e84d3f0 JavaThread "Cache worker for cache directory md-supplier (C:\Users\Umby\.gradle\caches\7.0.2\md-supplier)" [_thread_blocked, id=10280, stack(0x0000004fa4b00000,0x0000004fa4c00000)]
  0x000002284e84ff40 JavaThread "Cache worker for cache directory md-rule (C:\Users\Umby\.gradle\caches\7.0.2\md-rule)" [_thread_blocked, id=9568, stack(0x0000004fa4d00000,0x0000004fa4e00000)]
  0x000002284e84ec00 JavaThread "Cache worker for dependencies-accessors (C:\Users\Umby\AndroidStudioProjects\Natour2022\.gradle\7.0.2\dependencies-accessors)" [_thread_blocked, id=14896, stack(0x0000004fa5400000,0x0000004fa5500000)]
  0x000002284e84d8c0 JavaThread "Cache worker for Build Output Cleanup Cache (C:\Users\Umby\AndroidStudioProjects\Natour2022\.gradle\buildOutputCleanup)" [_thread_blocked, id=9672, stack(0x0000004fa5500000,0x0000004fa5600000)]
  0x000002284e84e260 JavaThread "Build operations" [_thread_blocked, id=14404, stack(0x0000004fa5a00000,0x0000004fa5b00000)]
  0x000002284ad57cf0 JavaThread "Build operations Thread 2" [_thread_blocked, id=10088, stack(0x0000004fa6000000,0x0000004fa6100000)]
  0x000002284ad581c0 JavaThread "Build operations Thread 3" [_thread_blocked, id=11304, stack(0x0000004fa6200000,0x0000004fa6300000)]
  0x000002284ad58690 JavaThread "Build operations Thread 4" [_thread_blocked, id=5744, stack(0x0000004fa6300000,0x0000004fa6400000)]
  0x000002284ad58b60 JavaThread "Build operations Thread 5" [_thread_blocked, id=5624, stack(0x0000004fa6400000,0x0000004fa6500000)]
  0x000002284ad564e0 JavaThread "Build operations Thread 6" [_thread_blocked, id=15112, stack(0x0000004fa6500000,0x0000004fa6600000)]
  0x000002284ad59ea0 JavaThread "Build operations Thread 7" [_thread_blocked, id=1356, stack(0x0000004fa6600000,0x0000004fa6700000)]
  0x000002284ad569b0 JavaThread "Build operations Thread 8" [_thread_blocked, id=8652, stack(0x0000004fa6700000,0x0000004fa6800000)]
  0x000002284b3f5080 JavaThread "build event listener" [_thread_blocked, id=13008, stack(0x0000004fa6800000,0x0000004fa6900000)]
  0x000002284b3f2ed0 JavaThread "Execution worker for ':'" [_thread_blocked, id=9256, stack(0x0000004fa6900000,0x0000004fa6a00000)]
  0x000002284b3f93e0 JavaThread "Execution worker for ':' Thread 2" [_thread_blocked, id=13796, stack(0x0000004fa6a00000,0x0000004fa6b00000)]
  0x000002284b3f80a0 JavaThread "Execution worker for ':' Thread 3" [_thread_blocked, id=14348, stack(0x0000004fa7100000,0x0000004fa7200000)]
  0x000002284b3f5550 JavaThread "Execution worker for ':' Thread 4" [_thread_blocked, id=1732, stack(0x0000004fa7200000,0x0000004fa7300000)]
  0x000002284b3f8a40 JavaThread "Execution worker for ':' Thread 5" [_thread_blocked, id=7408, stack(0x0000004fa7300000,0x0000004fa7400000)]
  0x000002284bcb88b0 JavaThread "Execution worker for ':' Thread 6" [_thread_blocked, id=4736, stack(0x0000004fa7400000,0x0000004fa7500000)]
  0x000002284bcb2870 JavaThread "Execution worker for ':' Thread 7" [_thread_blocked, id=10272, stack(0x0000004fa7500000,0x0000004fa7600000)]
  0x000002284bcb3210 JavaThread "Cache worker for execution history cache (C:\Users\Umby\AndroidStudioProjects\Natour2022\.gradle\7.0.2\executionHistory)" [_thread_blocked, id=4548, stack(0x0000004fa7600000,0x0000004fa7700000)]
  0x000002284bcb70a0 JavaThread "WorkerExecutor Queue" [_thread_blocked, id=10508, stack(0x0000004fa7700000,0x0000004fa7800000)]
  0x000002284bcb36e0 JavaThread "pool-14-thread-1" [_thread_blocked, id=10680, stack(0x0000004fa7800000,0x0000004fa7900000)]
  0x0000022857d5c530 JavaThread "stderr" [_thread_in_native, id=10368, stack(0x0000004fa7900000,0x0000004fa7a00000)]
  0x0000022857d5b6c0 JavaThread "stdout" [_thread_in_native, id=13116, stack(0x0000004fa7a00000,0x0000004fa7b00000)]
  0x0000022853618870 JavaThread "Cache worker for Java compile cache (C:\Users\Umby\.gradle\caches\7.0.2\javaCompile)" [_thread_blocked, id=14520, stack(0x0000004fa7b00000,0x0000004fa7c00000)]
  0x0000022853617530 JavaThread "Cache worker for Java compile cache (C:\Users\Umby\AndroidStudioProjects\Natour2022\.gradle\7.0.2\javaCompile)" [_thread_blocked, id=10788, stack(0x0000004fa7c00000,0x0000004fa7d00000)]
  0x000002284e5f85e0 JavaThread "C2 CompilerThread1" daemon [_thread_blocked, id=10924, stack(0x0000004fa5800000,0x0000004fa5900000)]
  0x000002284a2f2300 JavaThread "C2 CompilerThread2" daemon [_thread_blocked, id=1484, stack(0x0000004fa5900000,0x0000004fa5a00000)]

Other Threads:
=>0x0000022847db29f0 VMThread "VM Thread" [stack: 0x0000004fa3200000,0x0000004fa3300000] [id=3276]
  0x0000022848859d70 WatcherThread [stack: 0x0000004fa3d00000,0x0000004fa3e00000] [id=14188]
  0x000002282927fc00 GCTaskThread "GC Thread#0" [stack: 0x0000004fa2d00000,0x0000004fa2e00000] [id=7548]
  0x000002284990f190 GCTaskThread "GC Thread#1" [stack: 0x0000004fa4000000,0x0000004fa4100000] [id=5580]
  0x00000228499114a0 GCTaskThread "GC Thread#2" [stack: 0x0000004fa4e00000,0x0000004fa4f00000] [id=9812]
  0x00000228499117d0 GCTaskThread "GC Thread#3" [stack: 0x0000004fa4f00000,0x0000004fa5000000] [id=4412]
  0x000002284990e4d0 GCTaskThread "GC Thread#4" [stack: 0x0000004fa5000000,0x0000004fa5100000] [id=2132]
  0x000002284990e800 GCTaskThread "GC Thread#5" [stack: 0x0000004fa5100000,0x0000004fa5200000] [id=11204]
  0x000002284990fb20 GCTaskThread "GC Thread#6" [stack: 0x0000004fa5200000,0x0000004fa5300000] [id=10828]
  0x000002284990fe50 GCTaskThread "GC Thread#7" [stack: 0x0000004fa5300000,0x0000004fa5400000] [id=13292]
  0x0000022829290de0 ConcurrentGCThread "G1 Main Marker" [stack: 0x0000004fa2e00000,0x0000004fa2f00000] [id=11108]
  0x0000022829292100 ConcurrentGCThread "G1 Conc#0" [stack: 0x0000004fa2f00000,0x0000004fa3000000] [id=4652]
  0x000002284b38f780 ConcurrentGCThread "G1 Conc#1" [stack: 0x0000004fa5b00000,0x0000004fa5c00000] [id=8188]
  0x0000022829308db0 ConcurrentGCThread "G1 Refine#0" [stack: 0x0000004fa3000000,0x0000004fa3100000] [id=12720]
  0x0000022848e04cd0 ConcurrentGCThread "G1 Refine#1" [stack: 0x0000004fa4100000,0x0000004fa4200000] [id=8464]
  0x00000228489adc70 ConcurrentGCThread "G1 Refine#2" [stack: 0x0000004fa8300000,0x0000004fa8400000] [id=7016]
  0x00000228489ae330 ConcurrentGCThread "G1 Refine#3" [stack: 0x0000004fa8400000,0x0000004fa8500000] [id=12836]
  0x000002284f4e1720 ConcurrentGCThread "G1 Refine#4" [stack: 0x0000004fa8500000,0x0000004fa8600000] [id=15508]
  0x0000022851da9190 ConcurrentGCThread "G1 Refine#5" [stack: 0x0000004fa8600000,0x0000004fa8700000] [id=3784]
  0x000002284900dac0 ConcurrentGCThread "G1 Refine#6" [stack: 0x0000004fa8700000,0x0000004fa8800000] [id=13076]
  0x000002282930a8d0 ConcurrentGCThread "G1 Young RemSet Sampling" [stack: 0x0000004fa3100000,0x0000004fa3200000] [id=14568]

Threads with active compile tasks:

VM state: at safepoint (normal execution)

VM Mutex/Monitor currently owned by a thread:  ([mutex/lock_event])
[0x000002282923b070] Threads_lock - owner thread: 0x0000022847db29f0
[0x000002282923b610] Heap_lock - owner thread: 0x0000022829290de0

Heap address: 0x0000000080000000, size: 2048 MB, Compressed Oops mode: 32-bit
CDS archive(s) mapped at: [0x0000000800000000-0x0000000800b50000-0x0000000800b50000), size 11862016, SharedBaseAddress: 0x0000000800000000, ArchiveRelocationMode: 0.
Compressed class space mapped at: 0x0000000800b50000-0x0000000840b50000, size: 1073741824
Narrow klass base: 0x0000000800000000, Narrow klass shift: 3, Narrow klass range: 0x100000000

GC Precious Log:
 CPUs: 8 total, 8 available
 Memory: 7069M
 Large Page Support: Disabled
 NUMA Support: Disabled
 Compressed Oops: Enabled (32-bit)
 Heap Region Size: 1M
 Heap Min Capacity: 8M
 Heap Initial Capacity: 112M
 Heap Max Capacity: 2G
 Pre-touch: Disabled
 Parallel Workers: 8
 Concurrent Workers: 2
 Concurrent Refinement Workers: 8
 Periodic GC: Disabled

Heap:
 garbage-first heap   total 353280K, used 210633K [0x0000000080000000, 0x0000000100000000)
  region size 1024K, 18 young (18432K), 12 survivors (12288K)
 Metaspace       used 131993K, capacity 134249K, committed 134448K, reserved 1167360K
  class space    used 16479K, capacity 17191K, committed 17280K, reserved 1048576K

Heap Regions: E=young(eden), S=young(survivor), O=old, HS=humongous(starts), HC=humongous(continues), CS=collection set, F=free, OA=open archive, CA=closed archive, TAMS=top-at-mark-start (previous, next)
|   0|0x0000000080000000, 0x0000000080100000, 0x0000000080100000|100%| O|  |TAMS 0x0000000080100000, 0x0000000080000000| Updating 
|   1|0x0000000080100000, 0x0000000080200000, 0x0000000080200000|100%| O|  |TAMS 0x0000000080200000, 0x0000000080100000| Updating 
|   2|0x0000000080200000, 0x0000000080300000, 0x0000000080300000|100%| O|  |TAMS 0x0000000080300000, 0x0000000080200000| Updating 
|   3|0x0000000080300000, 0x0000000080400000, 0x0000000080400000|100%|HS|  |TAMS 0x0000000080400000, 0x0000000080300000| Complete 
|   4|0x0000000080400000, 0x0000000080500000, 0x0000000080500000|100%|HC|  |TAMS 0x0000000080500000, 0x0000000080400000| Complete 
|   5|0x0000000080500000, 0x0000000080600000, 0x0000000080600000|100%|HC|  |TAMS 0x0000000080600000, 0x0000000080500000| Complete 
|   6|0x0000000080600000, 0x0000000080700000, 0x0000000080700000|100%| O|  |TAMS 0x0000000080700000, 0x0000000080600000| Updating 
|   7|0x0000000080700000, 0x0000000080800000, 0x0000000080800000|100%| O|  |TAMS 0x0000000080800000, 0x0000000080700000| Updating 
|   8|0x0000000080800000, 0x0000000080900000, 0x0000000080900000|100%| O|  |TAMS 0x0000000080900000, 0x0000000080800000| Updating 
|   9|0x0000000080900000, 0x0000000080a00000, 0x0000000080a00000|100%| O|  |TAMS 0x0000000080a00000, 0x0000000080900000| Updating 
|  10|0x0000000080a00000, 0x0000000080b00000, 0x0000000080b00000|100%| O|  |TAMS 0x0000000080b00000, 0x0000000080a00000| Updating 
|  11|0x0000000080b00000, 0x0000000080c00000, 0x0000000080c00000|100%| O|  |TAMS 0x0000000080c00000, 0x0000000080b00000| Updating 
|  12|0x0000000080c00000, 0x0000000080d00000, 0x0000000080d00000|100%| O|  |TAMS 0x0000000080d00000, 0x0000000080c00000| Updating 
|  13|0x0000000080d00000, 0x0000000080e00000, 0x0000000080e00000|100%| O|  |TAMS 0x0000000080e00000, 0x0000000080d00000| Updating 
|  14|0x0000000080e00000, 0x0000000080f00000, 0x0000000080f00000|100%| O|  |TAMS 0x0000000080f00000, 0x0000000080e00000| Updating 
|  15|0x0000000080f00000, 0x0000000081000000, 0x0000000081000000|100%| O|  |TAMS 0x0000000081000000, 0x0000000080f00000| Updating 
|  16|0x0000000081000000, 0x0000000081100000, 0x0000000081100000|100%| O|  |TAMS 0x0000000081100000, 0x0000000081000000| Updating 
|  17|0x0000000081100000, 0x0000000081200000, 0x0000000081200000|100%| O|  |TAMS 0x0000000081200000, 0x0000000081100000| Updating 
|  18|0x0000000081200000, 0x0000000081300000, 0x0000000081300000|100%| O|  |TAMS 0x0000000081300000, 0x0000000081200000| Updating 
|  19|0x0000000081300000, 0x0000000081400000, 0x0000000081400000|100%| O|  |TAMS 0x0000000081400000, 0x0000000081300000| Updating 
|  20|0x0000000081400000, 0x0000000081500000, 0x0000000081500000|100%| O|  |TAMS 0x0000000081500000, 0x0000000081400000| Updating 
|  21|0x0000000081500000, 0x0000000081600000, 0x0000000081600000|100%| O|  |TAMS 0x0000000081600000, 0x0000000081500000| Updating 
|  22|0x0000000081600000, 0x0000000081700000, 0x0000000081700000|100%| O|  |TAMS 0x0000000081700000, 0x0000000081600000| Updating 
|  23|0x0000000081700000, 0x0000000081800000, 0x0000000081800000|100%| O|  |TAMS 0x0000000081800000, 0x0000000081700000| Updating 
|  24|0x0000000081800000, 0x0000000081900000, 0x0000000081900000|100%| O|  |TAMS 0x0000000081900000, 0x0000000081800000| Updating 
|  25|0x0000000081900000, 0x0000000081a00000, 0x0000000081a00000|100%| O|  |TAMS 0x0000000081a00000, 0x0000000081900000| Updating 
|  26|0x0000000081a00000, 0x0000000081b00000, 0x0000000081b00000|100%|HS|  |TAMS 0x0000000081b00000, 0x0000000081a00000| Complete 
|  27|0x0000000081b00000, 0x0000000081c00000, 0x0000000081c00000|100%|HS|  |TAMS 0x0000000081c00000, 0x0000000081b00000| Complete 
|  28|0x0000000081c00000, 0x0000000081d00000, 0x0000000081d00000|100%| O|  |TAMS 0x0000000081d00000, 0x0000000081c00000| Updating 
|  29|0x0000000081d00000, 0x0000000081e00000, 0x0000000081e00000|100%| O|  |TAMS 0x0000000081e00000, 0x0000000081d00000| Updating 
|  30|0x0000000081e00000, 0x0000000081f00000, 0x0000000081f00000|100%| O|  |TAMS 0x0000000081f00000, 0x0000000081e00000| Updating 
|  31|0x0000000081f00000, 0x0000000082000000, 0x0000000082000000|100%| O|  |TAMS 0x0000000082000000, 0x0000000081f00000| Updating 
|  32|0x0000000082000000, 0x0000000082100000, 0x0000000082100000|100%|HS|  |TAMS 0x0000000082100000, 0x0000000082000000| Complete 
|  33|0x0000000082100000, 0x0000000082200000, 0x0000000082200000|100%|HC|  |TAMS 0x0000000082200000, 0x0000000082100000| Complete 
|  34|0x0000000082200000, 0x0000000082300000, 0x0000000082300000|100%| O|  |TAMS 0x0000000082300000, 0x0000000082200000| Updating 
|  35|0x0000000082300000, 0x0000000082400000, 0x0000000082400000|100%| O|  |TAMS 0x0000000082400000, 0x0000000082300000| Updating 
|  36|0x0000000082400000, 0x0000000082500000, 0x0000000082500000|100%| O|  |TAMS 0x0000000082500000, 0x0000000082400000| Updating 
|  37|0x0000000082500000, 0x0000000082600000, 0x0000000082600000|100%| O|  |TAMS 0x0000000082600000, 0x0000000082500000| Updating 
|  38|0x0000000082600000, 0x0000000082700000, 0x0000000082700000|100%|HS|  |TAMS 0x0000000082700000, 0x0000000082600000| Complete 
|  39|0x0000000082700000, 0x0000000082800000, 0x0000000082800000|100%|HC|  |TAMS 0x0000000082800000, 0x0000000082700000| Complete 
|  40|0x0000000082800000, 0x0000000082900000, 0x0000000082900000|100%| O|  |TAMS 0x0000000082900000, 0x0000000082800000| Updating 
|  41|0x0000000082900000, 0x0000000082a00000, 0x0000000082a00000|100%| O|  |TAMS 0x0000000082a00000, 0x0000000082900000| Updating 
|  42|0x0000000082a00000, 0x0000000082b00000, 0x0000000082b00000|100%| O|  |TAMS 0x0000000082b00000, 0x0000000082a00000| Updating 
|  43|0x0000000082b00000, 0x0000000082c00000, 0x0000000082c00000|100%| O|  |TAMS 0x0000000082c00000, 0x0000000082b00000| Updating 
|  44|0x0000000082c00000, 0x0000000082d00000, 0x0000000082d00000|100%| O|  |TAMS 0x0000000082d00000, 0x0000000082c00000| Updating 
|  45|0x0000000082d00000, 0x0000000082e00000, 0x0000000082e00000|100%| O|  |TAMS 0x0000000082e00000, 0x0000000082d00000| Updating 
|  46|0x0000000082e00000, 0x0000000082f00000, 0x0000000082f00000|100%| O|  |TAMS 0x0000000082f00000, 0x0000000082e00000| Updating 
|  47|0x0000000082f00000, 0x0000000083000000, 0x0000000083000000|100%| O|  |TAMS 0x0000000083000000, 0x0000000082f00000| Updating 
|  48|0x0000000083000000, 0x0000000083100000, 0x0000000083100000|100%| O|  |TAMS 0x0000000083100000, 0x0000000083000000| Updating 
|  49|0x0000000083100000, 0x0000000083200000, 0x0000000083200000|100%| O|  |TAMS 0x0000000083200000, 0x0000000083100000| Updating 
|  50|0x0000000083200000, 0x0000000083300000, 0x0000000083300000|100%| O|  |TAMS 0x0000000083300000, 0x0000000083200000| Updating 
|  51|0x0000000083300000, 0x0000000083400000, 0x0000000083400000|100%| O|  |TAMS 0x0000000083400000, 0x0000000083300000| Updating 
|  52|0x0000000083400000, 0x0000000083500000, 0x0000000083500000|100%| O|  |TAMS 0x0000000083500000, 0x0000000083400000| Updating 
|  53|0x0000000083500000, 0x0000000083600000, 0x0000000083600000|100%| O|  |TAMS 0x0000000083600000, 0x0000000083500000| Updating 
|  54|0x0000000083600000, 0x0000000083700000, 0x0000000083700000|100%| O|  |TAMS 0x0000000083700000, 0x0000000083600000| Updating 
|  55|0x0000000083700000, 0x0000000083800000, 0x0000000083800000|100%| O|  |TAMS 0x0000000083800000, 0x0000000083700000| Updating 
|  56|0x0000000083800000, 0x0000000083900000, 0x0000000083900000|100%| O|  |TAMS 0x0000000083900000, 0x0000000083800000| Updating 
|  57|0x0000000083900000, 0x0000000083a00000, 0x0000000083a00000|100%| O|  |TAMS 0x0000000083a00000, 0x0000000083900000| Updating 
|  58|0x0000000083a00000, 0x0000000083b00000, 0x0000000083b00000|100%| O|  |TAMS 0x0000000083b00000, 0x0000000083a00000| Updating 
|  59|0x0000000083b00000, 0x0000000083c00000, 0x0000000083c00000|100%| O|  |TAMS 0x0000000083c00000, 0x0000000083b00000| Updating 
|  60|0x0000000083c00000, 0x0000000083d00000, 0x0000000083d00000|100%| O|  |TAMS 0x0000000083d00000, 0x0000000083c00000| Updating 
|  61|0x0000000083d00000, 0x0000000083e00000, 0x0000000083e00000|100%| O|  |TAMS 0x0000000083e00000, 0x0000000083d00000| Updating 
|  62|0x0000000083e00000, 0x0000000083f00000, 0x0000000083f00000|100%| O|  |TAMS 0x0000000083f00000, 0x0000000083e00000| Updating 
|  63|0x0000000083f00000, 0x0000000084000000, 0x0000000084000000|100%| O|  |TAMS 0x0000000084000000, 0x0000000083f00000| Updating 
|  64|0x0000000084000000, 0x0000000084100000, 0x0000000084100000|100%| O|  |TAMS 0x0000000084100000, 0x0000000084000000| Updating 
|  65|0x0000000084100000, 0x0000000084200000, 0x0000000084200000|100%| O|  |TAMS 0x0000000084200000, 0x0000000084100000| Updating 
|  66|0x0000000084200000, 0x0000000084300000, 0x0000000084300000|100%| O|  |TAMS 0x0000000084300000, 0x0000000084200000| Updating 
|  67|0x0000000084300000, 0x0000000084400000, 0x0000000084400000|100%| O|  |TAMS 0x0000000084400000, 0x0000000084300000| Updating 
|  68|0x0000000084400000, 0x0000000084500000, 0x0000000084500000|100%| O|  |TAMS 0x0000000084500000, 0x0000000084400000| Updating 
|  69|0x0000000084500000, 0x0000000084600000, 0x0000000084600000|100%| O|  |TAMS 0x0000000084600000, 0x0000000084500000| Updating 
|  70|0x0000000084600000, 0x0000000084700000, 0x0000000084700000|100%| O|  |TAMS 0x0000000084700000, 0x0000000084600000| Updating 
|  71|0x0000000084700000, 0x0000000084800000, 0x0000000084800000|100%| O|  |TAMS 0x0000000084800000, 0x0000000084700000| Updating 
|  72|0x0000000084800000, 0x0000000084900000, 0x0000000084900000|100%| O|  |TAMS 0x0000000084900000, 0x0000000084800000| Updating 
|  73|0x0000000084900000, 0x0000000084a00000, 0x0000000084a00000|100%| O|  |TAMS 0x0000000084a00000, 0x0000000084900000| Updating 
|  74|0x0000000084a00000, 0x0000000084b00000, 0x0000000084b00000|100%| O|  |TAMS 0x0000000084b00000, 0x0000000084a00000| Updating 
|  75|0x0000000084b00000, 0x0000000084c00000, 0x0000000084c00000|100%| O|  |TAMS 0x0000000084c00000, 0x0000000084b00000| Updating 
|  76|0x0000000084c00000, 0x0000000084d00000, 0x0000000084d00000|100%| O|  |TAMS 0x0000000084d00000, 0x0000000084c00000| Updating 
|  77|0x0000000084d00000, 0x0000000084e00000, 0x0000000084e00000|100%| O|  |TAMS 0x0000000084e00000, 0x0000000084d00000| Updating 
|  78|0x0000000084e00000, 0x0000000084f00000, 0x0000000084f00000|100%| O|  |TAMS 0x0000000084f00000, 0x0000000084e00000| Updating 
|  79|0x0000000084f00000, 0x0000000085000000, 0x0000000085000000|100%| O|  |TAMS 0x0000000085000000, 0x0000000084f00000| Updating 
|  80|0x0000000085000000, 0x0000000085100000, 0x0000000085100000|100%|HS|  |TAMS 0x0000000085100000, 0x0000000085000000| Complete 
|  81|0x0000000085100000, 0x0000000085200000, 0x0000000085200000|100%|HC|  |TAMS 0x0000000085200000, 0x0000000085100000| Complete 
|  82|0x0000000085200000, 0x0000000085300000, 0x0000000085300000|100%| O|  |TAMS 0x0000000085300000, 0x0000000085200000| Updating 
|  83|0x0000000085300000, 0x0000000085400000, 0x0000000085400000|100%| O|  |TAMS 0x0000000085400000, 0x0000000085300000| Updating 
|  84|0x0000000085400000, 0x0000000085500000, 0x0000000085500000|100%| O|  |TAMS 0x0000000085500000, 0x0000000085400000| Updating 
|  85|0x0000000085500000, 0x0000000085600000, 0x0000000085600000|100%| O|  |TAMS 0x0000000085600000, 0x0000000085500000| Updating 
|  86|0x0000000085600000, 0x0000000085700000, 0x0000000085700000|100%| O|  |TAMS 0x0000000085700000, 0x0000000085600000| Updating 
|  87|0x0000000085700000, 0x0000000085800000, 0x0000000085800000|100%| O|  |TAMS 0x0000000085800000, 0x0000000085700000| Updating 
|  88|0x0000000085800000, 0x0000000085900000, 0x0000000085900000|100%|HS|  |TAMS 0x0000000085900000, 0x0000000085800000| Complete 
|  89|0x0000000085900000, 0x0000000085a00000, 0x0000000085a00000|100%|HC|  |TAMS 0x0000000085a00000, 0x0000000085900000| Complete 
|  90|0x0000000085a00000, 0x0000000085b00000, 0x0000000085b00000|100%|HC|  |TAMS 0x0000000085b00000, 0x0000000085a00000| Complete 
|  91|0x0000000085b00000, 0x0000000085c00000, 0x0000000085c00000|100%|HS|  |TAMS 0x0000000085c00000, 0x0000000085b00000| Complete 
|  92|0x0000000085c00000, 0x0000000085d00000, 0x0000000085d00000|100%|HC|  |TAMS 0x0000000085d00000, 0x0000000085c00000| Complete 
|  93|0x0000000085d00000, 0x0000000085e00000, 0x0000000085e00000|100%|HC|  |TAMS 0x0000000085e00000, 0x0000000085d00000| Complete 
|  94|0x0000000085e00000, 0x0000000085f00000, 0x0000000085f00000|100%|HC|  |TAMS 0x0000000085f00000, 0x0000000085e00000| Complete 
|  95|0x0000000085f00000, 0x0000000086000000, 0x0000000086000000|100%|HC|  |TAMS 0x0000000086000000, 0x0000000085f00000| Complete 
|  96|0x0000000086000000, 0x0000000086100000, 0x0000000086100000|100%| O|  |TAMS 0x0000000086100000, 0x0000000086000000| Updating 
|  97|0x0000000086100000, 0x0000000086200000, 0x0000000086200000|100%| O|  |TAMS 0x0000000086200000, 0x0000000086100000| Updating 
|  98|0x0000000086200000, 0x0000000086300000, 0x0000000086300000|100%| O|  |TAMS 0x0000000086300000, 0x0000000086200000| Updating 
|  99|0x0000000086300000, 0x0000000086400000, 0x0000000086400000|100%| O|  |TAMS 0x0000000086400000, 0x0000000086300000| Updating 
| 100|0x0000000086400000, 0x0000000086500000, 0x0000000086500000|100%| O|  |TAMS 0x0000000086500000, 0x0000000086400000| Updating 
| 101|0x0000000086500000, 0x0000000086600000, 0x0000000086600000|100%| O|  |TAMS 0x0000000086600000, 0x0000000086500000| Updating 
| 102|0x0000000086600000, 0x0000000086700000, 0x0000000086700000|100%| O|  |TAMS 0x0000000086700000, 0x0000000086600000| Updating 
| 103|0x0000000086700000, 0x0000000086800000, 0x0000000086800000|100%| O|  |TAMS 0x0000000086800000, 0x0000000086700000| Updating 
| 104|0x0000000086800000, 0x0000000086900000, 0x0000000086900000|100%| O|  |TAMS 0x0000000086900000, 0x0000000086800000| Updating 
| 105|0x0000000086900000, 0x0000000086a00000, 0x0000000086a00000|100%| O|  |TAMS 0x0000000086a00000, 0x0000000086900000| Updating 
| 106|0x0000000086a00000, 0x0000000086b00000, 0x0000000086b00000|100%| O|  |TAMS 0x0000000086b00000, 0x0000000086a00000| Updating 
| 107|0x0000000086b00000, 0x0000000086c00000, 0x0000000086c00000|100%| O|  |TAMS 0x0000000086c00000, 0x0000000086b00000| Updating 
| 108|0x0000000086c00000, 0x0000000086d00000, 0x0000000086d00000|100%| O|  |TAMS 0x0000000086d00000, 0x0000000086c00000| Updating 
| 109|0x0000000086d00000, 0x0000000086e00000, 0x0000000086e00000|100%| O|  |TAMS 0x0000000086e00000, 0x0000000086d00000| Updating 
| 110|0x0000000086e00000, 0x0000000086f00000, 0x0000000086f00000|100%| O|  |TAMS 0x0000000086f00000, 0x0000000086e00000| Updating 
| 111|0x0000000086f00000, 0x0000000087000000, 0x0000000087000000|100%| O|  |TAMS 0x0000000087000000, 0x0000000086f00000| Updating 
| 112|0x0000000087000000, 0x0000000087100000, 0x0000000087100000|100%| O|  |TAMS 0x0000000087100000, 0x0000000087000000| Updating 
| 113|0x0000000087100000, 0x0000000087200000, 0x0000000087200000|100%| O|  |TAMS 0x0000000087200000, 0x0000000087100000| Updating 
| 114|0x0000000087200000, 0x0000000087300000, 0x0000000087300000|100%| O|  |TAMS 0x0000000087300000, 0x0000000087200000| Updating 
| 115|0x0000000087300000, 0x0000000087400000, 0x0000000087400000|100%|HS|  |TAMS 0x0000000087400000, 0x0000000087300000| Complete 
| 116|0x0000000087400000, 0x0000000087500000, 0x0000000087500000|100%|HC|  |TAMS 0x0000000087500000, 0x0000000087400000| Complete 
| 117|0x0000000087500000, 0x0000000087600000, 0x0000000087600000|100%|HC|  |TAMS 0x0000000087600000, 0x0000000087500000| Complete 
| 118|0x0000000087600000, 0x0000000087700000, 0x0000000087700000|100%| O|  |TAMS 0x0000000087700000, 0x0000000087600000| Updating 
| 119|0x0000000087700000, 0x0000000087800000, 0x0000000087800000|100%|HS|  |TAMS 0x0000000087800000, 0x0000000087700000| Complete 
| 120|0x0000000087800000, 0x0000000087900000, 0x0000000087900000|100%|HC|  |TAMS 0x0000000087900000, 0x0000000087800000| Complete 
| 121|0x0000000087900000, 0x0000000087a00000, 0x0000000087a00000|100%|HC|  |TAMS 0x0000000087a00000, 0x0000000087900000| Complete 
| 122|0x0000000087a00000, 0x0000000087b00000, 0x0000000087b00000|100%|HC|  |TAMS 0x0000000087b00000, 0x0000000087a00000| Complete 
| 123|0x0000000087b00000, 0x0000000087c00000, 0x0000000087c00000|100%|HC|  |TAMS 0x0000000087c00000, 0x0000000087b00000| Complete 
| 124|0x0000000087c00000, 0x0000000087d00000, 0x0000000087d00000|100%| O|  |TAMS 0x0000000087cbf200, 0x0000000087c00000| Updating 
| 125|0x0000000087d00000, 0x0000000087e00000, 0x0000000087e00000|100%| O|  |TAMS 0x0000000087e00000, 0x0000000087d00000| Updating 
| 126|0x0000000087e00000, 0x0000000087f00000, 0x0000000087f00000|100%| O|  |TAMS 0x0000000087f00000, 0x0000000087e00000| Updating 
| 127|0x0000000087f00000, 0x0000000088000000, 0x0000000088000000|100%| O|  |TAMS 0x0000000088000000, 0x0000000087f00000| Updating 
| 128|0x0000000088000000, 0x0000000088100000, 0x0000000088100000|100%| O|  |TAMS 0x0000000088100000, 0x0000000088000000| Updating 
| 129|0x0000000088100000, 0x0000000088200000, 0x0000000088200000|100%| O|  |TAMS 0x0000000088200000, 0x0000000088100000| Updating 
| 130|0x0000000088200000, 0x0000000088300000, 0x0000000088300000|100%| O|  |TAMS 0x0000000088300000, 0x0000000088200000| Updating 
| 131|0x0000000088300000, 0x0000000088400000, 0x0000000088400000|100%| O|  |TAMS 0x0000000088400000, 0x0000000088300000| Updating 
| 132|0x0000000088400000, 0x0000000088500000, 0x0000000088500000|100%| O|  |TAMS 0x0000000088500000, 0x0000000088400000| Updating 
| 133|0x0000000088500000, 0x0000000088600000, 0x0000000088600000|100%| O|  |TAMS 0x0000000088600000, 0x0000000088500000| Updating 
| 134|0x0000000088600000, 0x0000000088700000, 0x0000000088700000|100%| O|  |TAMS 0x0000000088700000, 0x0000000088600000| Updating 
| 135|0x0000000088700000, 0x0000000088800000, 0x0000000088800000|100%| O|  |TAMS 0x0000000088800000, 0x0000000088700000| Updating 
| 136|0x0000000088800000, 0x0000000088900000, 0x0000000088900000|100%| O|  |TAMS 0x0000000088900000, 0x0000000088800000| Updating 
| 137|0x0000000088900000, 0x0000000088a00000, 0x0000000088a00000|100%| O|  |TAMS 0x0000000088a00000, 0x0000000088900000| Updating 
| 138|0x0000000088a00000, 0x0000000088b00000, 0x0000000088b00000|100%| O|  |TAMS 0x0000000088b00000, 0x0000000088a00000| Updating 
| 139|0x0000000088b00000, 0x0000000088c00000, 0x0000000088c00000|100%| O|  |TAMS 0x0000000088b00000, 0x0000000088b00000| Untracked 
| 140|0x0000000088c00000, 0x0000000088d00000, 0x0000000088d00000|100%| O|  |TAMS 0x0000000088d00000, 0x0000000088c00000| Updating 
| 141|0x0000000088d00000, 0x0000000088e00000, 0x0000000088e00000|100%| O|  |TAMS 0x0000000088e00000, 0x0000000088d00000| Updating 
| 142|0x0000000088e00000, 0x0000000088f00000, 0x0000000088f00000|100%| O|  |TAMS 0x0000000088f00000, 0x0000000088e00000| Updating 
| 143|0x0000000088f00000, 0x0000000089000000, 0x0000000089000000|100%| O|  |TAMS 0x0000000089000000, 0x0000000088f00000| Updating 
| 144|0x0000000089000000, 0x0000000089100000, 0x0000000089100000|100%| O|  |TAMS 0x0000000089100000, 0x0000000089000000| Updating 
| 145|0x0000000089100000, 0x0000000089200000, 0x0000000089200000|100%| O|  |TAMS 0x0000000089200000, 0x0000000089100000| Updating 
| 146|0x0000000089200000, 0x0000000089300000, 0x0000000089300000|100%| O|  |TAMS 0x0000000089300000, 0x0000000089200000| Updating 
| 147|0x0000000089300000, 0x0000000089400000, 0x0000000089400000|100%| O|  |TAMS 0x0000000089400000, 0x0000000089300000| Updating 
| 148|0x0000000089400000, 0x0000000089500000, 0x0000000089500000|100%| O|  |TAMS 0x0000000089500000, 0x0000000089400000| Updating 
| 149|0x0000000089500000, 0x0000000089600000, 0x0000000089600000|100%| O|  |TAMS 0x0000000089600000, 0x0000000089500000| Updating 
| 150|0x0000000089600000, 0x0000000089700000, 0x0000000089700000|100%| O|  |TAMS 0x0000000089700000, 0x0000000089600000| Updating 
| 151|0x0000000089700000, 0x0000000089800000, 0x0000000089800000|100%| O|  |TAMS 0x0000000089800000, 0x0000000089700000| Updating 
| 152|0x0000000089800000, 0x0000000089900000, 0x0000000089900000|100%| O|  |TAMS 0x0000000089900000, 0x0000000089800000| Updating 
| 153|0x0000000089900000, 0x0000000089a00000, 0x0000000089a00000|100%| O|  |TAMS 0x0000000089900000, 0x0000000089900000| Untracked 
| 154|0x0000000089a00000, 0x0000000089b00000, 0x0000000089b00000|100%| O|  |TAMS 0x0000000089a00000, 0x0000000089a00000| Untracked 
| 155|0x0000000089b00000, 0x0000000089c00000, 0x0000000089c00000|100%| O|  |TAMS 0x0000000089b00000, 0x0000000089b00000| Untracked 
| 156|0x0000000089c00000, 0x0000000089d00000, 0x0000000089d00000|100%| O|  |TAMS 0x0000000089c00000, 0x0000000089c00000| Untracked 
| 157|0x0000000089d00000, 0x0000000089e00000, 0x0000000089e00000|100%| O|  |TAMS 0x0000000089d00000, 0x0000000089d00000| Untracked 
| 158|0x0000000089e00000, 0x0000000089f00000, 0x0000000089f00000|100%| O|  |TAMS 0x0000000089e00000, 0x0000000089e00000| Untracked 
| 159|0x0000000089f00000, 0x000000008a000000, 0x000000008a000000|100%| O|  |TAMS 0x000000008a000000, 0x0000000089f00000| Updating 
| 160|0x000000008a000000, 0x000000008a100000, 0x000000008a100000|100%| O|  |TAMS 0x000000008a100000, 0x000000008a000000| Updating 
| 161|0x000000008a100000, 0x000000008a200000, 0x000000008a200000|100%| O|  |TAMS 0x000000008a100000, 0x000000008a100000| Untracked 
| 162|0x000000008a200000, 0x000000008a300000, 0x000000008a300000|100%| O|  |TAMS 0x000000008a200000, 0x000000008a200000| Untracked 
| 163|0x000000008a300000, 0x000000008a400000, 0x000000008a400000|100%| O|  |TAMS 0x000000008a300000, 0x000000008a300000| Untracked 
| 164|0x000000008a400000, 0x000000008a500000, 0x000000008a500000|100%| O|  |TAMS 0x000000008a400000, 0x000000008a400000| Untracked 
| 165|0x000000008a500000, 0x000000008a600000, 0x000000008a600000|100%| O|  |TAMS 0x000000008a500000, 0x000000008a500000| Untracked 
| 166|0x000000008a600000, 0x000000008a700000, 0x000000008a700000|100%| O|  |TAMS 0x000000008a700000, 0x000000008a600000| Updating 
| 167|0x000000008a700000, 0x000000008a800000, 0x000000008a800000|100%| O|  |TAMS 0x000000008a700000, 0x000000008a700000| Untracked 
| 168|0x000000008a800000, 0x000000008a900000, 0x000000008a900000|100%| O|  |TAMS 0x000000008a900000, 0x000000008a800000| Updating 
| 169|0x000000008a900000, 0x000000008aa00000, 0x000000008aa00000|100%| O|  |TAMS 0x000000008aa00000, 0x000000008a900000| Updating 
| 170|0x000000008aa00000, 0x000000008ab00000, 0x000000008ab00000|100%| O|  |TAMS 0x000000008aa00000, 0x000000008aa00000| Untracked 
| 171|0x000000008ab00000, 0x000000008ac00000, 0x000000008ac00000|100%| O|  |TAMS 0x000000008ab00000, 0x000000008ab00000| Untracked 
| 172|0x000000008ac00000, 0x000000008ad00000, 0x000000008ad00000|100%| O|  |TAMS 0x000000008ac00000, 0x000000008ac00000| Untracked 
| 173|0x000000008ad00000, 0x000000008ae00000, 0x000000008ae00000|100%| O|  |TAMS 0x000000008ad00000, 0x000000008ad00000| Untracked 
| 174|0x000000008ae00000, 0x000000008af00000, 0x000000008af00000|100%| O|  |TAMS 0x000000008ae00000, 0x000000008ae00000| Untracked 
| 175|0x000000008af00000, 0x000000008b000000, 0x000000008b000000|100%| O|  |TAMS 0x000000008af00000, 0x000000008af00000| Untracked 
| 176|0x000000008b000000, 0x000000008b100000, 0x000000008b100000|100%| O|  |TAMS 0x000000008b000000, 0x000000008b000000| Untracked 
| 177|0x000000008b100000, 0x000000008b200000, 0x000000008b200000|100%| O|  |TAMS 0x000000008b100000, 0x000000008b100000| Untracked 
| 178|0x000000008b200000, 0x000000008b300000, 0x000000008b300000|100%| O|  |TAMS 0x000000008b200000, 0x000000008b200000| Untracked 
| 179|0x000000008b300000, 0x000000008b400000, 0x000000008b400000|100%| O|  |TAMS 0x000000008b300000, 0x000000008b300000| Untracked 
| 180|0x000000008b400000, 0x000000008b500000, 0x000000008b500000|100%| O|  |TAMS 0x000000008b400000, 0x000000008b400000| Untracked 
| 181|0x000000008b500000, 0x000000008b600000, 0x000000008b600000|100%| O|  |TAMS 0x000000008b500000, 0x000000008b500000| Untracked 
| 182|0x000000008b600000, 0x000000008b700000, 0x000000008b700000|100%| O|  |TAMS 0x000000008b600000, 0x000000008b600000| Untracked 
| 183|0x000000008b700000, 0x000000008b800000, 0x000000008b800000|100%| O|  |TAMS 0x000000008b700000, 0x000000008b700000| Untracked 
| 184|0x000000008b800000, 0x000000008b900000, 0x000000008b900000|100%| O|  |TAMS 0x000000008b800000, 0x000000008b800000| Untracked 
| 185|0x000000008b900000, 0x000000008ba00000, 0x000000008ba00000|100%| O|  |TAMS 0x000000008b900000, 0x000000008b900000| Untracked 
| 186|0x000000008ba00000, 0x000000008bb00000, 0x000000008bb00000|100%| O|  |TAMS 0x000000008ba00000, 0x000000008ba00000| Untracked 
| 187|0x000000008bb00000, 0x000000008bc00000, 0x000000008bc00000|100%|HS|  |TAMS 0x000000008bb00000, 0x000000008bb00000| Complete 
| 188|0x000000008bc00000, 0x000000008bc00000, 0x000000008bd00000|  0%| F|  |TAMS 0x000000008bc00000, 0x000000008bc00000| Untracked 
| 189|0x000000008bd00000, 0x000000008bd00000, 0x000000008be00000|  0%| F|  |TAMS 0x000000008bd00000, 0x000000008bd00000| Untracked 
| 190|0x000000008be00000, 0x000000008be00000, 0x000000008bf00000|  0%| F|  |TAMS 0x000000008be00000, 0x000000008be00000| Untracked 
| 191|0x000000008bf00000, 0x000000008bf00000, 0x000000008c000000|  0%| F|  |TAMS 0x000000008bf00000, 0x000000008bf00000| Untracked 
| 192|0x000000008c000000, 0x000000008c000000, 0x000000008c100000|  0%| F|  |TAMS 0x000000008c000000, 0x000000008c000000| Untracked 
| 193|0x000000008c100000, 0x000000008c100000, 0x000000008c200000|  0%| F|  |TAMS 0x000000008c100000, 0x000000008c100000| Untracked 
| 194|0x000000008c200000, 0x000000008c200000, 0x000000008c300000|  0%| F|  |TAMS 0x000000008c200000, 0x000000008c200000| Untracked 
| 195|0x000000008c300000, 0x000000008c300000, 0x000000008c400000|  0%| F|  |TAMS 0x000000008c300000, 0x000000008c300000| Untracked 
| 196|0x000000008c400000, 0x000000008c400000, 0x000000008c500000|  0%| F|  |TAMS 0x000000008c400000, 0x000000008c400000| Untracked 
| 197|0x000000008c500000, 0x000000008c500000, 0x000000008c600000|  0%| F|  |TAMS 0x000000008c500000, 0x000000008c500000| Untracked 
| 198|0x000000008c600000, 0x000000008c600000, 0x000000008c700000|  0%| F|  |TAMS 0x000000008c600000, 0x000000008c600000| Untracked 
| 199|0x000000008c700000, 0x000000008c700000, 0x000000008c800000|  0%| F|  |TAMS 0x000000008c700000, 0x000000008c700000| Untracked 
| 200|0x000000008c800000, 0x000000008c800000, 0x000000008c900000|  0%| F|  |TAMS 0x000000008c800000, 0x000000008c800000| Untracked 
| 201|0x000000008c900000, 0x000000008c9b2400, 0x000000008ca00000| 69%| O|  |TAMS 0x000000008c900000, 0x000000008c900000| Updating 
| 202|0x000000008ca00000, 0x000000008ca00000, 0x000000008cb00000|  0%| F|  |TAMS 0x000000008ca00000, 0x000000008ca00000| Untracked 
| 203|0x000000008cb00000, 0x000000008cb00000, 0x000000008cc00000|  0%| F|  |TAMS 0x000000008cb00000, 0x000000008cb00000| Untracked 
| 204|0x000000008cc00000, 0x000000008cc00000, 0x000000008cd00000|  0%| F|  |TAMS 0x000000008cc00000, 0x000000008cc00000| Untracked 
| 205|0x000000008cd00000, 0x000000008cd00000, 0x000000008ce00000|  0%| F|  |TAMS 0x000000008cd00000, 0x000000008cd00000| Untracked 
| 206|0x000000008ce00000, 0x000000008ce00000, 0x000000008cf00000|  0%| F|  |TAMS 0x000000008ce00000, 0x000000008ce00000| Untracked 
| 207|0x000000008cf00000, 0x000000008cf00000, 0x000000008d000000|  0%| F|  |TAMS 0x000000008cf00000, 0x000000008cf00000| Untracked 
| 208|0x000000008d000000, 0x000000008d000000, 0x000000008d100000|  0%| F|  |TAMS 0x000000008d000000, 0x000000008d000000| Untracked 
| 209|0x000000008d100000, 0x000000008d100000, 0x000000008d200000|  0%| F|  |TAMS 0x000000008d100000, 0x000000008d100000| Untracked 
| 210|0x000000008d200000, 0x000000008d200000, 0x000000008d300000|  0%| F|  |TAMS 0x000000008d200000, 0x000000008d200000| Untracked 
| 211|0x000000008d300000, 0x000000008d300000, 0x000000008d400000|  0%| F|  |TAMS 0x000000008d300000, 0x000000008d300000| Untracked 
| 212|0x000000008d400000, 0x000000008d400000, 0x000000008d500000|  0%| F|  |TAMS 0x000000008d400000, 0x000000008d400000| Untracked 
| 213|0x000000008d500000, 0x000000008d500000, 0x000000008d600000|  0%| F|  |TAMS 0x000000008d500000, 0x000000008d500000| Untracked 
| 214|0x000000008d600000, 0x000000008d600000, 0x000000008d700000|  0%| F|  |TAMS 0x000000008d600000, 0x000000008d600000| Untracked 
| 215|0x000000008d700000, 0x000000008d700000, 0x000000008d800000|  0%| F|  |TAMS 0x000000008d700000, 0x000000008d700000| Untracked 
| 216|0x000000008d800000, 0x000000008d800000, 0x000000008d900000|  0%| F|  |TAMS 0x000000008d800000, 0x000000008d800000| Untracked 
| 217|0x000000008d900000, 0x000000008d900000, 0x000000008da00000|  0%| F|  |TAMS 0x000000008d900000, 0x000000008d900000| Untracked 
| 218|0x000000008da00000, 0x000000008da00000, 0x000000008db00000|  0%| F|  |TAMS 0x000000008da00000, 0x000000008da00000| Untracked 
| 219|0x000000008db00000, 0x000000008db00000, 0x000000008dc00000|  0%| F|  |TAMS 0x000000008db00000, 0x000000008db00000| Untracked 
| 220|0x000000008dc00000, 0x000000008dc00000, 0x000000008dd00000|  0%| F|  |TAMS 0x000000008dc00000, 0x000000008dc00000| Untracked 
| 221|0x000000008dd00000, 0x000000008dd00000, 0x000000008de00000|  0%| F|  |TAMS 0x000000008dd00000, 0x000000008dd00000| Untracked 
| 222|0x000000008de00000, 0x000000008de00000, 0x000000008df00000|  0%| F|  |TAMS 0x000000008de00000, 0x000000008de00000| Untracked 
| 223|0x000000008df00000, 0x000000008df00000, 0x000000008e000000|  0%| F|  |TAMS 0x000000008df00000, 0x000000008df00000| Untracked 
| 224|0x000000008e000000, 0x000000008e000000, 0x000000008e100000|  0%| F|  |TAMS 0x000000008e000000, 0x000000008e000000| Untracked 
| 225|0x000000008e100000, 0x000000008e100000, 0x000000008e200000|  0%| F|  |TAMS 0x000000008e100000, 0x000000008e100000| Untracked 
| 226|0x000000008e200000, 0x000000008e200000, 0x000000008e300000|  0%| F|  |TAMS 0x000000008e200000, 0x000000008e200000| Untracked 
| 227|0x000000008e300000, 0x000000008e300000, 0x000000008e400000|  0%| F|  |TAMS 0x000000008e300000, 0x000000008e300000| Untracked 
| 228|0x000000008e400000, 0x000000008e400000, 0x000000008e500000|  0%| F|  |TAMS 0x000000008e400000, 0x000000008e400000| Untracked 
| 229|0x000000008e500000, 0x000000008e500000, 0x000000008e600000|  0%| F|  |TAMS 0x000000008e500000, 0x000000008e500000| Untracked 
| 230|0x000000008e600000, 0x000000008e600000, 0x000000008e700000|  0%| F|  |TAMS 0x000000008e600000, 0x000000008e600000| Untracked 
| 231|0x000000008e700000, 0x000000008e700000, 0x000000008e800000|  0%| F|  |TAMS 0x000000008e700000, 0x000000008e700000| Untracked 
| 232|0x000000008e800000, 0x000000008e800000, 0x000000008e900000|  0%| F|  |TAMS 0x000000008e800000, 0x000000008e800000| Untracked 
| 233|0x000000008e900000, 0x000000008e900000, 0x000000008ea00000|  0%| F|  |TAMS 0x000000008e900000, 0x000000008e900000| Untracked 
| 234|0x000000008ea00000, 0x000000008ea00000, 0x000000008eb00000|  0%| F|  |TAMS 0x000000008ea00000, 0x000000008ea00000| Untracked 
| 235|0x000000008eb00000, 0x000000008eb00000, 0x000000008ec00000|  0%| F|  |TAMS 0x000000008eb00000, 0x000000008eb00000| Untracked 
| 236|0x000000008ec00000, 0x000000008ec00000, 0x000000008ed00000|  0%| F|  |TAMS 0x000000008ec00000, 0x000000008ec00000| Untracked 
| 237|0x000000008ed00000, 0x000000008ed00000, 0x000000008ee00000|  0%| F|  |TAMS 0x000000008ed00000, 0x000000008ed00000| Untracked 
| 238|0x000000008ee00000, 0x000000008ee00000, 0x000000008ef00000|  0%| F|  |TAMS 0x000000008ee00000, 0x000000008ee00000| Untracked 
| 239|0x000000008ef00000, 0x000000008ef00000, 0x000000008f000000|  0%| F|  |TAMS 0x000000008ef00000, 0x000000008ef00000| Untracked 
| 240|0x000000008f000000, 0x000000008f000000, 0x000000008f100000|  0%| F|  |TAMS 0x000000008f000000, 0x000000008f000000| Untracked 
| 241|0x000000008f100000, 0x000000008f100000, 0x000000008f200000|  0%| F|  |TAMS 0x000000008f100000, 0x000000008f100000| Untracked 
| 242|0x000000008f200000, 0x000000008f200000, 0x000000008f300000|  0%| F|  |TAMS 0x000000008f200000, 0x000000008f200000| Untracked 
| 243|0x000000008f300000, 0x000000008f300000, 0x000000008f400000|  0%| F|  |TAMS 0x000000008f300000, 0x000000008f300000| Untracked 
| 244|0x000000008f400000, 0x000000008f400000, 0x000000008f500000|  0%| F|  |TAMS 0x000000008f400000, 0x000000008f400000| Untracked 
| 245|0x000000008f500000, 0x000000008f500000, 0x000000008f600000|  0%| F|  |TAMS 0x000000008f500000, 0x000000008f500000| Untracked 
| 246|0x000000008f600000, 0x000000008f600000, 0x000000008f700000|  0%| F|  |TAMS 0x000000008f600000, 0x000000008f600000| Untracked 
| 247|0x000000008f700000, 0x000000008f700000, 0x000000008f800000|  0%| F|  |TAMS 0x000000008f700000, 0x000000008f700000| Untracked 
| 248|0x000000008f800000, 0x000000008f800000, 0x000000008f900000|  0%| F|  |TAMS 0x000000008f800000, 0x000000008f800000| Untracked 
| 249|0x000000008f900000, 0x000000008f900000, 0x000000008fa00000|  0%| F|  |TAMS 0x000000008f900000, 0x000000008f900000| Untracked 
| 250|0x000000008fa00000, 0x000000008fa00000, 0x000000008fb00000|  0%| F|  |TAMS 0x000000008fa00000, 0x000000008fa00000| Untracked 
| 251|0x000000008fb00000, 0x000000008fb00000, 0x000000008fc00000|  0%| F|  |TAMS 0x000000008fb00000, 0x000000008fb00000| Untracked 
| 252|0x000000008fc00000, 0x000000008fc00000, 0x000000008fd00000|  0%| F|  |TAMS 0x000000008fc00000, 0x000000008fc00000| Untracked 
| 253|0x000000008fd00000, 0x000000008fd00000, 0x000000008fe00000|  0%| F|  |TAMS 0x000000008fd00000, 0x000000008fd00000| Untracked 
| 254|0x000000008fe00000, 0x000000008fe00000, 0x000000008ff00000|  0%| F|  |TAMS 0x000000008fe00000, 0x000000008fe00000| Untracked 
| 255|0x000000008ff00000, 0x000000008ff00000, 0x0000000090000000|  0%| F|  |TAMS 0x000000008ff00000, 0x000000008ff00000| Untracked 
| 256|0x0000000090000000, 0x0000000090000000, 0x0000000090100000|  0%| F|  |TAMS 0x0000000090000000, 0x0000000090000000| Untracked 
| 257|0x0000000090100000, 0x0000000090100000, 0x0000000090200000|  0%| F|  |TAMS 0x0000000090100000, 0x0000000090100000| Untracked 
| 258|0x0000000090200000, 0x0000000090300000, 0x0000000090300000|100%| S|CS|TAMS 0x0000000090200000, 0x0000000090200000| Complete 
| 259|0x0000000090300000, 0x0000000090400000, 0x0000000090400000|100%| S|CS|TAMS 0x0000000090300000, 0x0000000090300000| Complete 
| 260|0x0000000090400000, 0x0000000090500000, 0x0000000090500000|100%| S|CS|TAMS 0x0000000090400000, 0x0000000090400000| Complete 
| 261|0x0000000090500000, 0x0000000090600000, 0x0000000090600000|100%| S|CS|TAMS 0x0000000090500000, 0x0000000090500000| Complete 
| 262|0x0000000090600000, 0x0000000090700000, 0x0000000090700000|100%| S|CS|TAMS 0x0000000090600000, 0x0000000090600000| Complete 
| 263|0x0000000090700000, 0x0000000090800000, 0x0000000090800000|100%| S|CS|TAMS 0x0000000090700000, 0x0000000090700000| Complete 
| 264|0x0000000090800000, 0x0000000090900000, 0x0000000090900000|100%| S|CS|TAMS 0x0000000090800000, 0x0000000090800000| Complete 
| 265|0x0000000090900000, 0x0000000090a00000, 0x0000000090a00000|100%| S|CS|TAMS 0x0000000090900000, 0x0000000090900000| Complete 
| 266|0x0000000090a00000, 0x0000000090b00000, 0x0000000090b00000|100%| S|CS|TAMS 0x0000000090a00000, 0x0000000090a00000| Complete 
| 267|0x0000000090b00000, 0x0000000090c00000, 0x0000000090c00000|100%| S|CS|TAMS 0x0000000090b00000, 0x0000000090b00000| Complete 
| 268|0x0000000090c00000, 0x0000000090d00000, 0x0000000090d00000|100%| S|CS|TAMS 0x0000000090c00000, 0x0000000090c00000| Complete 
| 269|0x0000000090d00000, 0x0000000090e00000, 0x0000000090e00000|100%| S|CS|TAMS 0x0000000090d00000, 0x0000000090d00000| Complete 
| 270|0x0000000090e00000, 0x0000000090e00000, 0x0000000090f00000|  0%| F|  |TAMS 0x0000000090e00000, 0x0000000090e00000| Untracked 
| 271|0x0000000090f00000, 0x0000000090f00000, 0x0000000091000000|  0%| F|  |TAMS 0x0000000090f00000, 0x0000000090f00000| Untracked 
| 272|0x0000000091000000, 0x0000000091000000, 0x0000000091100000|  0%| F|  |TAMS 0x0000000091000000, 0x0000000091000000| Untracked 
| 273|0x0000000091100000, 0x0000000091100000, 0x0000000091200000|  0%| F|  |TAMS 0x0000000091100000, 0x0000000091100000| Untracked 
| 274|0x0000000091200000, 0x0000000091200000, 0x0000000091300000|  0%| F|  |TAMS 0x0000000091200000, 0x0000000091200000| Untracked 
| 275|0x0000000091300000, 0x0000000091300000, 0x0000000091400000|  0%| F|  |TAMS 0x0000000091300000, 0x0000000091300000| Untracked 
| 276|0x0000000091400000, 0x0000000091400000, 0x0000000091500000|  0%| F|  |TAMS 0x0000000091400000, 0x0000000091400000| Untracked 
| 277|0x0000000091500000, 0x0000000091500000, 0x0000000091600000|  0%| F|  |TAMS 0x0000000091500000, 0x0000000091500000| Untracked 
| 278|0x0000000091600000, 0x0000000091600000, 0x0000000091700000|  0%| F|  |TAMS 0x0000000091600000, 0x0000000091600000| Untracked 
| 279|0x0000000091700000, 0x0000000091700000, 0x0000000091800000|  0%| F|  |TAMS 0x0000000091700000, 0x0000000091700000| Untracked 
| 280|0x0000000091800000, 0x0000000091800000, 0x0000000091900000|  0%| F|  |TAMS 0x0000000091800000, 0x0000000091800000| Untracked 
| 281|0x0000000091900000, 0x0000000091900000, 0x0000000091a00000|  0%| F|  |TAMS 0x0000000091900000, 0x0000000091900000| Untracked 
| 282|0x0000000091a00000, 0x0000000091a00000, 0x0000000091b00000|  0%| F|  |TAMS 0x0000000091a00000, 0x0000000091a00000| Untracked 
| 283|0x0000000091b00000, 0x0000000091b00000, 0x0000000091c00000|  0%| F|  |TAMS 0x0000000091b00000, 0x0000000091b00000| Untracked 
| 284|0x0000000091c00000, 0x0000000091c00000, 0x0000000091d00000|  0%| F|  |TAMS 0x0000000091c00000, 0x0000000091c00000| Untracked 
| 285|0x0000000091d00000, 0x0000000091d00000, 0x0000000091e00000|  0%| F|  |TAMS 0x0000000091d00000, 0x0000000091d00000| Untracked 
| 286|0x0000000091e00000, 0x0000000091e00000, 0x0000000091f00000|  0%| F|  |TAMS 0x0000000091e00000, 0x0000000091e00000| Untracked 
| 287|0x0000000091f00000, 0x0000000091f00000, 0x0000000092000000|  0%| F|  |TAMS 0x0000000091f00000, 0x0000000091f00000| Untracked 
| 288|0x0000000092000000, 0x0000000092000000, 0x0000000092100000|  0%| F|  |TAMS 0x0000000092000000, 0x0000000092000000| Untracked 
| 289|0x0000000092100000, 0x0000000092100000, 0x0000000092200000|  0%| F|  |TAMS 0x0000000092100000, 0x0000000092100000| Untracked 
| 290|0x0000000092200000, 0x0000000092200000, 0x0000000092300000|  0%| F|  |TAMS 0x0000000092200000, 0x0000000092200000| Untracked 
| 291|0x0000000092300000, 0x0000000092300000, 0x0000000092400000|  0%| F|  |TAMS 0x0000000092300000, 0x0000000092300000| Untracked 
| 292|0x0000000092400000, 0x0000000092400000, 0x0000000092500000|  0%| F|  |TAMS 0x0000000092400000, 0x0000000092400000| Untracked 
| 293|0x0000000092500000, 0x0000000092500000, 0x0000000092600000|  0%| F|  |TAMS 0x0000000092500000, 0x0000000092500000| Untracked 
| 294|0x0000000092600000, 0x0000000092600000, 0x0000000092700000|  0%| F|  |TAMS 0x0000000092600000, 0x0000000092600000| Untracked 
| 295|0x0000000092700000, 0x0000000092700000, 0x0000000092800000|  0%| F|  |TAMS 0x0000000092700000, 0x0000000092700000| Untracked 
| 296|0x0000000092800000, 0x0000000092800000, 0x0000000092900000|  0%| F|  |TAMS 0x0000000092800000, 0x0000000092800000| Untracked 
| 297|0x0000000092900000, 0x0000000092900000, 0x0000000092a00000|  0%| F|  |TAMS 0x0000000092900000, 0x0000000092900000| Untracked 
| 298|0x0000000092a00000, 0x0000000092a00000, 0x0000000092b00000|  0%| F|  |TAMS 0x0000000092a00000, 0x0000000092a00000| Untracked 
| 299|0x0000000092b00000, 0x0000000092b00000, 0x0000000092c00000|  0%| F|  |TAMS 0x0000000092b00000, 0x0000000092b00000| Untracked 
| 300|0x0000000092c00000, 0x0000000092c00000, 0x0000000092d00000|  0%| F|  |TAMS 0x0000000092c00000, 0x0000000092c00000| Untracked 
| 301|0x0000000092d00000, 0x0000000092d00000, 0x0000000092e00000|  0%| F|  |TAMS 0x0000000092d00000, 0x0000000092d00000| Untracked 
| 302|0x0000000092e00000, 0x0000000092e00000, 0x0000000092f00000|  0%| F|  |TAMS 0x0000000092e00000, 0x0000000092e00000| Untracked 
| 303|0x0000000092f00000, 0x0000000092f00000, 0x0000000093000000|  0%| F|  |TAMS 0x0000000092f00000, 0x0000000092f00000| Untracked 
| 304|0x0000000093000000, 0x0000000093000000, 0x0000000093100000|  0%| F|  |TAMS 0x0000000093000000, 0x0000000093000000| Untracked 
| 305|0x0000000093100000, 0x0000000093200000, 0x0000000093200000|100%| E|  |TAMS 0x0000000093100000, 0x0000000093100000| Complete 
| 306|0x0000000093200000, 0x0000000093300000, 0x0000000093300000|100%| E|CS|TAMS 0x0000000093200000, 0x0000000093200000| Complete 
| 307|0x0000000093300000, 0x0000000093400000, 0x0000000093400000|100%| E|CS|TAMS 0x0000000093300000, 0x0000000093300000| Complete 
| 308|0x0000000093400000, 0x0000000093500000, 0x0000000093500000|100%| E|CS|TAMS 0x0000000093400000, 0x0000000093400000| Complete 
| 309|0x0000000093500000, 0x0000000093600000, 0x0000000093600000|100%| E|CS|TAMS 0x0000000093500000, 0x0000000093500000| Complete 
| 310|0x0000000093600000, 0x0000000093700000, 0x0000000093700000|100%| E|CS|TAMS 0x0000000093600000, 0x0000000093600000| Complete 

Card table byte_map: [0x0000022840bc0000,0x0000022840fc0000] _byte_map_base: 0x00000228407c0000

Marking Bits (Prev, Next): (CMBitMap*) 0x00000228292803c0, (CMBitMap*) 0x0000022829280380
 Prev Bits: [0x00000228433c0000, 0x00000228453c0000)
 Next Bits: [0x00000228413c0000, 0x00000228433c0000)

Polling page: 0x0000022827190000

Metaspace:

Usage:
  Non-class:    114.31 MB capacity,   112.81 MB ( 99%) used,     1.30 MB (  1%) free+waste,   213.69 KB ( <1%) overhead. 
      Class:     16.79 MB capacity,    16.09 MB ( 96%) used,   625.89 KB (  4%) free+waste,    85.38 KB ( <1%) overhead. 
       Both:    131.10 MB capacity,   128.90 MB ( 98%) used,     1.91 MB (  1%) free+waste,   299.06 KB ( <1%) overhead. 

Virtual space:
  Non-class space:      116.00 MB reserved,     114.42 MB ( 99%) committed 
      Class space:        1.00 GB reserved,      16.88 MB (  2%) committed 
             Both:        1.11 GB reserved,     131.30 MB ( 12%) committed 

Chunk freelists:
   Non-Class:  46.00 KB
       Class:  25.00 KB
        Both:  71.00 KB

MaxMetaspaceSize: 17179869184.00 GB
CompressedClassSpaceSize: 1.00 GB

CodeHeap 'non-profiled nmethods': size=120000Kb used=15775Kb max_used=15775Kb free=104224Kb
 bounds [0x0000022838f50000, 0x0000022839ec0000, 0x0000022840480000]
CodeHeap 'profiled nmethods': size=120000Kb used=43925Kb max_used=43925Kb free=76074Kb
 bounds [0x0000022831a20000, 0x0000022834510000, 0x0000022838f50000]
CodeHeap 'non-nmethods': size=5760Kb used=2507Kb max_used=2569Kb free=3252Kb
 bounds [0x0000022831480000, 0x0000022831710000, 0x0000022831a20000]
 total_blobs=22151 nmethods=21149 adapters=911
 compilation: enabled
              stopped_count=0, restarted_count=0
 full_count=0

Compilation events (20 events):
Event: 1672.232 Thread 0x0000022847ddee30 26443       3       com.google.gson.stream.JsonReader::beginObject (70 bytes)
Event: 1672.233 Thread 0x000002284e5f85e0 26446       4       jdk.internal.org.objectweb.asm.MethodWriter::computeMethodInfoSize (571 bytes)
Event: 1672.233 Thread 0x0000022847ddee30 nmethod 26443 0x0000022834503210 code [0x00000228345034a0, 0x0000022834504028]
Event: 1672.233 Thread 0x0000022847ddee30 26444       3       com.google.gson.stream.JsonReader::endObject (100 bytes)
Event: 1672.234 Thread 0x0000022847ddee30 nmethod 26444 0x0000022834504390 code [0x0000022834504640, 0x00000228345053b8]
Event: 1672.234 Thread 0x0000022847ddee30 26445       3       kotlin.jvm.internal.Intrinsics::checkParameterIsNotNull (9 bytes)
Event: 1672.234 Thread 0x0000022847ddee30 nmethod 26445 0x0000022834505810 code [0x0000022834505a20, 0x0000022834505f18]
Event: 1672.241 Thread 0x000002284e5f85e0 nmethod 26446 0x0000022839eb0910 code [0x0000022839eb0b00, 0x0000022839eb1180]
Event: 1672.374 Thread 0x000002284a2f2300 26447       4       java.io.InputStreamReader::read (11 bytes)
Event: 1672.382 Thread 0x0000022847dda6e0 26448       4       java.lang.String::regionMatches (150 bytes)
Event: 1672.396 Thread 0x0000022847ddee30 26449       3       java.util.logging.LogManager$LoggerContext::requiresDefaultLoggers (29 bytes)
Event: 1672.396 Thread 0x0000022847ddee30 nmethod 26449 0x0000022834506110 code [0x00000228345062c0, 0x00000228345064c8]
Event: 1672.400 Thread 0x0000022847dda6e0 nmethod 26448 0x0000022839eb1790 code [0x0000022839eb1960, 0x0000022839eb2338]
Event: 1672.412 Thread 0x000002284a2f2300 nmethod 26447 0x0000022839eb2a10 code [0x0000022839eb2c60, 0x0000022839eb3e18]
Event: 1672.439 Thread 0x000002284e5f85e0 26450   !   4       java.util.zip.Inflater::needsInput (55 bytes)
Event: 1672.441 Thread 0x000002284e5f85e0 nmethod 26450 0x0000022839eb4e90 code [0x0000022839eb5020, 0x0000022839eb5218]
Event: 1672.442 Thread 0x0000022847dda6e0 26451   !   4       java.util.zip.ZipFile$ZipFileInputStream::read (135 bytes)
Event: 1672.442 Thread 0x000002284e5f85e0 26452       4       java.util.zip.ZipFile$ZipFileInputStream::initDataOffset (117 bytes)
Event: 1672.448 Thread 0x000002284e5f85e0 nmethod 26452 0x0000022839eb5310 code [0x0000022839eb54c0, 0x0000022839eb5a38]
Event: 1672.460 Thread 0x0000022847dda6e0 nmethod 26451 0x0000022839eb5e90 code [0x0000022839eb6080, 0x0000022839eb7330]

GC Heap History (20 events):
Event: 1616.773 GC heap before
{Heap before GC invocations=71 (full 0):
 garbage-first heap   total 318464K, used 186742K [0x0000000080000000, 0x0000000100000000)
  region size 1024K, 15 young (15360K), 6 survivors (6144K)
 Metaspace       used 111686K, capacity 113695K, committed 113840K, reserved 1148928K
  class space    used 14417K, capacity 15021K, committed 15104K, reserved 1048576K
}
Event: 1616.812 GC heap after
{Heap after GC invocations=72 (full 0):
 garbage-first heap   total 318464K, used 163203K [0x0000000080000000, 0x0000000100000000)
  region size 1024K, 2 young (2048K), 2 survivors (2048K)
 Metaspace       used 111686K, capacity 113695K, committed 113840K, reserved 1148928K
  class space    used 14417K, capacity 15021K, committed 15104K, reserved 1048576K
}
Event: 1635.386 GC heap before
{Heap before GC invocations=72 (full 0):
 garbage-first heap   total 318464K, used 251267K [0x0000000080000000, 0x0000000100000000)
  region size 1024K, 89 young (91136K), 2 survivors (2048K)
 Metaspace       used 115590K, capacity 117733K, committed 118064K, reserved 1153024K
  class space    used 14755K, capacity 15379K, committed 15488K, reserved 1048576K
}
Event: 1635.401 GC heap after
{Heap after GC invocations=73 (full 0):
 garbage-first heap   total 318464K, used 169979K [0x0000000080000000, 0x0000000100000000)
  region size 1024K, 9 young (9216K), 9 survivors (9216K)
 Metaspace       used 115590K, capacity 117733K, committed 118064K, reserved 1153024K
  class space    used 14755K, capacity 15379K, committed 15488K, reserved 1048576K
}
Event: 1663.287 GC heap before
{Heap before GC invocations=74 (full 0):
 garbage-first heap   total 318464K, used 242683K [0x0000000080000000, 0x0000000100000000)
  region size 1024K, 92 young (94208K), 9 survivors (9216K)
 Metaspace       used 115855K, capacity 117984K, committed 118320K, reserved 1153024K
  class space    used 14772K, capacity 15403K, committed 15488K, reserved 1048576K
}
Event: 1663.299 GC heap after
{Heap after GC invocations=75 (full 0):
 garbage-first heap   total 318464K, used 159120K [0x0000000080000000, 0x0000000100000000)
  region size 1024K, 6 young (6144K), 6 survivors (6144K)
 Metaspace       used 115855K, capacity 117984K, committed 118320K, reserved 1153024K
  class space    used 14772K, capacity 15403K, committed 15488K, reserved 1048576K
}
Event: 1663.406 GC heap before
{Heap before GC invocations=75 (full 0):
 garbage-first heap   total 318464K, used 167312K [0x0000000080000000, 0x0000000100000000)
  region size 1024K, 15 young (15360K), 6 survivors (6144K)
 Metaspace       used 115857K, capacity 117984K, committed 118320K, reserved 1153024K
  class space    used 14773K, capacity 15403K, committed 15488K, reserved 1048576K
}
Event: 1663.421 GC heap after
{Heap after GC invocations=76 (full 0):
 garbage-first heap   total 318464K, used 136522K [0x0000000080000000, 0x0000000100000000)
  region size 1024K, 2 young (2048K), 2 survivors (2048K)
 Metaspace       used 115857K, capacity 117984K, committed 118320K, reserved 1153024K
  class space    used 14773K, capacity 15403K, committed 15488K, reserved 1048576K
}
Event: 1666.254 GC heap before
{Heap before GC invocations=76 (full 0):
 garbage-first heap   total 318464K, used 251210K [0x0000000080000000, 0x0000000100000000)
  region size 1024K, 115 young (117760K), 2 survivors (2048K)
 Metaspace       used 116599K, capacity 118666K, committed 118832K, reserved 1153024K
  class space    used 14838K, capacity 15438K, committed 15488K, reserved 1048576K
}
Event: 1666.280 GC heap after
{Heap after GC invocations=77 (full 0):
 garbage-first heap   total 318464K, used 153600K [0x0000000080000000, 0x0000000100000000)
  region size 1024K, 15 young (15360K), 15 survivors (15360K)
 Metaspace       used 116599K, capacity 118666K, committed 118832K, reserved 1153024K
  class space    used 14838K, capacity 15438K, committed 15488K, reserved 1048576K
}
Event: 1666.927 GC heap before
{Heap before GC invocations=78 (full 0):
 garbage-first heap   total 318464K, used 249856K [0x0000000080000000, 0x0000000100000000)
  region size 1024K, 110 young (112640K), 15 survivors (15360K)
 Metaspace       used 116872K, capacity 118998K, committed 119216K, reserved 1153024K
  class space    used 14858K, capacity 15504K, committed 15616K, reserved 1048576K
}
Event: 1666.936 GC heap after
{Heap after GC invocations=79 (full 0):
 garbage-first heap   total 318464K, used 150539K [0x0000000080000000, 0x0000000100000000)
  region size 1024K, 3 young (3072K), 3 survivors (3072K)
 Metaspace       used 116872K, capacity 118998K, committed 119216K, reserved 1153024K
  class space    used 14858K, capacity 15504K, committed 15616K, reserved 1048576K
}
Event: 1667.046 GC heap before
{Heap before GC invocations=79 (full 0):
 garbage-first heap   total 318464K, used 161803K [0x0000000080000000, 0x0000000100000000)
  region size 1024K, 15 young (15360K), 3 survivors (3072K)
 Metaspace       used 117170K, capacity 119286K, committed 119472K, reserved 1153024K
  class space    used 14899K, capacity 15536K, committed 15616K, reserved 1048576K
}
Event: 1667.066 GC heap after
{Heap after GC invocations=80 (full 0):
 garbage-first heap   total 318464K, used 137391K [0x0000000080000000, 0x0000000100000000)
  region size 1024K, 2 young (2048K), 2 survivors (2048K)
 Metaspace       used 117170K, capacity 119286K, committed 119472K, reserved 1153024K
  class space    used 14899K, capacity 15536K, committed 15616K, reserved 1048576K
}
Event: 1668.914 GC heap before
{Heap before GC invocations=80 (full 0):
 garbage-first heap   total 318464K, used 219311K [0x0000000080000000, 0x0000000100000000)
  region size 1024K, 84 young (86016K), 2 survivors (2048K)
 Metaspace       used 124973K, capacity 127219K, committed 127536K, reserved 1161216K
  class space    used 15812K, capacity 16447K, committed 16512K, reserved 1048576K
}
Event: 1668.933 GC heap after
{Heap after GC invocations=81 (full 0):
 garbage-first heap   total 318464K, used 154374K [0x0000000080000000, 0x0000000100000000)
  region size 1024K, 15 young (15360K), 15 survivors (15360K)
 Metaspace       used 124973K, capacity 127219K, committed 127536K, reserved 1161216K
  class space    used 15812K, capacity 16447K, committed 16512K, reserved 1048576K
}
Event: 1671.716 GC heap before
{Heap before GC invocations=82 (full 0):
 garbage-first heap   total 318464K, used 253702K [0x0000000080000000, 0x0000000100000000)
  region size 1024K, 110 young (112640K), 15 survivors (15360K)
 Metaspace       used 129540K, capacity 131875K, committed 132144K, reserved 1165312K
  class space    used 16270K, capacity 16998K, committed 17024K, reserved 1048576K
}
Event: 1671.745 GC heap after
{Heap after GC invocations=83 (full 0):
 garbage-first heap   total 318464K, used 174844K [0x0000000080000000, 0x0000000100000000)
  region size 1024K, 14 young (14336K), 14 survivors (14336K)
 Metaspace       used 129540K, capacity 131875K, committed 132144K, reserved 1165312K
  class space    used 16270K, capacity 16998K, committed 17024K, reserved 1048576K
}
Event: 1672.280 GC heap before
{Heap before GC invocations=83 (full 0):
 garbage-first heap   total 318464K, used 214780K [0x0000000080000000, 0x0000000100000000)
  region size 1024K, 55 young (56320K), 14 survivors (14336K)
 Metaspace       used 130412K, capacity 132681K, committed 133040K, reserved 1165312K
  class space    used 16341K, capacity 17031K, committed 17152K, reserved 1048576K
}
Event: 1672.308 GC heap after
{Heap after GC invocations=84 (full 0):
 garbage-first heap   total 318464K, used 204489K [0x0000000080000000, 0x0000000100000000)
  region size 1024K, 12 young (12288K), 12 survivors (12288K)
 Metaspace       used 130412K, capacity 132681K, committed 133040K, reserved 1165312K
  class space    used 16341K, capacity 17031K, committed 17152K, reserved 1048576K
}

Deoptimization events (20 events):
Event: 1672.153 Thread 0x000002284b3f5550 DEOPT PACKING pc=0x00000228344ec2f6 sp=0x0000004fa72f8800
Event: 1672.153 Thread 0x000002284b3f5550 DEOPT UNPACKING pc=0x00000228314ce23f sp=0x0000004fa72f7d58 mode 0
Event: 1672.157 Thread 0x000002284b3f5550 DEOPT PACKING pc=0x00000228344ec2f6 sp=0x0000004fa72f8800
Event: 1672.157 Thread 0x000002284b3f5550 DEOPT UNPACKING pc=0x00000228314ce23f sp=0x0000004fa72f7d58 mode 0
Event: 1672.165 Thread 0x000002284b3f5550 Uncommon trap: trap_request=0xffffffde fr.pc=0x0000022839e38114 relative=0x0000000000000474
Event: 1672.165 Thread 0x000002284b3f5550 Uncommon trap: reason=class_check action=maybe_recompile pc=0x0000022839e38114 method=com.sun.tools.javac.code.Type$ClassType.isErroneous()Z @ 1 c2
Event: 1672.165 Thread 0x000002284b3f5550 DEOPT PACKING pc=0x0000022839e38114 sp=0x0000004fa72f8530
Event: 1672.165 Thread 0x000002284b3f5550 DEOPT UNPACKING pc=0x00000228314ce42f sp=0x0000004fa72f8508 mode 2
Event: 1672.167 Thread 0x000002284b3f5550 Uncommon trap: trap_request=0xffffffde fr.pc=0x0000022839e38114 relative=0x0000000000000474
Event: 1672.167 Thread 0x000002284b3f5550 Uncommon trap: reason=class_check action=maybe_recompile pc=0x0000022839e38114 method=com.sun.tools.javac.code.Type$ClassType.isErroneous()Z @ 1 c2
Event: 1672.167 Thread 0x000002284b3f5550 DEOPT PACKING pc=0x0000022839e38114 sp=0x0000004fa72f8530
Event: 1672.167 Thread 0x000002284b3f5550 DEOPT UNPACKING pc=0x00000228314ce42f sp=0x0000004fa72f8508 mode 2
Event: 1672.168 Thread 0x000002284b3f5550 Uncommon trap: trap_request=0xffffffde fr.pc=0x0000022839e38114 relative=0x0000000000000474
Event: 1672.168 Thread 0x000002284b3f5550 Uncommon trap: reason=class_check action=maybe_recompile pc=0x0000022839e38114 method=com.sun.tools.javac.code.Type$ClassType.isErroneous()Z @ 1 c2
Event: 1672.168 Thread 0x000002284b3f5550 DEOPT PACKING pc=0x0000022839e38114 sp=0x0000004fa72f8530
Event: 1672.168 Thread 0x000002284b3f5550 DEOPT UNPACKING pc=0x00000228314ce42f sp=0x0000004fa72f8508 mode 2
Event: 1672.227 Thread 0x000002284b3f5550 Uncommon trap: trap_request=0xffffff45 fr.pc=0x0000022839e531c8 relative=0x0000000000000128
Event: 1672.227 Thread 0x000002284b3f5550 Uncommon trap: reason=unstable_if action=reinterpret pc=0x0000022839e531c8 method=com.google.gson.stream.JsonReader.nextNonWhitespace(Z)I @ 61 c2
Event: 1672.227 Thread 0x000002284b3f5550 DEOPT PACKING pc=0x0000022839e531c8 sp=0x0000004fa72f83c0
Event: 1672.227 Thread 0x000002284b3f5550 DEOPT UNPACKING pc=0x00000228314ce42f sp=0x0000004fa72f8330 mode 2

Classes unloaded (20 events):
Event: 20.474 Thread 0x0000022847db29f0 Unloading class 0x00000008015fdc40 'java/lang/invoke/LambdaForm$DMH+0x00000008015fdc40'
Event: 20.474 Thread 0x0000022847db29f0 Unloading class 0x00000008015fd840 'java/lang/invoke/LambdaForm$DMH+0x00000008015fd840'
Event: 20.474 Thread 0x0000022847db29f0 Unloading class 0x00000008015fe440 'java/lang/invoke/LambdaForm$DMH+0x00000008015fe440'
Event: 20.474 Thread 0x0000022847db29f0 Unloading class 0x00000008015fec40 'java/lang/invoke/LambdaForm$DMH+0x00000008015fec40'
Event: 20.474 Thread 0x0000022847db29f0 Unloading class 0x00000008015fe840 'java/lang/invoke/LambdaForm$DMH+0x00000008015fe840'
Event: 20.474 Thread 0x0000022847db29f0 Unloading class 0x00000008015ff440 'java/lang/invoke/LambdaForm$DMH+0x00000008015ff440'
Event: 20.474 Thread 0x0000022847db29f0 Unloading class 0x00000008015ffc40 'java/lang/invoke/LambdaForm$DMH+0x00000008015ffc40'
Event: 20.474 Thread 0x0000022847db29f0 Unloading class 0x00000008015ff040 'java/lang/invoke/LambdaForm$DMH+0x00000008015ff040'
Event: 20.474 Thread 0x0000022847db29f0 Unloading class 0x00000008015f8440 'java/lang/invoke/LambdaForm$MH+0x00000008015f8440'
Event: 20.474 Thread 0x0000022847db29f0 Unloading class 0x0000000801509440 'java/lang/invoke/LambdaForm$DMH+0x0000000801509440'
Event: 20.474 Thread 0x0000022847db29f0 Unloading class 0x0000000801509c40 'java/lang/invoke/LambdaForm$DMH+0x0000000801509c40'
Event: 20.474 Thread 0x0000022847db29f0 Unloading class 0x000000080150a440 'java/lang/invoke/LambdaForm$DMH+0x000000080150a440'
Event: 20.474 Thread 0x0000022847db29f0 Unloading class 0x000000080150a040 'java/lang/invoke/LambdaForm$DMH+0x000000080150a040'
Event: 20.474 Thread 0x0000022847db29f0 Unloading class 0x000000080150a840 'java/lang/invoke/LambdaForm$DMH+0x000000080150a840'
Event: 23.127 Thread 0x0000022847db29f0 Unloading class 0x00000008015f9040 'java/lang/invoke/LambdaForm$DMH+0x00000008015f9040'
Event: 23.127 Thread 0x0000022847db29f0 Unloading class 0x000000080150e440 'java/lang/invoke/LambdaForm$DMH+0x000000080150e440'
Event: 23.127 Thread 0x0000022847db29f0 Unloading class 0x000000080150cc40 'java/lang/invoke/LambdaForm$MH+0x000000080150cc40'
Event: 23.127 Thread 0x0000022847db29f0 Unloading class 0x000000080150b440 'java/lang/invoke/LambdaForm$DMH+0x000000080150b440'
Event: 23.127 Thread 0x0000022847db29f0 Unloading class 0x00000008015f9c40 'java/lang/invoke/LambdaForm$DMH+0x00000008015f9c40'
Event: 23.127 Thread 0x0000022847db29f0 Unloading class 0x000000080150c440 'java/lang/invoke/LambdaForm$DMH+0x000000080150c440'

Classes redefined (0 events):
No events

Internal exceptions (20 events):
Event: 1663.575 Thread 0x000002284b3f8a40 Exception <a 'sun/nio/fs/WindowsException'{0x0000000092202670}> (0x0000000092202670) 
thrown [./open/src/hotspot/share/prims/jni.cpp, line 578]
Event: 1663.575 Thread 0x000002284b3f8a40 Exception <a 'sun/nio/fs/WindowsException'{0x0000000092202a70}> (0x0000000092202a70) 
thrown [./open/src/hotspot/share/prims/jni.cpp, line 578]
Event: 1663.576 Thread 0x000002284b3f8a40 Exception <a 'sun/nio/fs/WindowsException'{0x0000000092203910}> (0x0000000092203910) 
thrown [./open/src/hotspot/share/prims/jni.cpp, line 578]
Event: 1663.576 Thread 0x000002284b3f8a40 Exception <a 'sun/nio/fs/WindowsException'{0x0000000092203c58}> (0x0000000092203c58) 
thrown [./open/src/hotspot/share/prims/jni.cpp, line 578]
Event: 1663.576 Thread 0x000002284b3f8a40 Exception <a 'sun/nio/fs/WindowsException'{0x0000000092204b10}> (0x0000000092204b10) 
thrown [./open/src/hotspot/share/prims/jni.cpp, line 578]
Event: 1663.576 Thread 0x000002284b3f8a40 Exception <a 'sun/nio/fs/WindowsException'{0x0000000092204df8}> (0x0000000092204df8) 
thrown [./open/src/hotspot/share/prims/jni.cpp, line 578]
Event: 1663.576 Thread 0x000002284b3f8a40 Exception <a 'sun/nio/fs/WindowsException'{0x0000000092205c80}> (0x0000000092205c80) 
thrown [./open/src/hotspot/share/prims/jni.cpp, line 578]
Event: 1666.192 Thread 0x000002284bcb70a0 Exception <a 'sun/nio/fs/WindowsException'{0x000000008cd80b28}> (0x000000008cd80b28) 
thrown [./open/src/hotspot/share/prims/jni.cpp, line 578]
Event: 1666.192 Thread 0x000002284bcb70a0 Exception <a 'sun/nio/fs/WindowsException'{0x000000008cd80bc8}> (0x000000008cd80bc8) 
thrown [./open/src/hotspot/share/prims/jni.cpp, line 578]
Event: 1666.192 Thread 0x000002284bcb70a0 Exception <a 'sun/nio/fs/WindowsException'{0x000000008cd81008}> (0x000000008cd81008) 
thrown [./open/src/hotspot/share/prims/jni.cpp, line 578]
Event: 1666.525 Thread 0x000002284bcb70a0 Implicit null exception at 0x0000022839ce6253 to 0x0000022839ce8004
Event: 1667.751 Thread 0x000002284b3f5550 Exception <a 'java/lang/NoSuchMethodError'{0x000000008fb92618}: 'java.lang.Object java.lang.invoke.DirectMethodHandle$Holder.newInvokeSpecial(java.lang.Object, java.lang.Object, int, java.lang.Object, java.lang.Object, java.lang.Object, java.lang.Object)'> (0x000000008fb92618) 
thrown [./open/src/hotspot/share/interpreter/linkResolver.cpp, line 782]
Event: 1668.910 Thread 0x000002284b3f5550 Exception <a 'sun/nio/fs/WindowsException'{0x000000008e36cd28}> (0x000000008e36cd28) 
thrown [./open/src/hotspot/share/prims/jni.cpp, line 578]
Event: 1668.910 Thread 0x000002284b3f5550 Exception <a 'sun/nio/fs/WindowsException'{0x000000008e36cf80}> (0x000000008e36cf80) 
thrown [./open/src/hotspot/share/prims/jni.cpp, line 578]
Event: 1668.911 Thread 0x000002284b3f5550 Implicit null exception at 0x00000228390db90c to 0x00000228390dbac9
Event: 1670.370 Thread 0x000002284b3f5550 Exception <a 'java/lang/NoSuchMethodError'{0x0000000091c211d8}: 'java.lang.Object java.lang.invoke.DirectMethodHandle$Holder.invokeVirtual(java.lang.Object, java.lang.Object, int)'> (0x0000000091c211d8) 
thrown [./open/src/hotspot/share/interpreter/linkResolver.cpp, line 782]
Event: 1670.372 Thread 0x000002284b3f5550 Exception <a 'java/lang/NoSuchMethodError'{0x0000000091c31cc8}: 'java.lang.Object java.lang.invoke.DirectMethodHandle$Holder.invokeVirtual(java.lang.Object, java.lang.Object, java.lang.Object, int, int)'> (0x0000000091c31cc8) 
thrown [./open/src/hotspot/share/interpreter/linkResolver.cpp, line 782]
Event: 1670.700 Thread 0x000002284b3f5550 Implicit null exception at 0x0000022839d4b41c to 0x0000022839d4be58
Event: 1671.806 Thread 0x000002284b3f5550 Implicit null exception at 0x0000022839e6c361 to 0x0000022839e6c604
Event: 1672.450 Thread 0x000002284b3f5550 Exception <a 'java/lang/NullPointerException'{0x00000000933b4370}> (0x00000000933b4370) 
thrown [./open/src/hotspot/share/interpreter/linkResolver.cpp, line 1457]

Events (20 events):
Event: 1672.001 loading class com/sun/org/apache/xpath/internal/jaxp/XPathFactoryImpl done
Event: 1672.001 loading class jdk/xml/internal/JdkXmlFeatures
Event: 1672.002 loading class jdk/xml/internal/JdkXmlFeatures done
Event: 1672.002 loading class jdk/xml/internal/JdkXmlFeatures$XmlFeature
Event: 1672.003 loading class jdk/xml/internal/JdkXmlFeatures$XmlFeature done
Event: 1672.003 loading class jdk/xml/internal/JdkXmlFeatures$State
Event: 1672.003 loading class jdk/xml/internal/JdkXmlFeatures$State done
Event: 1672.004 loading class com/sun/org/apache/xpath/internal/jaxp/XPathImpl
Event: 1672.005 loading class javax/xml/xpath/XPath
Event: 1672.005 loading class javax/xml/xpath/XPath done
Event: 1672.005 loading class com/sun/org/apache/xpath/internal/jaxp/XPathImplUtil
Event: 1672.006 loading class com/sun/org/apache/xpath/internal/jaxp/XPathImplUtil done
Event: 1672.006 loading class com/sun/org/apache/xpath/internal/jaxp/XPathImpl done
Event: 1672.024 Executing VM operation: HandshakeAllThreads
Event: 1672.024 Executing VM operation: HandshakeAllThreads done
Event: 1672.219 loading class sun/nio/cs/UTF_16$Decoder
Event: 1672.220 loading class sun/nio/cs/UTF_16$Decoder done
Event: 1672.279 Executing VM operation: G1TryInitiateConcMark
Event: 1672.309 Executing VM operation: G1TryInitiateConcMark done
Event: 1672.497 Executing VM operation: G1Concurrent


Dynamic libraries:
0x00007ff66a5e0000 - 0x00007ff66a5ed000 	C:\Users\Umby\.jdks\openjdk-15.0.2\bin\java.exe
0x00007ffcbcfd0000 - 0x00007ffcbd1c5000 	C:\WINDOWS\SYSTEM32\ntdll.dll
0x00007ffcbca30000 - 0x00007ffcbcaee000 	C:\WINDOWS\System32\KERNEL32.DLL
0x00007ffcba910000 - 0x00007ffcbabd8000 	C:\WINDOWS\System32\KERNELBASE.dll
0x00007ffcbaee0000 - 0x00007ffcbafe0000 	C:\WINDOWS\System32\ucrtbase.dll
0x00007ffcb35d0000 - 0x00007ffcb35e8000 	C:\Users\Umby\.jdks\openjdk-15.0.2\bin\jli.dll
0x00007ffcb01b0000 - 0x00007ffcb01c9000 	C:\Users\Umby\.jdks\openjdk-15.0.2\bin\VCRUNTIME140.dll
0x00007ffcbc570000 - 0x00007ffcbc711000 	C:\WINDOWS\System32\USER32.dll
0x00007ffcbafe0000 - 0x00007ffcbb002000 	C:\WINDOWS\System32\win32u.dll
0x00007ffcbca00000 - 0x00007ffcbca2b000 	C:\WINDOWS\System32\GDI32.dll
0x00007ffcaf630000 - 0x00007ffcaf8ca000 	C:\WINDOWS\WinSxS\amd64_microsoft.windows.common-controls_6595b64144ccf1df_6.0.19041.1110_none_60b5254171f9507e\COMCTL32.dll
0x00007ffcbadd0000 - 0x00007ffcbaedd000 	C:\WINDOWS\System32\gdi32full.dll
0x00007ffcbcaf0000 - 0x00007ffcbcb8e000 	C:\WINDOWS\System32\msvcrt.dll
0x00007ffcba840000 - 0x00007ffcba8dd000 	C:\WINDOWS\System32\msvcp_win.dll
0x00007ffcbc2a0000 - 0x00007ffcbc2d0000 	C:\WINDOWS\System32\IMM32.DLL
0x00007ffcb52f0000 - 0x00007ffcb52fc000 	C:\Users\Umby\.jdks\openjdk-15.0.2\bin\vcruntime140_1.dll
0x00007ffcad2b0000 - 0x00007ffcad341000 	C:\Users\Umby\.jdks\openjdk-15.0.2\bin\msvcp140.dll
0x00007ffc73150000 - 0x00007ffc73cae000 	C:\Users\Umby\.jdks\openjdk-15.0.2\bin\server\jvm.dll
0x00007ffcbcbf0000 - 0x00007ffcbcc9e000 	C:\WINDOWS\System32\ADVAPI32.dll
0x00007ffcbb070000 - 0x00007ffcbb10c000 	C:\WINDOWS\System32\sechost.dll
0x00007ffcbbcf0000 - 0x00007ffcbbe15000 	C:\WINDOWS\System32\RPCRT4.dll
0x00007ffcbbbd0000 - 0x00007ffcbbbd8000 	C:\WINDOWS\System32\PSAPI.DLL
0x00007ffcb07f0000 - 0x00007ffcb0817000 	C:\WINDOWS\SYSTEM32\WINMM.dll
0x00007ffca2ab0000 - 0x00007ffca2ab9000 	C:\WINDOWS\SYSTEM32\WSOCK32.dll
0x00007ffcb0b60000 - 0x00007ffcb0b6a000 	C:\WINDOWS\SYSTEM32\VERSION.dll
0x00007ffcbcca0000 - 0x00007ffcbcd0b000 	C:\WINDOWS\System32\WS2_32.dll
0x00007ffcb84f0000 - 0x00007ffcb8502000 	C:\WINDOWS\SYSTEM32\kernel.appcore.dll
0x00007ffcb3b20000 - 0x00007ffcb3b2a000 	C:\Users\Umby\.jdks\openjdk-15.0.2\bin\jimage.dll
0x00007ffcb0370000 - 0x00007ffcb0554000 	C:\WINDOWS\SYSTEM32\DBGHELP.DLL
0x00007ffcb0610000 - 0x00007ffcb063c000 	C:\WINDOWS\SYSTEM32\dbgcore.DLL
0x00007ffcbabe0000 - 0x00007ffcbac62000 	C:\WINDOWS\System32\bcryptPrimitives.dll
0x00007ffcafd20000 - 0x00007ffcafd45000 	C:\Users\Umby\.jdks\openjdk-15.0.2\bin\java.dll
0x00007ffcbb470000 - 0x00007ffcbbbb4000 	C:\WINDOWS\System32\SHELL32.dll
0x00007ffcb87d0000 - 0x00007ffcb8f65000 	C:\WINDOWS\SYSTEM32\windows.storage.dll
0x00007ffcbb110000 - 0x00007ffcbb465000 	C:\WINDOWS\System32\combase.dll
0x00007ffcba060000 - 0x00007ffcba08e000 	C:\WINDOWS\SYSTEM32\Wldp.dll
0x00007ffcbbbe0000 - 0x00007ffcbbc8d000 	C:\WINDOWS\System32\SHCORE.dll
0x00007ffcbbc90000 - 0x00007ffcbbce5000 	C:\WINDOWS\System32\shlwapi.dll
0x00007ffcba620000 - 0x00007ffcba63f000 	C:\WINDOWS\SYSTEM32\profapi.dll
0x00007ffcb0180000 - 0x00007ffcb0199000 	C:\Users\Umby\.jdks\openjdk-15.0.2\bin\net.dll
0x00007ffcae010000 - 0x00007ffcae11c000 	C:\WINDOWS\SYSTEM32\WINHTTP.dll
0x00007ffcb9dc0000 - 0x00007ffcb9e2a000 	C:\WINDOWS\system32\mswsock.dll
0x00007ffcafb50000 - 0x00007ffcafb62000 	C:\Users\Umby\.jdks\openjdk-15.0.2\bin\nio.dll
0x00007ffcacfa0000 - 0x00007ffcacfb8000 	C:\Users\Umby\.jdks\openjdk-15.0.2\bin\zip.dll
0x00007ffcb2ce0000 - 0x00007ffcb2cf0000 	C:\Users\Umby\.jdks\openjdk-15.0.2\bin\verify.dll
0x00007ffcac480000 - 0x00007ffcac4a7000 	C:\Users\Umby\.gradle\native\8bec1ad78214c89d9ad589b4d07fe93259594b29d510b10fafb7a158f7737e5d\windows-amd64\native-platform.dll
0x00007ffc94740000 - 0x00007ffc9487d000 	C:\Users\Umby\.gradle\native\53dbd7edfb1c66fb8903c78663c9afc45aea4f116125fa6feffd364cf09443e8\windows-amd64\native-platform-file-events.dll
0x00007ffcb2540000 - 0x00007ffcb2549000 	C:\Users\Umby\.jdks\openjdk-15.0.2\bin\management.dll
0x00007ffcb1d70000 - 0x00007ffcb1d7b000 	C:\Users\Umby\.jdks\openjdk-15.0.2\bin\management_ext.dll
0x00007ffcb9fb0000 - 0x00007ffcb9fc8000 	C:\WINDOWS\SYSTEM32\CRYPTSP.dll
0x00007ffcb9740000 - 0x00007ffcb9774000 	C:\WINDOWS\system32\rsaenh.dll
0x00007ffcba8e0000 - 0x00007ffcba907000 	C:\WINDOWS\System32\bcrypt.dll
0x00007ffcba5e0000 - 0x00007ffcba60e000 	C:\WINDOWS\SYSTEM32\USERENV.dll
0x00007ffcb9fd0000 - 0x00007ffcb9fdc000 	C:\WINDOWS\SYSTEM32\CRYPTBASE.dll
0x00007ffcb9ab0000 - 0x00007ffcb9aeb000 	C:\WINDOWS\SYSTEM32\IPHLPAPI.DLL
0x00007ffcbbbc0000 - 0x00007ffcbbbc8000 	C:\WINDOWS\System32\NSI.dll
0x00007ffcb13d0000 - 0x00007ffcb13e7000 	C:\WINDOWS\SYSTEM32\dhcpcsvc6.DLL
0x00007ffcb1f00000 - 0x00007ffcb1f1d000 	C:\WINDOWS\SYSTEM32\dhcpcsvc.DLL
0x00007ffcb9af0000 - 0x00007ffcb9bbb000 	C:\WINDOWS\SYSTEM32\DNSAPI.dll

dbghelp: loaded successfully - version: 4.0.5 - missing functions: none
symbol engine: initialized successfully - sym options: 0x614 - pdb path: .;C:\Users\Umby\.jdks\openjdk-15.0.2\bin;C:\WINDOWS\SYSTEM32;C:\WINDOWS\WinSxS\amd64_microsoft.windows.common-controls_6595b64144ccf1df_6.0.19041.1110_none_60b5254171f9507e;C:\Users\Umby\.jdks\openjdk-15.0.2\bin\server;C:\Users\Umby\.gradle\native\8bec1ad78214c89d9ad589b4d07fe93259594b29d510b10fafb7a158f7737e5d\windows-amd64;C:\Users\Umby\.gradle\native\53dbd7edfb1c66fb8903c78663c9afc45aea4f116125fa6feffd364cf09443e8\windows-amd64

VM Arguments:
jvm_args: --add-opens=java.base/java.util=ALL-UNNAMED --add-opens=java.base/java.lang=ALL-UNNAMED --add-opens=java.base/java.lang.invoke=ALL-UNNAMED --add-opens=java.base/java.util=ALL-UNNAMED --add-opens=java.prefs/java.util.prefs=ALL-UNNAMED --add-opens=java.prefs/java.util.prefs=ALL-UNNAMED --add-opens=java.base/java.nio.charset=ALL-UNNAMED --add-opens=java.base/java.net=ALL-UNNAMED --add-opens=java.base/java.util.concurrent.atomic=ALL-UNNAMED -Xmx2048m -Dfile.encoding=UTF-8 -Duser.country=IT -Duser.language=it -Duser.variant 
java_command: org.gradle.launcher.daemon.bootstrap.GradleDaemon 7.0.2
java_class_path (initial): C:\Users\Umby\.gradle\wrapper\dists\gradle-7.0.2-bin\857tjihv64xamwrf0h14cai3r\gradle-7.0.2\lib\gradle-launcher-7.0.2.jar
Launcher Type: SUN_STANDARD

[Global flags]
     intx CICompilerCount                          = 4                                         {product} {ergonomic}
     uint ConcGCThreads                            = 2                                         {product} {ergonomic}
     uint G1ConcRefinementThreads                  = 8                                         {product} {ergonomic}
   size_t G1HeapRegionSize                         = 1048576                                   {product} {ergonomic}
    uintx GCDrainStackTargetSize                   = 64                                        {product} {ergonomic}
   size_t InitialHeapSize                          = 117440512                                 {product} {ergonomic}
   size_t MarkStackSize                            = 4194304                                   {product} {ergonomic}
   size_t MaxHeapSize                              = 2147483648                                {product} {command line}
   size_t MaxNewSize                               = 1287651328                                {product} {ergonomic}
   size_t MinHeapDeltaBytes                        = 1048576                                   {product} {ergonomic}
   size_t MinHeapSize                              = 8388608                                   {product} {ergonomic}
    uintx NonNMethodCodeHeapSize                   = 5839372                                {pd product} {ergonomic}
    uintx NonProfiledCodeHeapSize                  = 122909434                              {pd product} {ergonomic}
    uintx ProfiledCodeHeapSize                     = 122909434                              {pd product} {ergonomic}
    uintx ReservedCodeCacheSize                    = 251658240                              {pd product} {ergonomic}
     bool SegmentedCodeCache                       = true                                      {product} {ergonomic}
   size_t SoftMaxHeapSize                          = 2147483648                             {manageable} {ergonomic}
     bool UseCompressedClassPointers               = true                                 {lp64_product} {ergonomic}
     bool UseCompressedOops                        = true                                 {lp64_product} {ergonomic}
     bool UseG1GC                                  = true                                      {product} {ergonomic}
     bool UseLargePagesIndividualAllocation        = false                                  {pd product} {ergonomic}

Logging:
Log output configuration:
 #0: stdout all=warning uptime,level,tags
 #1: stderr all=off uptime,level,tags

Environment Variables:
PATH=C:\Program Files (x86)\NVIDIA Corporation\PhysX\Common;C:\WINDOWS\system32;C:\WINDOWS;C:\WINDOWS\System32\Wbem;C:\WINDOWS\System32\WindowsPowerShell\v1.0\;C:\WINDOWS\System32\OpenSSH\;C:\Program Files\Intel\WiFi\bin\;C:\Program Files\Common Files\Intel\WirelessCommon\;D:\Programmi\MinGW\bin;D:\Programmi\SML\bin\;C:\Users\Umby\AppData\Local\Microsoft\WindowsApps;D:\Programmi\Microsoft VS Code\bin;C:\Users\Umby\AppData\Local\GitHubDesktop\bin
USERNAME=Umby
OS=Windows_NT
PROCESSOR_IDENTIFIER=AMD64 Family 23 Model 17 Stepping 0, AuthenticAMD



---------------  S Y S T E M  ---------------

OS:
 Windows 10 , 64 bit Build 19041 (10.0.19041.1466)
OS uptime: 1 days 18:27 hours

CPU: total 8 (initial active 8) (8 cores per cpu, 2 threads per core) family 23 model 17 stepping 0 microcode 0x0, cmov, cx8, fxsr, mmx, sse, sse2, sse3, ssse3, sse4.1, sse4.2, popcnt, vzeroupper, avx, avx2, aes, clmul, 3dnowpref, lzcnt, sse4a, ht, tsc, tscinvbit, tscinv, bmi1, bmi2, adx, sha, fma, clflush, clflushopt

Memory: 4k page, system-wide physical 7069M (756M free)
TotalPageFile size 11148M (AvailPageFile size 38M)
current process WorkingSet (physical memory assigned to process): 699M, peak: 699M
current process commit charge ("private bytes"): 738M, peak: 772M

vm_info: OpenJDK 64-Bit Server VM (15.0.2+7-27) for windows-amd64 JRE (15.0.2+7-27), built on Dec  7 2020 20:02:38 by "mach5one" with unknown MS VC++:1925

END.
