#
# There is insufficient memory for the Java Runtime Environment to continue.
# Native memory allocation (malloc) failed to allocate 1517616 bytes for Chunk::new
# Possible reasons:
#   The system is out of physical RAM or swap space
#   The process is running with CompressedOops enabled, and the Java Heap may be blocking the growth of the native heap
# Possible solutions:
#   Reduce memory load on the system
#   Increase physical memory or swap space
#   Check if swap backing store is full
#   Decrease Java heap size (-Xmx/-Xms)
#   Decrease number of Java threads
#   Decrease Java thread stack sizes (-Xss)
#   Set larger code cache with -XX:ReservedCodeCacheSize=
#   JVM is running with Unscaled Compressed Oops mode in which the Java heap is
#     placed in the first 4GB address space. The Java Heap base address is the
#     maximum limit for the native heap growth. Please use -XX:HeapBaseMinAddress
#     to set the Java Heap base and to place the Java Heap above 4GB virtual address.
# This output file may be truncated or incomplete.
#
#  Out of Memory Error (./open/src/hotspot/share/memory/arena.cpp:195), pid=13428, tid=6796
#
# JRE version: OpenJDK Runtime Environment (15.0.2+7) (build 15.0.2+7-27)
# Java VM: OpenJDK 64-Bit Server VM (15.0.2+7-27, mixed mode, sharing, tiered, compressed oops, g1 gc, windows-amd64)
# No core dump will be written. Minidumps are not enabled by default on client versions of Windows
#

---------------  S U M M A R Y ------------

Command Line: --add-opens=java.base/java.util=ALL-UNNAMED --add-opens=java.base/java.lang=ALL-UNNAMED --add-opens=java.base/java.lang.invoke=ALL-UNNAMED --add-opens=java.base/java.util=ALL-UNNAMED --add-opens=java.prefs/java.util.prefs=ALL-UNNAMED --add-opens=java.prefs/java.util.prefs=ALL-UNNAMED --add-opens=java.base/java.nio.charset=ALL-UNNAMED --add-opens=java.base/java.net=ALL-UNNAMED --add-opens=java.base/java.util.concurrent.atomic=ALL-UNNAMED -Xmx2048m -Dfile.encoding=UTF-8 -Duser.country=IT -Duser.language=it -Duser.variant org.gradle.launcher.daemon.bootstrap.GradleDaemon 7.0.2

Host: AMD Ryzen 5 2500U with Radeon Vega Mobile Gfx  , 8 cores, 6G,  Windows 10 , 64 bit Build 19041 (10.0.19041.1466)
Time: Sat Feb 12 17:30:35 2022 ora solare Europa occidentale elapsed time: 32.135136 seconds (0d 0h 0m 32s)

---------------  T H R E A D  ---------------

Current thread (0x000001d8b91f8f10):  JavaThread "C2 CompilerThread0" daemon [_thread_in_native, id=6796, stack(0x0000001daae00000,0x0000001daaf00000)]


Current CompileTask:
C2:  32135 20486   !   4       java.io.ObjectOutputStream::writeObject0 (620 bytes)

Stack: [0x0000001daae00000,0x0000001daaf00000]
Native frames: (J=compiled Java code, j=interpreted, Vv=VM code, C=native code)
V  [jvm.dll+0x62ae9a]
V  [jvm.dll+0x7817a9]
V  [jvm.dll+0x782f03]
V  [jvm.dll+0x783563]
V  [jvm.dll+0x216325]
V  [jvm.dll+0x97f3a]
V  [jvm.dll+0x9861c]
V  [jvm.dll+0x32e2a8]
V  [jvm.dll+0x18e3b1]
V  [jvm.dll+0x1ea822]
V  [jvm.dll+0x1e996e]
V  [jvm.dll+0x178567]
V  [jvm.dll+0x1f9225]
V  [jvm.dll+0x1f72cc]
V  [jvm.dll+0x74495d]
V  [jvm.dll+0x73d75a]
V  [jvm.dll+0x629c56]
C  [ucrtbase.dll+0x21bb2]
C  [KERNEL32.DLL+0x17034]
C  [ntdll.dll+0x52651]


---------------  P R O C E S S  ---------------

Threads class SMR info:
_java_thread_list=0x000001d8bef41f40, length=79, elements={
0x000001d89a672a70, 0x000001d8b91dc520, 0x000001d8b91df010, 0x000001d8b91f60b0,
0x000001d8b91f6a70, 0x000001d8b91f7430, 0x000001d8b91f8f10, 0x000001d8b92061a0,
0x000001d8b92137b0, 0x000001d8b9c662e0, 0x000001d8b9c83800, 0x000001d8b9d81d30,
0x000001d8bb0543f0, 0x000001d8bbe9ca50, 0x000001d8bb048560, 0x000001d8bb048a30,
0x000001d8bb492040, 0x000001d8bb12f690, 0x000001d8bb5484e0, 0x000001d8b9c91a00,
0x000001d8b9c8fd20, 0x000001d8b9c92d40, 0x000001d8b9c936e0, 0x000001d8b9c901f0,
0x000001d8b9c906c0, 0x000001d8b9c91060, 0x000001d8b9c91530, 0x000001d8b9c92870,
0x000001d8b9c91ed0, 0x000001d8bc189d60, 0x000001d8bc189890, 0x000001d8bc18ba40,
0x000001d8bc18bf10, 0x000001d8bc18abd0, 0x000001d8bc18a700, 0x000001d8bc186d40,
0x000001d8bc187210, 0x000001d8bc188080, 0x000001d8bc18b570, 0x000001d8bc185530,
0x000001d8bc1876e0, 0x000001d8bc185a00, 0x000001d8bc185ed0, 0x000001d8bc188a20,
0x000001d8bc188ef0, 0x000001d8bc1863a0, 0x000001d8bc186870, 0x000001d8bc188550,
0x000001d8bc1893c0, 0x000001d8bd2ffb60, 0x000001d8bd303ec0, 0x000001d8bd304860,
0x000001d8bd3009d0, 0x000001d8bd300500, 0x000001d8bd301370, 0x000001d8bd306ee0,
0x000001d8bd304d30, 0x000001d8bd300ea0, 0x000001d8bd303520, 0x000001d8bd301840,
0x000001d8bc02ccf0, 0x000001d8bc02c820, 0x000001d8be069950, 0x000001d8be06b2a0,
0x000001d8c179d020, 0x000001d8c179d4f0, 0x000001d8c6d1f590, 0x000001d8c6d1d8b0,
0x000001d8c6d1ff30, 0x000001d8c6d1fa60, 0x000001d8c6d21270, 0x000001d8c36adbe0,
0x000001d8bd3056d0, 0x000001d8bd305ba0, 0x000001d8b9c9c180, 0x000001d8c36aba30,
0x000001d8c36ab560, 0x000001d8bc02be80, 0x000001d8c36ad240
}

Java Threads: ( => current thread )
  0x000001d89a672a70 JavaThread "main" [_thread_blocked, id=8816, stack(0x0000001daa200000,0x0000001daa300000)]
  0x000001d8b91dc520 JavaThread "Reference Handler" daemon [_thread_blocked, id=3068, stack(0x0000001daa900000,0x0000001daaa00000)]
  0x000001d8b91df010 JavaThread "Finalizer" daemon [_thread_blocked, id=3304, stack(0x0000001daaa00000,0x0000001daab00000)]
  0x000001d8b91f60b0 JavaThread "Signal Dispatcher" daemon [_thread_blocked, id=6580, stack(0x0000001daab00000,0x0000001daac00000)]
  0x000001d8b91f6a70 JavaThread "Attach Listener" daemon [_thread_blocked, id=12052, stack(0x0000001daac00000,0x0000001daad00000)]
  0x000001d8b91f7430 JavaThread "Service Thread" daemon [_thread_blocked, id=6128, stack(0x0000001daad00000,0x0000001daae00000)]
=>0x000001d8b91f8f10 JavaThread "C2 CompilerThread0" daemon [_thread_in_native, id=6796, stack(0x0000001daae00000,0x0000001daaf00000)]
  0x000001d8b92061a0 JavaThread "C1 CompilerThread0" daemon [_thread_blocked, id=15008, stack(0x0000001daaf00000,0x0000001dab000000)]
  0x000001d8b92137b0 JavaThread "Sweeper thread" daemon [_thread_blocked, id=10992, stack(0x0000001dab000000,0x0000001dab100000)]
  0x000001d8b9c662e0 JavaThread "Common-Cleaner" daemon [_thread_blocked, id=3788, stack(0x0000001dab100000,0x0000001dab200000)]
  0x000001d8b9c83800 JavaThread "Notification Thread" daemon [_thread_blocked, id=6648, stack(0x0000001dab200000,0x0000001dab300000)]
  0x000001d8b9d81d30 JavaThread "Daemon health stats" [_thread_blocked, id=15760, stack(0x0000001dab400000,0x0000001dab500000)]
  0x000001d8bb0543f0 JavaThread "Incoming local TCP Connector on port 60249" [_thread_in_native, id=16072, stack(0x0000001dab800000,0x0000001dab900000)]
  0x000001d8bbe9ca50 JavaThread "Daemon periodic checks" [_thread_blocked, id=8780, stack(0x0000001dab900000,0x0000001daba00000)]
  0x000001d8bb048560 JavaThread "Daemon" [_thread_blocked, id=11036, stack(0x0000001daba00000,0x0000001dabb00000)]
  0x000001d8bb048a30 JavaThread "Handler for socket connection from /127.0.0.1:60249 to /127.0.0.1:60250" [_thread_in_native, id=9404, stack(0x0000001dabb00000,0x0000001dabc00000)]
  0x000001d8bb492040 JavaThread "Cancel handler" [_thread_blocked, id=15284, stack(0x0000001dabc00000,0x0000001dabd00000)]
  0x000001d8bb12f690 JavaThread "Daemon worker" [_thread_blocked, id=2868, stack(0x0000001dabd00000,0x0000001dabe00000)]
  0x000001d8bb5484e0 JavaThread "Asynchronous log dispatcher for DefaultDaemonConnection: socket connection from /127.0.0.1:60249 to /127.0.0.1:60250" [_thread_blocked, id=7972, stack(0x0000001dabe00000,0x0000001dabf00000)]
  0x000001d8b9c91a00 JavaThread "Stdin handler" [_thread_blocked, id=8412, stack(0x0000001dabf00000,0x0000001dac000000)]
  0x000001d8b9c8fd20 JavaThread "Daemon client event forwarder" [_thread_blocked, id=4000, stack(0x0000001dac000000,0x0000001dac100000)]
  0x000001d8b9c92d40 JavaThread "Cache worker for file hash cache (C:\Users\Umby\.gradle\caches\7.0.2\fileHashes)" [_thread_blocked, id=11624, stack(0x0000001dac100000,0x0000001dac200000)]
  0x000001d8b9c936e0 JavaThread "File lock request listener" [_thread_in_native, id=9468, stack(0x0000001dac200000,0x0000001dac300000)]
  0x000001d8b9c901f0 JavaThread "Cache worker for journal cache (C:\Users\Umby\.gradle\caches\journal-1)" [_thread_blocked, id=13984, stack(0x0000001dab500000,0x0000001dab600000)]
  0x000001d8b9c906c0 JavaThread "Cache worker for file hash cache (C:\Users\Umby\AndroidStudioProjects\Natour2022\.gradle\7.0.2\fileHashes)" [_thread_blocked, id=15500, stack(0x0000001dacb00000,0x0000001dacc00000)]
  0x000001d8b9c91060 JavaThread "File watcher server" daemon [_thread_in_native, id=9664, stack(0x0000001dacc00000,0x0000001dacd00000)]
  0x000001d8b9c91530 JavaThread "File watcher consumer" daemon [_thread_blocked, id=13128, stack(0x0000001dacd00000,0x0000001dace00000)]
  0x000001d8b9c92870 JavaThread "Cache worker for checksums cache (C:\Users\Umby\AndroidStudioProjects\Natour2022\.gradle\checksums)" [_thread_blocked, id=14888, stack(0x0000001dace00000,0x0000001dacf00000)]
  0x000001d8b9c91ed0 JavaThread "Cache worker for cache directory md-supplier (C:\Users\Umby\.gradle\caches\7.0.2\md-supplier)" [_thread_blocked, id=3636, stack(0x0000001dacf00000,0x0000001dad000000)]
  0x000001d8bc189d60 JavaThread "Cache worker for cache directory md-rule (C:\Users\Umby\.gradle\caches\7.0.2\md-rule)" [_thread_blocked, id=552, stack(0x0000001dad000000,0x0000001dad100000)]
  0x000001d8bc189890 JavaThread "Cache worker for execution history cache (C:\Users\Umby\.gradle\caches\7.0.2\executionHistory)" [_thread_blocked, id=8012, stack(0x0000001dad200000,0x0000001dad300000)]
  0x000001d8bc18ba40 JavaThread "jar transforms" [_thread_blocked, id=15140, stack(0x0000001dad300000,0x0000001dad400000)]
  0x000001d8bc18bf10 JavaThread "jar transforms Thread 2" [_thread_blocked, id=6680, stack(0x0000001dad400000,0x0000001dad500000)]
  0x000001d8bc18abd0 JavaThread "Cache worker for file content cache (C:\Users\Umby\.gradle\caches\7.0.2\fileContent)" [_thread_blocked, id=14820, stack(0x0000001dad500000,0x0000001dad600000)]
  0x000001d8bc18a700 JavaThread "Cache worker for dependencies-accessors (C:\Users\Umby\AndroidStudioProjects\Natour2022\.gradle\7.0.2\dependencies-accessors)" [_thread_blocked, id=6800, stack(0x0000001dad600000,0x0000001dad700000)]
  0x000001d8bc186d40 JavaThread "jar transforms Thread 3" [_thread_blocked, id=2572, stack(0x0000001dad700000,0x0000001dad800000)]
  0x000001d8bc187210 JavaThread "Cache worker for Build Output Cleanup Cache (C:\Users\Umby\AndroidStudioProjects\Natour2022\.gradle\buildOutputCleanup)" [_thread_blocked, id=13640, stack(0x0000001dad800000,0x0000001dad900000)]
  0x000001d8bc188080 JavaThread "Build operations" [_thread_blocked, id=11244, stack(0x0000001dad900000,0x0000001dada00000)]
  0x000001d8bc18b570 JavaThread "Build operations Thread 2" [_thread_blocked, id=16372, stack(0x0000001dada00000,0x0000001dadb00000)]
  0x000001d8bc185530 JavaThread "Build operations Thread 3" [_thread_blocked, id=14080, stack(0x0000001dadb00000,0x0000001dadc00000)]
  0x000001d8bc1876e0 JavaThread "Build operations Thread 4" [_thread_blocked, id=4984, stack(0x0000001dadc00000,0x0000001dadd00000)]
  0x000001d8bc185a00 JavaThread "Build operations Thread 5" [_thread_blocked, id=9020, stack(0x0000001dadd00000,0x0000001dade00000)]
  0x000001d8bc185ed0 JavaThread "Build operations Thread 6" [_thread_blocked, id=15708, stack(0x0000001dade00000,0x0000001dadf00000)]
  0x000001d8bc188a20 JavaThread "Build operations Thread 7" [_thread_blocked, id=10228, stack(0x0000001dadf00000,0x0000001dae000000)]
  0x000001d8bc188ef0 JavaThread "Build operations Thread 8" [_thread_blocked, id=11448, stack(0x0000001dae000000,0x0000001dae100000)]
  0x000001d8bc1863a0 JavaThread "jar transforms Thread 4" [_thread_blocked, id=16048, stack(0x0000001dae100000,0x0000001dae200000)]
  0x000001d8bc186870 JavaThread "jar transforms Thread 5" [_thread_blocked, id=7496, stack(0x0000001dae200000,0x0000001dae300000)]
  0x000001d8bc188550 JavaThread "jar transforms Thread 6" [_thread_blocked, id=2584, stack(0x0000001dae300000,0x0000001dae400000)]
  0x000001d8bc1893c0 JavaThread "jar transforms Thread 7" [_thread_blocked, id=15800, stack(0x0000001dae400000,0x0000001dae500000)]
  0x000001d8bd2ffb60 JavaThread "jar transforms Thread 8" [_thread_blocked, id=16040, stack(0x0000001dae500000,0x0000001dae600000)]
  0x000001d8bd303ec0 JavaThread "Memory manager" [_thread_blocked, id=5740, stack(0x0000001dae600000,0x0000001dae700000)]
  0x000001d8bd304860 JavaThread "build event listener" [_thread_blocked, id=2540, stack(0x0000001dae700000,0x0000001dae800000)]
  0x000001d8bd3009d0 JavaThread "Execution worker for ':'" [_thread_blocked, id=1176, stack(0x0000001dae800000,0x0000001dae900000)]
  0x000001d8bd300500 JavaThread "Execution worker for ':' Thread 2" [_thread_blocked, id=11648, stack(0x0000001dae900000,0x0000001daea00000)]
  0x000001d8bd301370 JavaThread "Execution worker for ':' Thread 3" [_thread_in_Java, id=12640, stack(0x0000001daea00000,0x0000001daeb00000)]
  0x000001d8bd306ee0 JavaThread "Execution worker for ':' Thread 4" [_thread_blocked, id=15192, stack(0x0000001daeb00000,0x0000001daec00000)]
  0x000001d8bd304d30 JavaThread "Execution worker for ':' Thread 5" [_thread_blocked, id=11944, stack(0x0000001daec00000,0x0000001daed00000)]
  0x000001d8bd300ea0 JavaThread "Execution worker for ':' Thread 6" [_thread_blocked, id=13964, stack(0x0000001daed00000,0x0000001daee00000)]
  0x000001d8bd303520 JavaThread "Execution worker for ':' Thread 7" [_thread_blocked, id=9000, stack(0x0000001daee00000,0x0000001daef00000)]
  0x000001d8bd301840 JavaThread "Cache worker for execution history cache (C:\Users\Umby\AndroidStudioProjects\Natour2022\.gradle\7.0.2\executionHistory)" [_thread_blocked, id=3940, stack(0x0000001daef00000,0x0000001daf000000)]
  0x000001d8bc02ccf0 JavaThread "Cache worker for Java compile cache (C:\Users\Umby\.gradle\caches\7.0.2\javaCompile)" [_thread_blocked, id=984, stack(0x0000001daf000000,0x0000001daf100000)]
  0x000001d8bc02c820 JavaThread "Cache worker for Java compile cache (C:\Users\Umby\AndroidStudioProjects\Natour2022\.gradle\7.0.2\javaCompile)" [_thread_blocked, id=13904, stack(0x0000001daf100000,0x0000001daf200000)]
  0x000001d8be069950 JavaThread "C2 CompilerThread1" daemon [_thread_blocked, id=10336, stack(0x0000001dac300000,0x0000001dac400000)]
  0x000001d8be06b2a0 JavaThread "C2 CompilerThread2" daemon [_thread_blocked, id=13212, stack(0x0000001daca00000,0x0000001dacb00000)]
  0x000001d8c179d020 JavaThread "WorkerExecutor Queue" [_thread_blocked, id=6216, stack(0x0000001daf700000,0x0000001daf800000)]
  0x000001d8c179d4f0 JavaThread "WorkerExecutor Queue Thread 2" [_thread_blocked, id=2852, stack(0x0000001daf800000,0x0000001daf900000)]
  0x000001d8c6d1f590 JavaThread "WorkerExecutor Queue Thread 4" [_thread_blocked, id=15732, stack(0x0000001dafa00000,0x0000001dafb00000)]
  0x000001d8c6d1d8b0 JavaThread "WorkerExecutor Queue Thread 5" [_thread_blocked, id=13888, stack(0x0000001dafb00000,0x0000001dafc00000)]
  0x000001d8c6d1ff30 JavaThread "WorkerExecutor Queue Thread 6" [_thread_blocked, id=7184, stack(0x0000001dafc00000,0x0000001dafd00000)]
  0x000001d8c6d1fa60 JavaThread "WorkerExecutor Queue Thread 7" [_thread_blocked, id=13740, stack(0x0000001dafd00000,0x0000001dafe00000)]
  0x000001d8c6d21270 JavaThread "WorkerExecutor Queue Thread 8" [_thread_blocked, id=4344, stack(0x0000001dafe00000,0x0000001daff00000)]
  0x000001d8c36adbe0 JavaThread "WorkerExecutor Queue Thread 10" [_thread_blocked, id=11156, stack(0x0000001daff00000,0x0000001db0000000)]
  0x000001d8bd3056d0 JavaThread "ForkJoinPool.commonPool-worker-3" daemon [_thread_blocked, id=8084, stack(0x0000001daf900000,0x0000001dafa00000)]
  0x000001d8bd305ba0 JavaThread "ForkJoinPool.commonPool-worker-5" daemon [_thread_blocked, id=14308, stack(0x0000001db0000000,0x0000001db0100000)]
  0x000001d8b9c9c180 JavaThread "ForkJoinPool.commonPool-worker-7" daemon [_thread_blocked, id=15812, stack(0x0000001db0100000,0x0000001db0200000)]
  0x000001d8c36aba30 JavaThread "ForkJoinPool.commonPool-worker-9" daemon [_thread_blocked, id=9936, stack(0x0000001db0200000,0x0000001db0300000)]
  0x000001d8c36ab560 JavaThread "ForkJoinPool.commonPool-worker-11" daemon [_thread_blocked, id=13368, stack(0x0000001db0300000,0x0000001db0400000)]
  0x000001d8bc02be80 JavaThread "ForkJoinPool.commonPool-worker-13" daemon [_thread_blocked, id=7892, stack(0x0000001db0400000,0x0000001db0500000)]
  0x000001d8c36ad240 JavaThread "ForkJoinPool.commonPool-worker-15" daemon [_thread_blocked, id=15984, stack(0x0000001db0500000,0x0000001db0600000)]

Other Threads:
  0x000001d8b91dad90 VMThread "VM Thread" [stack: 0x0000001daa800000,0x0000001daa900000] [id=14712]
  0x000001d8b9c981b0 WatcherThread [stack: 0x0000001dab300000,0x0000001dab400000] [id=280]
  0x000001d89a6b0510 GCTaskThread "GC Thread#0" [stack: 0x0000001daa300000,0x0000001daa400000] [id=2716]
  0x000001d8ba7e6060 GCTaskThread "GC Thread#1" [stack: 0x0000001dab600000,0x0000001dab700000] [id=9152]
  0x000001d8ba7e8370 GCTaskThread "GC Thread#2" [stack: 0x0000001dac400000,0x0000001dac500000] [id=11920]
  0x000001d8ba7e66c0 GCTaskThread "GC Thread#3" [stack: 0x0000001dac500000,0x0000001dac600000] [id=8404]
  0x000001d8ba7e79e0 GCTaskThread "GC Thread#4" [stack: 0x0000001dac600000,0x0000001dac700000] [id=10880]
  0x000001d8ba7e76b0 GCTaskThread "GC Thread#5" [stack: 0x0000001dac700000,0x0000001dac800000] [id=11900]
  0x000001d8ba7e6d20 GCTaskThread "GC Thread#6" [stack: 0x0000001dac800000,0x0000001dac900000] [id=15464]
  0x000001d8ba7e7050 GCTaskThread "GC Thread#7" [stack: 0x0000001dac900000,0x0000001daca00000] [id=8660]
  0x000001d89a6c22c0 ConcurrentGCThread "G1 Main Marker" [stack: 0x0000001daa400000,0x0000001daa500000] [id=3648]
  0x000001d89a6c2b00 ConcurrentGCThread "G1 Conc#0" [stack: 0x0000001daa500000,0x0000001daa600000] [id=8092]
  0x000001d8bb30e5e0 ConcurrentGCThread "G1 Conc#1" [stack: 0x0000001dad100000,0x0000001dad200000] [id=12680]
  0x000001d89a73eb20 ConcurrentGCThread "G1 Refine#0" [stack: 0x0000001daa600000,0x0000001daa700000] [id=14064]
  0x000001d8bab633b0 ConcurrentGCThread "G1 Refine#1" [stack: 0x0000001dab700000,0x0000001dab800000] [id=10276]
  0x000001d8c0d3c860 ConcurrentGCThread "G1 Refine#2" [stack: 0x0000001daf200000,0x0000001daf300000] [id=2924]
  0x000001d8c0d3bae0 ConcurrentGCThread "G1 Refine#3" [stack: 0x0000001daf300000,0x0000001daf400000] [id=12604]
  0x000001d8c0d3b0c0 ConcurrentGCThread "G1 Refine#4" [stack: 0x0000001daf400000,0x0000001daf500000] [id=688]
  0x000001d8c0d3b780 ConcurrentGCThread "G1 Refine#5" [stack: 0x0000001daf500000,0x0000001daf600000] [id=4528]
  0x000001d8c0d3a340 ConcurrentGCThread "G1 Refine#6" [stack: 0x0000001daf600000,0x0000001daf700000] [id=12472]
  0x000001d89a73f370 ConcurrentGCThread "G1 Young RemSet Sampling" [stack: 0x0000001daa700000,0x0000001daa800000] [id=14972]

Threads with active compile tasks:
C2 CompilerThread0    32180 20486   !   4       java.io.ObjectOutputStream::writeObject0 (620 bytes)

VM state: not at safepoint (normal execution)

VM Mutex/Monitor currently owned by a thread: None

Heap address: 0x0000000080000000, size: 2048 MB, Compressed Oops mode: 32-bit
CDS archive(s) mapped at: [0x0000000800000000-0x0000000800b50000-0x0000000800b50000), size 11862016, SharedBaseAddress: 0x0000000800000000, ArchiveRelocationMode: 0.
Compressed class space mapped at: 0x0000000800b50000-0x0000000840b50000, size: 1073741824
Narrow klass base: 0x0000000800000000, Narrow klass shift: 3, Narrow klass range: 0x100000000

GC Precious Log:
 CPUs: 8 total, 8 available
 Memory: 7069M
 Large Page Support: Disabled
 NUMA Support: Disabled
 Compressed Oops: Enabled (32-bit)
 Heap Region Size: 1M
 Heap Min Capacity: 8M
 Heap Initial Capacity: 112M
 Heap Max Capacity: 2G
 Pre-touch: Disabled
 Parallel Workers: 8
 Concurrent Workers: 2
 Concurrent Refinement Workers: 8
 Periodic GC: Disabled

Heap:
 garbage-first heap   total 344064K, used 183505K [0x0000000080000000, 0x0000000100000000)
  region size 1024K, 8 young (8192K), 6 survivors (6144K)
 Metaspace       used 113403K, capacity 114920K, committed 115120K, reserved 1148928K
  class space    used 14564K, capacity 15047K, committed 15104K, reserved 1048576K

Heap Regions: E=young(eden), S=young(survivor), O=old, HS=humongous(starts), HC=humongous(continues), CS=collection set, F=free, OA=open archive, CA=closed archive, TAMS=top-at-mark-start (previous, next)
|   0|0x0000000080000000, 0x0000000080100000, 0x0000000080100000|100%| O|  |TAMS 0x0000000080100000, 0x0000000080100000| Untracked 
|   1|0x0000000080100000, 0x0000000080200000, 0x0000000080200000|100%| O|  |TAMS 0x0000000080200000, 0x0000000080200000| Untracked 
|   2|0x0000000080200000, 0x0000000080300000, 0x0000000080300000|100%| O|  |TAMS 0x0000000080300000, 0x0000000080300000| Untracked 
|   3|0x0000000080300000, 0x0000000080400000, 0x0000000080400000|100%|HS|  |TAMS 0x0000000080400000, 0x0000000080400000| Complete 
|   4|0x0000000080400000, 0x0000000080500000, 0x0000000080500000|100%|HC|  |TAMS 0x0000000080500000, 0x0000000080500000| Complete 
|   5|0x0000000080500000, 0x0000000080600000, 0x0000000080600000|100%|HC|  |TAMS 0x0000000080600000, 0x0000000080600000| Complete 
|   6|0x0000000080600000, 0x0000000080700000, 0x0000000080700000|100%| O|  |TAMS 0x0000000080700000, 0x0000000080700000| Untracked 
|   7|0x0000000080700000, 0x0000000080800000, 0x0000000080800000|100%| O|  |TAMS 0x0000000080800000, 0x0000000080800000| Untracked 
|   8|0x0000000080800000, 0x0000000080900000, 0x0000000080900000|100%| O|  |TAMS 0x0000000080900000, 0x0000000080900000| Untracked 
|   9|0x0000000080900000, 0x0000000080a00000, 0x0000000080a00000|100%| O|  |TAMS 0x0000000080a00000, 0x0000000080a00000| Untracked 
|  10|0x0000000080a00000, 0x0000000080b00000, 0x0000000080b00000|100%| O|  |TAMS 0x0000000080b00000, 0x0000000080b00000| Untracked 
|  11|0x0000000080b00000, 0x0000000080c00000, 0x0000000080c00000|100%| O|  |TAMS 0x0000000080c00000, 0x0000000080c00000| Untracked 
|  12|0x0000000080c00000, 0x0000000080d00000, 0x0000000080d00000|100%| O|  |TAMS 0x0000000080d00000, 0x0000000080d00000| Untracked 
|  13|0x0000000080d00000, 0x0000000080e00000, 0x0000000080e00000|100%| O|  |TAMS 0x0000000080e00000, 0x0000000080e00000| Untracked 
|  14|0x0000000080e00000, 0x0000000080f00000, 0x0000000080f00000|100%| O|  |TAMS 0x0000000080f00000, 0x0000000080f00000| Untracked 
|  15|0x0000000080f00000, 0x0000000081000000, 0x0000000081000000|100%| O|  |TAMS 0x0000000081000000, 0x0000000081000000| Untracked 
|  16|0x0000000081000000, 0x00000000810ce200, 0x0000000081100000| 80%| O|  |TAMS 0x00000000810ce200, 0x00000000810ce200| Untracked 
|  17|0x0000000081100000, 0x0000000081200000, 0x0000000081200000|100%| O|  |TAMS 0x0000000081100000, 0x0000000081100000| Untracked 
|  18|0x0000000081200000, 0x0000000081300000, 0x0000000081300000|100%| O|  |TAMS 0x0000000081300000, 0x0000000081300000| Untracked 
|  19|0x0000000081300000, 0x0000000081400000, 0x0000000081400000|100%| O|  |TAMS 0x0000000081400000, 0x0000000081400000| Untracked 
|  20|0x0000000081400000, 0x0000000081500000, 0x0000000081500000|100%| O|  |TAMS 0x0000000081500000, 0x0000000081500000| Untracked 
|  21|0x0000000081500000, 0x0000000081600000, 0x0000000081600000|100%| O|  |TAMS 0x0000000081600000, 0x0000000081600000| Untracked 
|  22|0x0000000081600000, 0x0000000081700000, 0x0000000081700000|100%| O|  |TAMS 0x0000000081700000, 0x0000000081700000| Untracked 
|  23|0x0000000081700000, 0x0000000081800000, 0x0000000081800000|100%|HS|  |TAMS 0x0000000081800000, 0x0000000081800000| Complete 
|  24|0x0000000081800000, 0x0000000081900000, 0x0000000081900000|100%|HS|  |TAMS 0x0000000081900000, 0x0000000081900000| Complete 
|  25|0x0000000081900000, 0x0000000081a00000, 0x0000000081a00000|100%| O|  |TAMS 0x0000000081a00000, 0x0000000081a00000| Untracked 
|  26|0x0000000081a00000, 0x0000000081b00000, 0x0000000081b00000|100%| O|  |TAMS 0x0000000081b00000, 0x0000000081b00000| Untracked 
|  27|0x0000000081b00000, 0x0000000081c00000, 0x0000000081c00000|100%| O|  |TAMS 0x0000000081c00000, 0x0000000081c00000| Untracked 
|  28|0x0000000081c00000, 0x0000000081d00000, 0x0000000081d00000|100%| O|  |TAMS 0x0000000081d00000, 0x0000000081d00000| Untracked 
|  29|0x0000000081d00000, 0x0000000081e00000, 0x0000000081e00000|100%| O|  |TAMS 0x0000000081e00000, 0x0000000081e00000| Untracked 
|  30|0x0000000081e00000, 0x0000000081f00000, 0x0000000081f00000|100%| O|  |TAMS 0x0000000081f00000, 0x0000000081f00000| Untracked 
|  31|0x0000000081f00000, 0x0000000082000000, 0x0000000082000000|100%| O|  |TAMS 0x0000000082000000, 0x0000000082000000| Untracked 
|  32|0x0000000082000000, 0x0000000082100000, 0x0000000082100000|100%| O|  |TAMS 0x0000000082100000, 0x0000000082100000| Untracked 
|  33|0x0000000082100000, 0x0000000082200000, 0x0000000082200000|100%| O|  |TAMS 0x0000000082200000, 0x0000000082200000| Untracked 
|  34|0x0000000082200000, 0x0000000082300000, 0x0000000082300000|100%| O|  |TAMS 0x0000000082300000, 0x0000000082300000| Untracked 
|  35|0x0000000082300000, 0x0000000082400000, 0x0000000082400000|100%| O|  |TAMS 0x0000000082400000, 0x0000000082400000| Untracked 
|  36|0x0000000082400000, 0x0000000082500000, 0x0000000082500000|100%| O|  |TAMS 0x0000000082500000, 0x0000000082500000| Untracked 
|  37|0x0000000082500000, 0x0000000082600000, 0x0000000082600000|100%|HS|  |TAMS 0x0000000082600000, 0x0000000082600000| Complete 
|  38|0x0000000082600000, 0x0000000082700000, 0x0000000082700000|100%|HC|  |TAMS 0x0000000082700000, 0x0000000082700000| Complete 
|  39|0x0000000082700000, 0x0000000082800000, 0x0000000082800000|100%| O|  |TAMS 0x0000000082800000, 0x0000000082800000| Untracked 
|  40|0x0000000082800000, 0x0000000082900000, 0x0000000082900000|100%| O|  |TAMS 0x0000000082900000, 0x0000000082900000| Untracked 
|  41|0x0000000082900000, 0x0000000082a00000, 0x0000000082a00000|100%| O|  |TAMS 0x0000000082a00000, 0x0000000082a00000| Untracked 
|  42|0x0000000082a00000, 0x0000000082b00000, 0x0000000082b00000|100%| O|  |TAMS 0x0000000082b00000, 0x0000000082b00000| Untracked 
|  43|0x0000000082b00000, 0x0000000082c00000, 0x0000000082c00000|100%| O|  |TAMS 0x0000000082c00000, 0x0000000082c00000| Untracked 
|  44|0x0000000082c00000, 0x0000000082d00000, 0x0000000082d00000|100%| O|  |TAMS 0x0000000082d00000, 0x0000000082d00000| Untracked 
|  45|0x0000000082d00000, 0x0000000082e00000, 0x0000000082e00000|100%| O|  |TAMS 0x0000000082e00000, 0x0000000082e00000| Untracked 
|  46|0x0000000082e00000, 0x0000000082f00000, 0x0000000082f00000|100%| O|  |TAMS 0x0000000082f00000, 0x0000000082f00000| Untracked 
|  47|0x0000000082f00000, 0x0000000083000000, 0x0000000083000000|100%| O|  |TAMS 0x0000000083000000, 0x0000000083000000| Untracked 
|  48|0x0000000083000000, 0x0000000083100000, 0x0000000083100000|100%| O|  |TAMS 0x0000000083100000, 0x0000000083100000| Untracked 
|  49|0x0000000083100000, 0x0000000083200000, 0x0000000083200000|100%| O|  |TAMS 0x0000000083200000, 0x0000000083200000| Untracked 
|  50|0x0000000083200000, 0x0000000083300000, 0x0000000083300000|100%| O|  |TAMS 0x0000000083300000, 0x0000000083300000| Untracked 
|  51|0x0000000083300000, 0x0000000083400000, 0x0000000083400000|100%| O|  |TAMS 0x0000000083400000, 0x0000000083400000| Untracked 
|  52|0x0000000083400000, 0x0000000083500000, 0x0000000083500000|100%| O|  |TAMS 0x0000000083500000, 0x0000000083500000| Untracked 
|  53|0x0000000083500000, 0x0000000083600000, 0x0000000083600000|100%| O|  |TAMS 0x0000000083600000, 0x0000000083600000| Untracked 
|  54|0x0000000083600000, 0x0000000083700000, 0x0000000083700000|100%| O|  |TAMS 0x0000000083700000, 0x0000000083700000| Untracked 
|  55|0x0000000083700000, 0x0000000083800000, 0x0000000083800000|100%| O|  |TAMS 0x0000000083800000, 0x0000000083800000| Untracked 
|  56|0x0000000083800000, 0x0000000083900000, 0x0000000083900000|100%| O|  |TAMS 0x0000000083900000, 0x0000000083900000| Untracked 
|  57|0x0000000083900000, 0x0000000083a00000, 0x0000000083a00000|100%| O|  |TAMS 0x0000000083a00000, 0x0000000083a00000| Untracked 
|  58|0x0000000083a00000, 0x0000000083b00000, 0x0000000083b00000|100%| O|  |TAMS 0x0000000083b00000, 0x0000000083b00000| Untracked 
|  59|0x0000000083b00000, 0x0000000083c00000, 0x0000000083c00000|100%| O|  |TAMS 0x0000000083c00000, 0x0000000083c00000| Untracked 
|  60|0x0000000083c00000, 0x0000000083d00000, 0x0000000083d00000|100%| O|  |TAMS 0x0000000083d00000, 0x0000000083d00000| Untracked 
|  61|0x0000000083d00000, 0x0000000083e00000, 0x0000000083e00000|100%| O|  |TAMS 0x0000000083e00000, 0x0000000083e00000| Untracked 
|  62|0x0000000083e00000, 0x0000000083f00000, 0x0000000083f00000|100%| O|  |TAMS 0x0000000083f00000, 0x0000000083f00000| Untracked 
|  63|0x0000000083f00000, 0x0000000084000000, 0x0000000084000000|100%| O|  |TAMS 0x0000000084000000, 0x0000000084000000| Untracked 
|  64|0x0000000084000000, 0x0000000084100000, 0x0000000084100000|100%| O|  |TAMS 0x0000000084100000, 0x0000000084100000| Untracked 
|  65|0x0000000084100000, 0x0000000084200000, 0x0000000084200000|100%| O|  |TAMS 0x0000000084200000, 0x0000000084200000| Untracked 
|  66|0x0000000084200000, 0x0000000084300000, 0x0000000084300000|100%| O|  |TAMS 0x0000000084300000, 0x0000000084300000| Untracked 
|  67|0x0000000084300000, 0x0000000084400000, 0x0000000084400000|100%| O|  |TAMS 0x0000000084400000, 0x0000000084400000| Untracked 
|  68|0x0000000084400000, 0x0000000084500000, 0x0000000084500000|100%| O|  |TAMS 0x0000000084500000, 0x0000000084500000| Untracked 
|  69|0x0000000084500000, 0x0000000084600000, 0x0000000084600000|100%| O|  |TAMS 0x0000000084600000, 0x0000000084600000| Untracked 
|  70|0x0000000084600000, 0x0000000084700000, 0x0000000084700000|100%| O|  |TAMS 0x0000000084700000, 0x0000000084700000| Untracked 
|  71|0x0000000084700000, 0x0000000084800000, 0x0000000084800000|100%| O|  |TAMS 0x0000000084800000, 0x0000000084800000| Untracked 
|  72|0x0000000084800000, 0x0000000084900000, 0x0000000084900000|100%| O|  |TAMS 0x0000000084800000, 0x0000000084800000| Untracked 
|  73|0x0000000084900000, 0x0000000084900000, 0x0000000084a00000|  0%| F|  |TAMS 0x0000000084900000, 0x0000000084900000| Untracked 
|  74|0x0000000084a00000, 0x0000000084b00000, 0x0000000084b00000|100%| O|  |TAMS 0x0000000084b00000, 0x0000000084b00000| Untracked 
|  75|0x0000000084b00000, 0x0000000084c00000, 0x0000000084c00000|100%| O|  |TAMS 0x0000000084c00000, 0x0000000084c00000| Untracked 
|  76|0x0000000084c00000, 0x0000000084d00000, 0x0000000084d00000|100%| O|  |TAMS 0x0000000084d00000, 0x0000000084d00000| Untracked 
|  77|0x0000000084d00000, 0x0000000084e00000, 0x0000000084e00000|100%| O|  |TAMS 0x0000000084d00000, 0x0000000084d00000| Untracked 
|  78|0x0000000084e00000, 0x0000000084f00000, 0x0000000084f00000|100%|HS|  |TAMS 0x0000000084e00000, 0x0000000084e00000| Complete 
|  79|0x0000000084f00000, 0x0000000085000000, 0x0000000085000000|100%|HC|  |TAMS 0x0000000084f00000, 0x0000000084f00000| Complete 
|  80|0x0000000085000000, 0x0000000085100000, 0x0000000085100000|100%|HS|  |TAMS 0x0000000085000000, 0x0000000085000000| Complete 
|  81|0x0000000085100000, 0x0000000085200000, 0x0000000085200000|100%|HC|  |TAMS 0x0000000085100000, 0x0000000085100000| Complete 
|  82|0x0000000085200000, 0x0000000085200000, 0x0000000085300000|  0%| F|  |TAMS 0x0000000085200000, 0x0000000085200000| Untracked 
|  83|0x0000000085300000, 0x0000000085400000, 0x0000000085400000|100%|HS|  |TAMS 0x0000000085300000, 0x0000000085400000| Complete 
|  84|0x0000000085400000, 0x0000000085500000, 0x0000000085500000|100%|HS|  |TAMS 0x0000000085400000, 0x0000000085500000| Complete 
|  85|0x0000000085500000, 0x0000000085600000, 0x0000000085600000|100%|HS|  |TAMS 0x0000000085500000, 0x0000000085600000| Complete 
|  86|0x0000000085600000, 0x0000000085700000, 0x0000000085700000|100%|HC|  |TAMS 0x0000000085600000, 0x0000000085700000| Complete 
|  87|0x0000000085700000, 0x0000000085800000, 0x0000000085800000|100%|HS|  |TAMS 0x0000000085700000, 0x0000000085800000| Complete 
|  88|0x0000000085800000, 0x0000000085900000, 0x0000000085900000|100%| O|  |TAMS 0x0000000085900000, 0x0000000085900000| Untracked 
|  89|0x0000000085900000, 0x0000000085900000, 0x0000000085a00000|  0%| F|  |TAMS 0x0000000085900000, 0x0000000085900000| Untracked 
|  90|0x0000000085a00000, 0x0000000085b00000, 0x0000000085b00000|100%| O|  |TAMS 0x0000000085a00000, 0x0000000085a00000| Untracked 
|  91|0x0000000085b00000, 0x0000000085c00000, 0x0000000085c00000|100%| O|  |TAMS 0x0000000085c00000, 0x0000000085c00000| Untracked 
|  92|0x0000000085c00000, 0x0000000085d00000, 0x0000000085d00000|100%| O|  |TAMS 0x0000000085d00000, 0x0000000085d00000| Untracked 
|  93|0x0000000085d00000, 0x0000000085e00000, 0x0000000085e00000|100%| O|  |TAMS 0x0000000085e00000, 0x0000000085e00000| Untracked 
|  94|0x0000000085e00000, 0x0000000085f00000, 0x0000000085f00000|100%| O|  |TAMS 0x0000000085f00000, 0x0000000085f00000| Untracked 
|  95|0x0000000085f00000, 0x0000000086000000, 0x0000000086000000|100%| O|  |TAMS 0x0000000086000000, 0x0000000086000000| Untracked 
|  96|0x0000000086000000, 0x0000000086100000, 0x0000000086100000|100%| O|  |TAMS 0x0000000086100000, 0x0000000086100000| Untracked 
|  97|0x0000000086100000, 0x0000000086200000, 0x0000000086200000|100%|HS|  |TAMS 0x0000000086100000, 0x0000000086100000| Complete 
|  98|0x0000000086200000, 0x0000000086300000, 0x0000000086300000|100%|HC|  |TAMS 0x0000000086200000, 0x0000000086200000| Complete 
|  99|0x0000000086300000, 0x0000000086400000, 0x0000000086400000|100%|HS|  |TAMS 0x0000000086300000, 0x0000000086300000| Complete 
| 100|0x0000000086400000, 0x0000000086500000, 0x0000000086500000|100%|HC|  |TAMS 0x0000000086400000, 0x0000000086400000| Complete 
| 101|0x0000000086500000, 0x0000000086600000, 0x0000000086600000|100%| O|  |TAMS 0x0000000086500000, 0x0000000086500000| Untracked 
| 102|0x0000000086600000, 0x0000000086700000, 0x0000000086700000|100%| O|  |TAMS 0x0000000086700000, 0x0000000086700000| Untracked 
| 103|0x0000000086700000, 0x0000000086800000, 0x0000000086800000|100%| O|  |TAMS 0x0000000086800000, 0x0000000086800000| Untracked 
| 104|0x0000000086800000, 0x0000000086900000, 0x0000000086900000|100%| O|  |TAMS 0x0000000086900000, 0x0000000086900000| Untracked 
| 105|0x0000000086900000, 0x0000000086a00000, 0x0000000086a00000|100%| O|  |TAMS 0x0000000086a00000, 0x0000000086a00000| Untracked 
| 106|0x0000000086a00000, 0x0000000086b00000, 0x0000000086b00000|100%|HS|  |TAMS 0x0000000086a00000, 0x0000000086b00000| Complete 
| 107|0x0000000086b00000, 0x0000000086c00000, 0x0000000086c00000|100%|HC|  |TAMS 0x0000000086b00000, 0x0000000086c00000| Complete 
| 108|0x0000000086c00000, 0x0000000086d00000, 0x0000000086d00000|100%| O|  |TAMS 0x0000000086c00000, 0x0000000086c00000| Untracked 
| 109|0x0000000086d00000, 0x0000000086d19600, 0x0000000086e00000|  9%| O|  |TAMS 0x0000000086d00000, 0x0000000086d00000| Untracked 
| 110|0x0000000086e00000, 0x0000000086f00000, 0x0000000086f00000|100%| O|  |TAMS 0x0000000086f00000, 0x0000000086f00000| Untracked 
| 111|0x0000000086f00000, 0x0000000086f00000, 0x0000000087000000|  0%| F|  |TAMS 0x0000000086f00000, 0x0000000086f00000| Untracked 
| 112|0x0000000087000000, 0x0000000087100000, 0x0000000087100000|100%| O|  |TAMS 0x0000000087100000, 0x0000000087100000| Untracked 
| 113|0x0000000087100000, 0x0000000087200000, 0x0000000087200000|100%|HS|  |TAMS 0x0000000087100000, 0x0000000087100000| Complete 
| 114|0x0000000087200000, 0x0000000087300000, 0x0000000087300000|100%|HC|  |TAMS 0x0000000087200000, 0x0000000087200000| Complete 
| 115|0x0000000087300000, 0x0000000087300000, 0x0000000087400000|  0%| F|  |TAMS 0x0000000087300000, 0x0000000087300000| Untracked 
| 116|0x0000000087400000, 0x0000000087500000, 0x0000000087500000|100%| O|  |TAMS 0x0000000087500000, 0x0000000087500000| Untracked 
| 117|0x0000000087500000, 0x0000000087500000, 0x0000000087600000|  0%| F|  |TAMS 0x0000000087500000, 0x0000000087500000| Untracked 
| 118|0x0000000087600000, 0x0000000087700000, 0x0000000087700000|100%| O|  |TAMS 0x0000000087700000, 0x0000000087700000| Untracked 
| 119|0x0000000087700000, 0x0000000087800000, 0x0000000087800000|100%| O|  |TAMS 0x0000000087800000, 0x0000000087800000| Untracked 
| 120|0x0000000087800000, 0x0000000087900000, 0x0000000087900000|100%| O|  |TAMS 0x0000000087900000, 0x0000000087900000| Untracked 
| 121|0x0000000087900000, 0x0000000087a00000, 0x0000000087a00000|100%| O|  |TAMS 0x0000000087a00000, 0x0000000087a00000| Untracked 
| 122|0x0000000087a00000, 0x0000000087b00000, 0x0000000087b00000|100%| O|  |TAMS 0x0000000087b00000, 0x0000000087b00000| Untracked 
| 123|0x0000000087b00000, 0x0000000087c00000, 0x0000000087c00000|100%| O|  |TAMS 0x0000000087c00000, 0x0000000087c00000| Untracked 
| 124|0x0000000087c00000, 0x0000000087d00000, 0x0000000087d00000|100%| O|  |TAMS 0x0000000087d00000, 0x0000000087d00000| Untracked 
| 125|0x0000000087d00000, 0x0000000087e00000, 0x0000000087e00000|100%|HS|  |TAMS 0x0000000087d00000, 0x0000000087d00000| Complete 
| 126|0x0000000087e00000, 0x0000000087f00000, 0x0000000087f00000|100%|HC|  |TAMS 0x0000000087e00000, 0x0000000087e00000| Complete 
| 127|0x0000000087f00000, 0x0000000088000000, 0x0000000088000000|100%| O|  |TAMS 0x0000000088000000, 0x0000000088000000| Untracked 
| 128|0x0000000088000000, 0x0000000088100000, 0x0000000088100000|100%| O|  |TAMS 0x0000000088100000, 0x0000000088100000| Untracked 
| 129|0x0000000088100000, 0x0000000088100000, 0x0000000088200000|  0%| F|  |TAMS 0x0000000088100000, 0x0000000088100000| Untracked 
| 130|0x0000000088200000, 0x0000000088300000, 0x0000000088300000|100%| O|  |TAMS 0x0000000088300000, 0x0000000088300000| Untracked 
| 131|0x0000000088300000, 0x0000000088400000, 0x0000000088400000|100%| O|  |TAMS 0x0000000088400000, 0x0000000088400000| Untracked 
| 132|0x0000000088400000, 0x0000000088500000, 0x0000000088500000|100%| O|  |TAMS 0x0000000088500000, 0x0000000088500000| Untracked 
| 133|0x0000000088500000, 0x0000000088600000, 0x0000000088600000|100%| O|  |TAMS 0x0000000088600000, 0x0000000088600000| Untracked 
| 134|0x0000000088600000, 0x0000000088700000, 0x0000000088700000|100%| O|  |TAMS 0x0000000088700000, 0x0000000088700000| Untracked 
| 135|0x0000000088700000, 0x0000000088800000, 0x0000000088800000|100%| O|  |TAMS 0x0000000088800000, 0x0000000088800000| Untracked 
| 136|0x0000000088800000, 0x0000000088800000, 0x0000000088900000|  0%| F|  |TAMS 0x0000000088800000, 0x0000000088800000| Untracked 
| 137|0x0000000088900000, 0x0000000088a00000, 0x0000000088a00000|100%| O|  |TAMS 0x0000000088a00000, 0x0000000088a00000| Untracked 
| 138|0x0000000088a00000, 0x0000000088b00000, 0x0000000088b00000|100%| O|  |TAMS 0x0000000088b00000, 0x0000000088b00000| Untracked 
| 139|0x0000000088b00000, 0x0000000088c00000, 0x0000000088c00000|100%| O|  |TAMS 0x0000000088c00000, 0x0000000088c00000| Untracked 
| 140|0x0000000088c00000, 0x0000000088d00000, 0x0000000088d00000|100%| O|  |TAMS 0x0000000088d00000, 0x0000000088d00000| Untracked 
| 141|0x0000000088d00000, 0x0000000088e00000, 0x0000000088e00000|100%| O|  |TAMS 0x0000000088e00000, 0x0000000088e00000| Untracked 
| 142|0x0000000088e00000, 0x0000000088f00000, 0x0000000088f00000|100%| O|  |TAMS 0x0000000088f00000, 0x0000000088f00000| Untracked 
| 143|0x0000000088f00000, 0x0000000089000000, 0x0000000089000000|100%| O|  |TAMS 0x0000000089000000, 0x0000000089000000| Untracked 
| 144|0x0000000089000000, 0x0000000089100000, 0x0000000089100000|100%| O|  |TAMS 0x0000000089100000, 0x0000000089100000| Untracked 
| 145|0x0000000089100000, 0x0000000089200000, 0x0000000089200000|100%| O|  |TAMS 0x0000000089200000, 0x0000000089200000| Untracked 
| 146|0x0000000089200000, 0x0000000089300000, 0x0000000089300000|100%| O|  |TAMS 0x0000000089300000, 0x0000000089300000| Untracked 
| 147|0x0000000089300000, 0x0000000089400000, 0x0000000089400000|100%| O|  |TAMS 0x0000000089400000, 0x0000000089400000| Untracked 
| 148|0x0000000089400000, 0x0000000089500000, 0x0000000089500000|100%| O|  |TAMS 0x0000000089500000, 0x0000000089500000| Untracked 
| 149|0x0000000089500000, 0x0000000089600000, 0x0000000089600000|100%| O|  |TAMS 0x0000000089600000, 0x0000000089600000| Untracked 
| 150|0x0000000089600000, 0x0000000089700000, 0x0000000089700000|100%| O|  |TAMS 0x0000000089700000, 0x0000000089700000| Untracked 
| 151|0x0000000089700000, 0x0000000089800000, 0x0000000089800000|100%| O|  |TAMS 0x0000000089800000, 0x0000000089800000| Untracked 
| 152|0x0000000089800000, 0x0000000089900000, 0x0000000089900000|100%| O|  |TAMS 0x00000000898ce408, 0x0000000089900000| Untracked 
| 153|0x0000000089900000, 0x0000000089a00000, 0x0000000089a00000|100%| O|  |TAMS 0x0000000089900000, 0x0000000089a00000| Untracked 
| 154|0x0000000089a00000, 0x0000000089b00000, 0x0000000089b00000|100%| O|  |TAMS 0x0000000089a00000, 0x0000000089b00000| Untracked 
| 155|0x0000000089b00000, 0x0000000089c00000, 0x0000000089c00000|100%| O|  |TAMS 0x0000000089b00000, 0x0000000089c00000| Untracked 
| 156|0x0000000089c00000, 0x0000000089d00000, 0x0000000089d00000|100%| O|  |TAMS 0x0000000089c00000, 0x0000000089d00000| Untracked 
| 157|0x0000000089d00000, 0x0000000089e00000, 0x0000000089e00000|100%| O|  |TAMS 0x0000000089d00000, 0x0000000089e00000| Untracked 
| 158|0x0000000089e00000, 0x0000000089f00000, 0x0000000089f00000|100%| O|  |TAMS 0x0000000089e00000, 0x0000000089f00000| Untracked 
| 159|0x0000000089f00000, 0x000000008a000000, 0x000000008a000000|100%|HS|  |TAMS 0x0000000089f00000, 0x0000000089f00000| Complete 
| 160|0x000000008a000000, 0x000000008a100000, 0x000000008a100000|100%|HC|  |TAMS 0x000000008a000000, 0x000000008a000000| Complete 
| 161|0x000000008a100000, 0x000000008a200000, 0x000000008a200000|100%|HS|  |TAMS 0x000000008a100000, 0x000000008a200000| Complete 
| 162|0x000000008a200000, 0x000000008a200000, 0x000000008a300000|  0%| F|  |TAMS 0x000000008a200000, 0x000000008a200000| Untracked 
| 163|0x000000008a300000, 0x000000008a400000, 0x000000008a400000|100%| O|  |TAMS 0x000000008a300000, 0x000000008a400000| Untracked 
| 164|0x000000008a400000, 0x000000008a500000, 0x000000008a500000|100%| O|  |TAMS 0x000000008a400000, 0x000000008a500000| Untracked 
| 165|0x000000008a500000, 0x000000008a600000, 0x000000008a600000|100%| O|  |TAMS 0x000000008a500000, 0x000000008a600000| Untracked 
| 166|0x000000008a600000, 0x000000008a700000, 0x000000008a700000|100%| O|  |TAMS 0x000000008a600000, 0x000000008a700000| Untracked 
| 167|0x000000008a700000, 0x000000008a800000, 0x000000008a800000|100%| O|  |TAMS 0x000000008a700000, 0x000000008a800000| Untracked 
| 168|0x000000008a800000, 0x000000008a900000, 0x000000008a900000|100%| O|  |TAMS 0x000000008a800000, 0x000000008a900000| Untracked 
| 169|0x000000008a900000, 0x000000008aa00000, 0x000000008aa00000|100%| O|  |TAMS 0x000000008a900000, 0x000000008a97d600| Untracked 
| 170|0x000000008aa00000, 0x000000008ab00000, 0x000000008ab00000|100%|HS|  |TAMS 0x000000008aa00000, 0x000000008aa00000| Complete 
| 171|0x000000008ab00000, 0x000000008ac00000, 0x000000008ac00000|100%|HC|  |TAMS 0x000000008ab00000, 0x000000008ab00000| Complete 
| 172|0x000000008ac00000, 0x000000008ad00000, 0x000000008ad00000|100%|HS|  |TAMS 0x000000008ac00000, 0x000000008ac00000| Complete 
| 173|0x000000008ad00000, 0x000000008ae00000, 0x000000008ae00000|100%|HC|  |TAMS 0x000000008ad00000, 0x000000008ad00000| Complete 
| 174|0x000000008ae00000, 0x000000008af00000, 0x000000008af00000|100%|HS|  |TAMS 0x000000008ae00000, 0x000000008ae00000| Complete 
| 175|0x000000008af00000, 0x000000008b000000, 0x000000008b000000|100%|HC|  |TAMS 0x000000008af00000, 0x000000008af00000| Complete 
| 176|0x000000008b000000, 0x000000008b100000, 0x000000008b100000|100%|HS|  |TAMS 0x000000008b000000, 0x000000008b000000| Complete 
| 177|0x000000008b100000, 0x000000008b200000, 0x000000008b200000|100%|HC|  |TAMS 0x000000008b100000, 0x000000008b100000| Complete 
| 178|0x000000008b200000, 0x000000008b300000, 0x000000008b300000|100%|HS|  |TAMS 0x000000008b200000, 0x000000008b200000| Complete 
| 179|0x000000008b300000, 0x000000008b400000, 0x000000008b400000|100%|HC|  |TAMS 0x000000008b300000, 0x000000008b300000| Complete 
| 180|0x000000008b400000, 0x000000008b500000, 0x000000008b500000|100%|HS|  |TAMS 0x000000008b400000, 0x000000008b400000| Complete 
| 181|0x000000008b500000, 0x000000008b600000, 0x000000008b600000|100%|HC|  |TAMS 0x000000008b500000, 0x000000008b500000| Complete 
| 182|0x000000008b600000, 0x000000008b700000, 0x000000008b700000|100%|HS|  |TAMS 0x000000008b600000, 0x000000008b600000| Complete 
| 183|0x000000008b700000, 0x000000008b800000, 0x000000008b800000|100%|HC|  |TAMS 0x000000008b700000, 0x000000008b700000| Complete 
| 184|0x000000008b800000, 0x000000008b800000, 0x000000008b900000|  0%| F|  |TAMS 0x000000008b800000, 0x000000008b800000| Untracked 
| 185|0x000000008b900000, 0x000000008b900000, 0x000000008ba00000|  0%| F|  |TAMS 0x000000008b900000, 0x000000008b900000| Untracked 
| 186|0x000000008ba00000, 0x000000008ba00000, 0x000000008bb00000|  0%| F|  |TAMS 0x000000008ba00000, 0x000000008ba00000| Untracked 
| 187|0x000000008bb00000, 0x000000008bb00000, 0x000000008bc00000|  0%| F|  |TAMS 0x000000008bb00000, 0x000000008bb00000| Untracked 
| 188|0x000000008bc00000, 0x000000008bc00000, 0x000000008bd00000|  0%| F|  |TAMS 0x000000008bc00000, 0x000000008bc00000| Untracked 
| 189|0x000000008bd00000, 0x000000008bd00000, 0x000000008be00000|  0%| F|  |TAMS 0x000000008bd00000, 0x000000008bd00000| Untracked 
| 190|0x000000008be00000, 0x000000008be00000, 0x000000008bf00000|  0%| F|  |TAMS 0x000000008be00000, 0x000000008be00000| Untracked 
| 191|0x000000008bf00000, 0x000000008bf00000, 0x000000008c000000|  0%| F|  |TAMS 0x000000008bf00000, 0x000000008bf00000| Untracked 
| 192|0x000000008c000000, 0x000000008c000000, 0x000000008c100000|  0%| F|  |TAMS 0x000000008c000000, 0x000000008c000000| Untracked 
| 193|0x000000008c100000, 0x000000008c100000, 0x000000008c200000|  0%| F|  |TAMS 0x000000008c100000, 0x000000008c100000| Untracked 
| 194|0x000000008c200000, 0x000000008c200000, 0x000000008c300000|  0%| F|  |TAMS 0x000000008c200000, 0x000000008c200000| Untracked 
| 195|0x000000008c300000, 0x000000008c300000, 0x000000008c400000|  0%| F|  |TAMS 0x000000008c300000, 0x000000008c300000| Untracked 
| 196|0x000000008c400000, 0x000000008c400000, 0x000000008c500000|  0%| F|  |TAMS 0x000000008c400000, 0x000000008c400000| Untracked 
| 197|0x000000008c500000, 0x000000008c500000, 0x000000008c600000|  0%| F|  |TAMS 0x000000008c500000, 0x000000008c500000| Untracked 
| 198|0x000000008c600000, 0x000000008c600000, 0x000000008c700000|  0%| F|  |TAMS 0x000000008c600000, 0x000000008c600000| Untracked 
| 199|0x000000008c700000, 0x000000008c700000, 0x000000008c800000|  0%| F|  |TAMS 0x000000008c700000, 0x000000008c700000| Untracked 
| 200|0x000000008c800000, 0x000000008c800000, 0x000000008c900000|  0%| F|  |TAMS 0x000000008c800000, 0x000000008c800000| Untracked 
| 201|0x000000008c900000, 0x000000008c900000, 0x000000008ca00000|  0%| F|  |TAMS 0x000000008c900000, 0x000000008c900000| Untracked 
| 202|0x000000008ca00000, 0x000000008ca00000, 0x000000008cb00000|  0%| F|  |TAMS 0x000000008ca00000, 0x000000008ca00000| Untracked 
| 203|0x000000008cb00000, 0x000000008cb00000, 0x000000008cc00000|  0%| F|  |TAMS 0x000000008cb00000, 0x000000008cb00000| Untracked 
| 204|0x000000008cc00000, 0x000000008cc00000, 0x000000008cd00000|  0%| F|  |TAMS 0x000000008cc00000, 0x000000008cc00000| Untracked 
| 205|0x000000008cd00000, 0x000000008cd00000, 0x000000008ce00000|  0%| F|  |TAMS 0x000000008cd00000, 0x000000008cd00000| Untracked 
| 206|0x000000008ce00000, 0x000000008ce00000, 0x000000008cf00000|  0%| F|  |TAMS 0x000000008ce00000, 0x000000008ce00000| Untracked 
| 207|0x000000008cf00000, 0x000000008cf00000, 0x000000008d000000|  0%| F|  |TAMS 0x000000008cf00000, 0x000000008cf00000| Untracked 
| 208|0x000000008d000000, 0x000000008d000000, 0x000000008d100000|  0%| F|  |TAMS 0x000000008d000000, 0x000000008d000000| Untracked 
| 209|0x000000008d100000, 0x000000008d100000, 0x000000008d200000|  0%| F|  |TAMS 0x000000008d100000, 0x000000008d100000| Untracked 
| 210|0x000000008d200000, 0x000000008d200000, 0x000000008d300000|  0%| F|  |TAMS 0x000000008d200000, 0x000000008d200000| Untracked 
| 211|0x000000008d300000, 0x000000008d300000, 0x000000008d400000|  0%| F|  |TAMS 0x000000008d300000, 0x000000008d300000| Untracked 
| 212|0x000000008d400000, 0x000000008d400000, 0x000000008d500000|  0%| F|  |TAMS 0x000000008d400000, 0x000000008d400000| Untracked 
| 213|0x000000008d500000, 0x000000008d500000, 0x000000008d600000|  0%| F|  |TAMS 0x000000008d500000, 0x000000008d500000| Untracked 
| 214|0x000000008d600000, 0x000000008d600000, 0x000000008d700000|  0%| F|  |TAMS 0x000000008d600000, 0x000000008d600000| Untracked 
| 215|0x000000008d700000, 0x000000008d700000, 0x000000008d800000|  0%| F|  |TAMS 0x000000008d700000, 0x000000008d700000| Untracked 
| 216|0x000000008d800000, 0x000000008d800000, 0x000000008d900000|  0%| F|  |TAMS 0x000000008d800000, 0x000000008d800000| Untracked 
| 217|0x000000008d900000, 0x000000008d900000, 0x000000008da00000|  0%| F|  |TAMS 0x000000008d900000, 0x000000008d900000| Untracked 
| 218|0x000000008da00000, 0x000000008da00000, 0x000000008db00000|  0%| F|  |TAMS 0x000000008da00000, 0x000000008da00000| Untracked 
| 219|0x000000008db00000, 0x000000008db00000, 0x000000008dc00000|  0%| F|  |TAMS 0x000000008db00000, 0x000000008db00000| Untracked 
| 220|0x000000008dc00000, 0x000000008dc00000, 0x000000008dd00000|  0%| F|  |TAMS 0x000000008dc00000, 0x000000008dc00000| Untracked 
| 221|0x000000008dd00000, 0x000000008dd00000, 0x000000008de00000|  0%| F|  |TAMS 0x000000008dd00000, 0x000000008dd00000| Untracked 
| 222|0x000000008de00000, 0x000000008de00000, 0x000000008df00000|  0%| F|  |TAMS 0x000000008de00000, 0x000000008de00000| Untracked 
| 223|0x000000008df00000, 0x000000008df00000, 0x000000008e000000|  0%| F|  |TAMS 0x000000008df00000, 0x000000008df00000| Untracked 
| 224|0x000000008e000000, 0x000000008e000000, 0x000000008e100000|  0%| F|  |TAMS 0x000000008e000000, 0x000000008e000000| Untracked 
| 225|0x000000008e100000, 0x000000008e100000, 0x000000008e200000|  0%| F|  |TAMS 0x000000008e100000, 0x000000008e100000| Untracked 
| 226|0x000000008e200000, 0x000000008e200000, 0x000000008e300000|  0%| F|  |TAMS 0x000000008e200000, 0x000000008e200000| Untracked 
| 227|0x000000008e300000, 0x000000008e300000, 0x000000008e400000|  0%| F|  |TAMS 0x000000008e300000, 0x000000008e300000| Untracked 
| 228|0x000000008e400000, 0x000000008e400000, 0x000000008e500000|  0%| F|  |TAMS 0x000000008e400000, 0x000000008e400000| Untracked 
| 229|0x000000008e500000, 0x000000008e500000, 0x000000008e600000|  0%| F|  |TAMS 0x000000008e500000, 0x000000008e500000| Untracked 
| 230|0x000000008e600000, 0x000000008e600000, 0x000000008e700000|  0%| F|  |TAMS 0x000000008e600000, 0x000000008e600000| Untracked 
| 231|0x000000008e700000, 0x000000008e700000, 0x000000008e800000|  0%| F|  |TAMS 0x000000008e700000, 0x000000008e700000| Untracked 
| 232|0x000000008e800000, 0x000000008e800000, 0x000000008e900000|  0%| F|  |TAMS 0x000000008e800000, 0x000000008e800000| Untracked 
| 233|0x000000008e900000, 0x000000008e900000, 0x000000008ea00000|  0%| F|  |TAMS 0x000000008e900000, 0x000000008e900000| Untracked 
| 234|0x000000008ea00000, 0x000000008ea00000, 0x000000008eb00000|  0%| F|  |TAMS 0x000000008ea00000, 0x000000008ea00000| Untracked 
| 235|0x000000008eb00000, 0x000000008eb00000, 0x000000008ec00000|  0%| F|  |TAMS 0x000000008eb00000, 0x000000008eb00000| Untracked 
| 236|0x000000008ec00000, 0x000000008ec00000, 0x000000008ed00000|  0%| F|  |TAMS 0x000000008ec00000, 0x000000008ec00000| Untracked 
| 237|0x000000008ed00000, 0x000000008ed00000, 0x000000008ee00000|  0%| F|  |TAMS 0x000000008ed00000, 0x000000008ed00000| Untracked 
| 238|0x000000008ee00000, 0x000000008ee00000, 0x000000008ef00000|  0%| F|  |TAMS 0x000000008ee00000, 0x000000008ee00000| Untracked 
| 239|0x000000008ef00000, 0x000000008ef00000, 0x000000008f000000|  0%| F|  |TAMS 0x000000008ef00000, 0x000000008ef00000| Untracked 
| 240|0x000000008f000000, 0x000000008f000000, 0x000000008f100000|  0%| F|  |TAMS 0x000000008f000000, 0x000000008f000000| Untracked 
| 241|0x000000008f100000, 0x000000008f100000, 0x000000008f200000|  0%| F|  |TAMS 0x000000008f100000, 0x000000008f100000| Untracked 
| 242|0x000000008f200000, 0x000000008f200000, 0x000000008f300000|  0%| F|  |TAMS 0x000000008f200000, 0x000000008f200000| Untracked 
| 243|0x000000008f300000, 0x000000008f300000, 0x000000008f400000|  0%| F|  |TAMS 0x000000008f300000, 0x000000008f300000| Untracked 
| 244|0x000000008f400000, 0x000000008f400000, 0x000000008f500000|  0%| F|  |TAMS 0x000000008f400000, 0x000000008f400000| Untracked 
| 245|0x000000008f500000, 0x000000008f500000, 0x000000008f600000|  0%| F|  |TAMS 0x000000008f500000, 0x000000008f500000| Untracked 
| 246|0x000000008f600000, 0x000000008f600000, 0x000000008f700000|  0%| F|  |TAMS 0x000000008f600000, 0x000000008f600000| Untracked 
| 247|0x000000008f700000, 0x000000008f700000, 0x000000008f800000|  0%| F|  |TAMS 0x000000008f700000, 0x000000008f700000| Untracked 
| 248|0x000000008f800000, 0x000000008f800000, 0x000000008f900000|  0%| F|  |TAMS 0x000000008f800000, 0x000000008f800000| Untracked 
| 249|0x000000008f900000, 0x000000008f900000, 0x000000008fa00000|  0%| F|  |TAMS 0x000000008f900000, 0x000000008f900000| Untracked 
| 250|0x000000008fa00000, 0x000000008fa00000, 0x000000008fb00000|  0%| F|  |TAMS 0x000000008fa00000, 0x000000008fa00000| Untracked 
| 251|0x000000008fb00000, 0x000000008fb00000, 0x000000008fc00000|  0%| F|  |TAMS 0x000000008fb00000, 0x000000008fb00000| Untracked 
| 252|0x000000008fc00000, 0x000000008fc00000, 0x000000008fd00000|  0%| F|  |TAMS 0x000000008fc00000, 0x000000008fc00000| Untracked 
| 253|0x000000008fd00000, 0x000000008fd00000, 0x000000008fe00000|  0%| F|  |TAMS 0x000000008fd00000, 0x000000008fd00000| Untracked 
| 254|0x000000008fe00000, 0x000000008fe00000, 0x000000008ff00000|  0%| F|  |TAMS 0x000000008fe00000, 0x000000008fe00000| Untracked 
| 255|0x000000008ff00000, 0x000000008ff00000, 0x0000000090000000|  0%| F|  |TAMS 0x000000008ff00000, 0x000000008ff00000| Untracked 
| 256|0x0000000090000000, 0x0000000090000000, 0x0000000090100000|  0%| F|  |TAMS 0x0000000090000000, 0x0000000090000000| Untracked 
| 257|0x0000000090100000, 0x0000000090100000, 0x0000000090200000|  0%| F|  |TAMS 0x0000000090100000, 0x0000000090100000| Untracked 
| 258|0x0000000090200000, 0x0000000090200000, 0x0000000090300000|  0%| F|  |TAMS 0x0000000090200000, 0x0000000090200000| Untracked 
| 259|0x0000000090300000, 0x0000000090300000, 0x0000000090400000|  0%| F|  |TAMS 0x0000000090300000, 0x0000000090300000| Untracked 
| 260|0x0000000090400000, 0x0000000090400000, 0x0000000090500000|  0%| F|  |TAMS 0x0000000090400000, 0x0000000090400000| Untracked 
| 261|0x0000000090500000, 0x0000000090500000, 0x0000000090600000|  0%| F|  |TAMS 0x0000000090500000, 0x0000000090500000| Untracked 
| 262|0x0000000090600000, 0x0000000090600000, 0x0000000090700000|  0%| F|  |TAMS 0x0000000090600000, 0x0000000090600000| Untracked 
| 263|0x0000000090700000, 0x0000000090700000, 0x0000000090800000|  0%| F|  |TAMS 0x0000000090700000, 0x0000000090700000| Untracked 
| 264|0x0000000090800000, 0x0000000090800000, 0x0000000090900000|  0%| F|  |TAMS 0x0000000090800000, 0x0000000090800000| Untracked 
| 265|0x0000000090900000, 0x0000000090900000, 0x0000000090a00000|  0%| F|  |TAMS 0x0000000090900000, 0x0000000090900000| Untracked 
| 266|0x0000000090a00000, 0x0000000090a00000, 0x0000000090b00000|  0%| F|  |TAMS 0x0000000090a00000, 0x0000000090a00000| Untracked 
| 267|0x0000000090b00000, 0x0000000090b00000, 0x0000000090c00000|  0%| F|  |TAMS 0x0000000090b00000, 0x0000000090b00000| Untracked 
| 268|0x0000000090c00000, 0x0000000090c00000, 0x0000000090d00000|  0%| F|  |TAMS 0x0000000090c00000, 0x0000000090c00000| Untracked 
| 269|0x0000000090d00000, 0x0000000090d00000, 0x0000000090e00000|  0%| F|  |TAMS 0x0000000090d00000, 0x0000000090d00000| Untracked 
| 270|0x0000000090e00000, 0x0000000090e00000, 0x0000000090f00000|  0%| F|  |TAMS 0x0000000090e00000, 0x0000000090e00000| Untracked 
| 271|0x0000000090f00000, 0x0000000090f4cec0, 0x0000000091000000| 30%| S|CS|TAMS 0x0000000090f00000, 0x0000000090f00000| Complete 
| 272|0x0000000091000000, 0x0000000091100000, 0x0000000091100000|100%| S|CS|TAMS 0x0000000091000000, 0x0000000091000000| Complete 
| 273|0x0000000091100000, 0x0000000091200000, 0x0000000091200000|100%| S|CS|TAMS 0x0000000091100000, 0x0000000091100000| Complete 
| 274|0x0000000091200000, 0x0000000091300000, 0x0000000091300000|100%| S|CS|TAMS 0x0000000091200000, 0x0000000091200000| Complete 
| 275|0x0000000091300000, 0x0000000091400000, 0x0000000091400000|100%| S|CS|TAMS 0x0000000091300000, 0x0000000091300000| Complete 
| 276|0x0000000091400000, 0x0000000091500000, 0x0000000091500000|100%| S|CS|TAMS 0x0000000091400000, 0x0000000091400000| Complete 
| 277|0x0000000091500000, 0x0000000091500000, 0x0000000091600000|  0%| F|  |TAMS 0x0000000091500000, 0x0000000091500000| Untracked 
| 278|0x0000000091600000, 0x0000000091600000, 0x0000000091700000|  0%| F|  |TAMS 0x0000000091600000, 0x0000000091600000| Untracked 
| 279|0x0000000091700000, 0x0000000091700000, 0x0000000091800000|  0%| F|  |TAMS 0x0000000091700000, 0x0000000091700000| Untracked 
| 280|0x0000000091800000, 0x0000000091800000, 0x0000000091900000|  0%| F|  |TAMS 0x0000000091800000, 0x0000000091800000| Untracked 
| 281|0x0000000091900000, 0x0000000091900000, 0x0000000091a00000|  0%| F|  |TAMS 0x0000000091900000, 0x0000000091900000| Untracked 
| 282|0x0000000091a00000, 0x0000000091a00000, 0x0000000091b00000|  0%| F|  |TAMS 0x0000000091a00000, 0x0000000091a00000| Untracked 
| 283|0x0000000091b00000, 0x0000000091b00000, 0x0000000091c00000|  0%| F|  |TAMS 0x0000000091b00000, 0x0000000091b00000| Untracked 
| 284|0x0000000091c00000, 0x0000000091c00000, 0x0000000091d00000|  0%| F|  |TAMS 0x0000000091c00000, 0x0000000091c00000| Untracked 
| 285|0x0000000091d00000, 0x0000000091d00000, 0x0000000091e00000|  0%| F|  |TAMS 0x0000000091d00000, 0x0000000091d00000| Untracked 
| 286|0x0000000091e00000, 0x0000000091e00000, 0x0000000091f00000|  0%| F|  |TAMS 0x0000000091e00000, 0x0000000091e00000| Untracked 
| 287|0x0000000091f00000, 0x0000000091f00000, 0x0000000092000000|  0%| F|  |TAMS 0x0000000091f00000, 0x0000000091f00000| Untracked 
| 288|0x0000000092000000, 0x0000000092000000, 0x0000000092100000|  0%| F|  |TAMS 0x0000000092000000, 0x0000000092000000| Untracked 
| 289|0x0000000092100000, 0x0000000092100000, 0x0000000092200000|  0%| F|  |TAMS 0x0000000092100000, 0x0000000092100000| Untracked 
| 290|0x0000000092200000, 0x0000000092200000, 0x0000000092300000|  0%| F|  |TAMS 0x0000000092200000, 0x0000000092200000| Untracked 
| 291|0x0000000092300000, 0x0000000092300000, 0x0000000092400000|  0%| F|  |TAMS 0x0000000092300000, 0x0000000092300000| Untracked 
| 292|0x0000000092400000, 0x0000000092400000, 0x0000000092500000|  0%| F|  |TAMS 0x0000000092400000, 0x0000000092400000| Untracked 
| 293|0x0000000092500000, 0x0000000092500000, 0x0000000092600000|  0%| F|  |TAMS 0x0000000092500000, 0x0000000092500000| Untracked 
| 294|0x0000000092600000, 0x0000000092600000, 0x0000000092700000|  0%| F|  |TAMS 0x0000000092600000, 0x0000000092600000| Untracked 
| 295|0x0000000092700000, 0x0000000092700000, 0x0000000092800000|  0%| F|  |TAMS 0x0000000092700000, 0x0000000092700000| Untracked 
| 296|0x0000000092800000, 0x0000000092800000, 0x0000000092900000|  0%| F|  |TAMS 0x0000000092800000, 0x0000000092800000| Untracked 
| 297|0x0000000092900000, 0x0000000092900000, 0x0000000092a00000|  0%| F|  |TAMS 0x0000000092900000, 0x0000000092900000| Untracked 
| 298|0x0000000092a00000, 0x0000000092a00000, 0x0000000092b00000|  0%| F|  |TAMS 0x0000000092a00000, 0x0000000092a00000| Untracked 
| 299|0x0000000092b00000, 0x0000000092b00000, 0x0000000092c00000|  0%| F|  |TAMS 0x0000000092b00000, 0x0000000092b00000| Untracked 
| 300|0x0000000092c00000, 0x0000000092c00000, 0x0000000092d00000|  0%| F|  |TAMS 0x0000000092c00000, 0x0000000092c00000| Untracked 
| 301|0x0000000092d00000, 0x0000000092d00000, 0x0000000092e00000|  0%| F|  |TAMS 0x0000000092d00000, 0x0000000092d00000| Untracked 
| 302|0x0000000092e00000, 0x0000000092e00000, 0x0000000092f00000|  0%| F|  |TAMS 0x0000000092e00000, 0x0000000092e00000| Untracked 
| 303|0x0000000092f00000, 0x0000000092f00000, 0x0000000093000000|  0%| F|  |TAMS 0x0000000092f00000, 0x0000000092f00000| Untracked 
| 304|0x0000000093000000, 0x0000000093000000, 0x0000000093100000|  0%| F|  |TAMS 0x0000000093000000, 0x0000000093000000| Untracked 
| 305|0x0000000093100000, 0x0000000093100000, 0x0000000093200000|  0%| F|  |TAMS 0x0000000093100000, 0x0000000093100000| Untracked 
| 306|0x0000000093200000, 0x0000000093200000, 0x0000000093300000|  0%| F|  |TAMS 0x0000000093200000, 0x0000000093200000| Untracked 
| 307|0x0000000093300000, 0x0000000093300000, 0x0000000093400000|  0%| F|  |TAMS 0x0000000093300000, 0x0000000093300000| Untracked 
| 308|0x0000000093400000, 0x0000000093400000, 0x0000000093500000|  0%| F|  |TAMS 0x0000000093400000, 0x0000000093400000| Untracked 
| 309|0x0000000093500000, 0x0000000093500000, 0x0000000093600000|  0%| F|  |TAMS 0x0000000093500000, 0x0000000093500000| Untracked 
| 310|0x0000000093600000, 0x0000000093600000, 0x0000000093700000|  0%| F|  |TAMS 0x0000000093600000, 0x0000000093600000| Untracked 
| 311|0x0000000093700000, 0x0000000093700000, 0x0000000093800000|  0%| F|  |TAMS 0x0000000093700000, 0x0000000093700000| Untracked 
| 312|0x0000000093800000, 0x0000000093800000, 0x0000000093900000|  0%| F|  |TAMS 0x0000000093800000, 0x0000000093800000| Untracked 
| 313|0x0000000093900000, 0x0000000093900000, 0x0000000093a00000|  0%| F|  |TAMS 0x0000000093900000, 0x0000000093900000| Untracked 
| 314|0x0000000093a00000, 0x0000000093a00000, 0x0000000093b00000|  0%| F|  |TAMS 0x0000000093a00000, 0x0000000093a00000| Untracked 
| 315|0x0000000093b00000, 0x0000000093b00000, 0x0000000093c00000|  0%| F|  |TAMS 0x0000000093b00000, 0x0000000093b00000| Untracked 
| 316|0x0000000093c00000, 0x0000000093c00000, 0x0000000093d00000|  0%| F|  |TAMS 0x0000000093c00000, 0x0000000093c00000| Untracked 
| 317|0x0000000093d00000, 0x0000000093d00000, 0x0000000093e00000|  0%| F|  |TAMS 0x0000000093d00000, 0x0000000093d00000| Untracked 
| 318|0x0000000093e00000, 0x0000000093e00000, 0x0000000093f00000|  0%| F|  |TAMS 0x0000000093e00000, 0x0000000093e00000| Untracked 
| 319|0x0000000093f00000, 0x0000000093f00000, 0x0000000094000000|  0%| F|  |TAMS 0x0000000093f00000, 0x0000000093f00000| Untracked 
| 320|0x0000000094000000, 0x0000000094000000, 0x0000000094100000|  0%| F|  |TAMS 0x0000000094000000, 0x0000000094000000| Untracked 
| 321|0x0000000094100000, 0x0000000094100000, 0x0000000094200000|  0%| F|  |TAMS 0x0000000094100000, 0x0000000094100000| Untracked 
| 322|0x0000000094200000, 0x0000000094200000, 0x0000000094300000|  0%| F|  |TAMS 0x0000000094200000, 0x0000000094200000| Untracked 
| 323|0x0000000094300000, 0x0000000094300000, 0x0000000094400000|  0%| F|  |TAMS 0x0000000094300000, 0x0000000094300000| Untracked 
| 324|0x0000000094400000, 0x0000000094400000, 0x0000000094500000|  0%| F|  |TAMS 0x0000000094400000, 0x0000000094400000| Untracked 
| 325|0x0000000094500000, 0x0000000094500000, 0x0000000094600000|  0%| F|  |TAMS 0x0000000094500000, 0x0000000094500000| Untracked 
| 326|0x0000000094600000, 0x0000000094600000, 0x0000000094700000|  0%| F|  |TAMS 0x0000000094600000, 0x0000000094600000| Untracked 
| 327|0x0000000094700000, 0x0000000094700000, 0x0000000094800000|  0%| F|  |TAMS 0x0000000094700000, 0x0000000094700000| Untracked 
| 328|0x0000000094800000, 0x0000000094800000, 0x0000000094900000|  0%| F|  |TAMS 0x0000000094800000, 0x0000000094800000| Untracked 
| 329|0x0000000094900000, 0x0000000094900000, 0x0000000094a00000|  0%| F|  |TAMS 0x0000000094900000, 0x0000000094900000| Untracked 
| 330|0x0000000094a00000, 0x0000000094a00000, 0x0000000094b00000|  0%| F|  |TAMS 0x0000000094a00000, 0x0000000094a00000| Untracked 
| 331|0x0000000094b00000, 0x0000000094b00000, 0x0000000094c00000|  0%| F|  |TAMS 0x0000000094b00000, 0x0000000094b00000| Untracked 
| 332|0x0000000094c00000, 0x0000000094c00000, 0x0000000094d00000|  0%| F|  |TAMS 0x0000000094c00000, 0x0000000094c00000| Untracked 
| 333|0x0000000094d00000, 0x0000000094d00000, 0x0000000094e00000|  0%| F|  |TAMS 0x0000000094d00000, 0x0000000094d00000| Untracked 
| 334|0x0000000094e00000, 0x0000000094ee64b0, 0x0000000094f00000| 89%| E|  |TAMS 0x0000000094e00000, 0x0000000094e00000| Complete 
| 335|0x0000000094f00000, 0x0000000095000000, 0x0000000095000000|100%| E|  |TAMS 0x0000000094f00000, 0x0000000094f00000| Complete 

Card table byte_map: [0x000001d8b1fe0000,0x000001d8b23e0000] _byte_map_base: 0x000001d8b1be0000

Marking Bits (Prev, Next): (CMBitMap*) 0x000001d89a6b19a0, (CMBitMap*) 0x000001d89a6b1960
 Prev Bits: [0x000001d8b47e0000, 0x000001d8b67e0000)
 Next Bits: [0x000001d8b27e0000, 0x000001d8b47e0000)

Polling page: 0x000001d898650000

Metaspace:

Usage:
  Non-class:     97.53 MB capacity,    96.52 MB ( 99%) used,   876.30 KB ( <1%) free+waste,   157.88 KB ( <1%) overhead. 
      Class:     14.69 MB capacity,    14.22 MB ( 97%) used,   421.70 KB (  3%) free+waste,    60.69 KB ( <1%) overhead. 
       Both:    112.23 MB capacity,   110.75 MB ( 99%) used,     1.27 MB (  1%) free+waste,   218.56 KB ( <1%) overhead. 

Virtual space:
  Non-class space:       98.00 MB reserved,      97.67 MB (>99%) committed 
      Class space:        1.00 GB reserved,      14.75 MB (  1%) committed 
             Both:        1.10 GB reserved,     112.42 MB ( 10%) committed 

Chunk freelists:
   Non-Class:  15.00 KB
       Class:  25.00 KB
        Both:  40.00 KB

MaxMetaspaceSize: 17179869184.00 GB
CompressedClassSpaceSize: 1.00 GB

CodeHeap 'non-profiled nmethods': size=120000Kb used=10797Kb max_used=10797Kb free=109202Kb
 bounds [0x000001d8aa380000, 0x000001d8aae10000, 0x000001d8b18b0000]
CodeHeap 'profiled nmethods': size=120000Kb used=35776Kb max_used=35776Kb free=84224Kb
 bounds [0x000001d8a2e50000, 0x000001d8a5140000, 0x000001d8aa380000]
CodeHeap 'non-nmethods': size=5760Kb used=2455Kb max_used=2505Kb free=3304Kb
 bounds [0x000001d8a28b0000, 0x000001d8a2b30000, 0x000001d8a2e50000]
 total_blobs=18233 nmethods=17277 adapters=866
 compilation: enabled
              stopped_count=0, restarted_count=0
 full_count=0

Compilation events (20 events):
Event: 32.064 Thread 0x000001d8b92061a0 nmethod 20692 0x000001d8a513ea90 code [0x000001d8a513ec40, 0x000001d8a513ed68]
Event: 32.064 Thread 0x000001d8b92061a0 20693       3       java.util.concurrent.ConcurrentHashMap$EntryIterator::next (51 bytes)
Event: 32.065 Thread 0x000001d8b92061a0 nmethod 20693 0x000001d8a513ee10 code [0x000001d8a513f000, 0x000001d8a513f518]
Event: 32.077 Thread 0x000001d8b92061a0 20694       3       com.android.zipflinger.ZipWriter::position (14 bytes)
Event: 32.077 Thread 0x000001d8b92061a0 nmethod 20694 0x000001d8a513f690 code [0x000001d8a513f840, 0x000001d8a513fa58]
Event: 32.079 Thread 0x000001d8b92061a0 20695       3       com.android.zipflinger.ZipWriter::position (12 bytes)
Event: 32.079 Thread 0x000001d8b92061a0 nmethod 20695 0x000001d8a513fb90 code [0x000001d8a513fd40, 0x000001d8a513ff38]
Event: 32.098 Thread 0x000001d8be06b2a0 nmethod 20590 0x000001d8aadffb90 code [0x000001d8aadfffa0, 0x000001d8aae048e0]
Event: 32.098 Thread 0x000001d8be06b2a0 20645       4       com.android.zipflinger.Location::size (12 bytes)
Event: 32.098 Thread 0x000001d8be06b2a0 nmethod 20645 0x000001d8aae06d90 code [0x000001d8aae06f00, 0x000001d8aae06f78]
Event: 32.098 Thread 0x000001d8be06b2a0 20684       4       sun.nio.ch.FileChannelImpl::beginBlocking (12 bytes)
Event: 32.117 Thread 0x000001d8be06b2a0 nmethod 20684 0x000001d8aae07090 code [0x000001d8aae07220, 0x000001d8aae076d8]
Event: 32.118 Thread 0x000001d8be06b2a0 20603       4       java.nio.HeapByteBuffer::getInt (29 bytes)
Event: 32.119 Thread 0x000001d8be06b2a0 nmethod 20603 0x000001d8aae07890 code [0x000001d8aae07a00, 0x000001d8aae07af8]
Event: 32.119 Thread 0x000001d8be06b2a0 20601       4       java.nio.ByteBuffer::rewind (7 bytes)
Event: 32.120 Thread 0x000001d8be06b2a0 nmethod 20601 0x000001d8aae07c10 code [0x000001d8aae07d80, 0x000001d8aae07df8]
Event: 32.120 Thread 0x000001d8be06b2a0 20626       4       com.android.zipflinger.Ints::ushortToInt (5 bytes)
Event: 32.120 Thread 0x000001d8be06b2a0 nmethod 20626 0x000001d8aae07f10 code [0x000001d8aae08080, 0x000001d8aae080d8]
Event: 32.120 Thread 0x000001d8be06b2a0 20634       4       com.android.zipflinger.Ints::uintToLong (7 bytes)
Event: 32.120 Thread 0x000001d8be06b2a0 nmethod 20634 0x000001d8aae08210 code [0x000001d8aae08380, 0x000001d8aae083b8]

GC Heap History (20 events):
Event: 22.650 GC heap before
{Heap before GC invocations=54 (full 0):
 garbage-first heap   total 286720K, used 212892K [0x0000000080000000, 0x0000000100000000)
  region size 1024K, 76 young (77824K), 2 survivors (2048K)
 Metaspace       used 91133K, capacity 92482K, committed 92720K, reserved 1130496K
  class space    used 11497K, capacity 11865K, committed 11904K, reserved 1048576K
}
Event: 22.661 GC heap after
{Heap after GC invocations=55 (full 0):
 garbage-first heap   total 286720K, used 141632K [0x0000000080000000, 0x0000000100000000)
  region size 1024K, 6 young (6144K), 6 survivors (6144K)
 Metaspace       used 91133K, capacity 92482K, committed 92720K, reserved 1130496K
  class space    used 11497K, capacity 11865K, committed 11904K, reserved 1048576K
}
Event: 24.104 GC heap before
{Heap before GC invocations=56 (full 0):
 garbage-first heap   total 286720K, used 194880K [0x0000000080000000, 0x0000000100000000)
  region size 1024K, 83 young (84992K), 6 survivors (6144K)
 Metaspace       used 91869K, capacity 93132K, committed 93360K, reserved 1130496K
  class space    used 11575K, capacity 11969K, committed 12032K, reserved 1048576K
}
Event: 24.127 GC heap after
{Heap after GC invocations=57 (full 0):
 garbage-first heap   total 286720K, used 128102K [0x0000000080000000, 0x0000000100000000)
  region size 1024K, 11 young (11264K), 11 survivors (11264K)
 Metaspace       used 91869K, capacity 93132K, committed 93360K, reserved 1130496K
  class space    used 11575K, capacity 11969K, committed 12032K, reserved 1048576K
}
Event: 24.647 GC heap before
{Heap before GC invocations=57 (full 0):
 garbage-first heap   total 286720K, used 214118K [0x0000000080000000, 0x0000000100000000)
  region size 1024K, 96 young (98304K), 11 survivors (11264K)
 Metaspace       used 91914K, capacity 93196K, committed 93360K, reserved 1130496K
  class space    used 11575K, capacity 11969K, committed 12032K, reserved 1048576K
}
Event: 24.661 GC heap after
{Heap after GC invocations=58 (full 0):
 garbage-first heap   total 344064K, used 133115K [0x0000000080000000, 0x0000000100000000)
  region size 1024K, 5 young (5120K), 5 survivors (5120K)
 Metaspace       used 91914K, capacity 93196K, committed 93360K, reserved 1130496K
  class space    used 11575K, capacity 11969K, committed 12032K, reserved 1048576K
}
Event: 25.697 GC heap before
{Heap before GC invocations=58 (full 0):
 garbage-first heap   total 344064K, used 270331K [0x0000000080000000, 0x0000000100000000)
  region size 1024K, 132 young (135168K), 5 survivors (5120K)
 Metaspace       used 97344K, capacity 98735K, committed 98736K, reserved 1134592K
  class space    used 12349K, capacity 12800K, committed 12800K, reserved 1048576K
}
Event: 25.723 GC heap after
{Heap after GC invocations=59 (full 0):
 garbage-first heap   total 344064K, used 157963K [0x0000000080000000, 0x0000000100000000)
  region size 1024K, 17 young (17408K), 17 survivors (17408K)
 Metaspace       used 97344K, capacity 98735K, committed 98736K, reserved 1134592K
  class space    used 12349K, capacity 12800K, committed 12800K, reserved 1048576K
}
Event: 27.010 GC heap before
{Heap before GC invocations=59 (full 0):
 garbage-first heap   total 344064K, used 259339K [0x0000000080000000, 0x0000000100000000)
  region size 1024K, 117 young (119808K), 17 survivors (17408K)
 Metaspace       used 103618K, capacity 105065K, committed 105136K, reserved 1140736K
  class space    used 13359K, capacity 13822K, committed 13824K, reserved 1048576K
}
Event: 27.047 GC heap after
{Heap after GC invocations=60 (full 0):
 garbage-first heap   total 344064K, used 167876K [0x0000000080000000, 0x0000000100000000)
  region size 1024K, 10 young (10240K), 10 survivors (10240K)
 Metaspace       used 103618K, capacity 105065K, committed 105136K, reserved 1140736K
  class space    used 13359K, capacity 13822K, committed 13824K, reserved 1048576K
}
Event: 27.891 GC heap before
{Heap before GC invocations=60 (full 0):
 garbage-first heap   total 344064K, used 266180K [0x0000000080000000, 0x0000000100000000)
  region size 1024K, 107 young (109568K), 10 survivors (10240K)
 Metaspace       used 104929K, capacity 106404K, committed 106672K, reserved 1142784K
  class space    used 13530K, capacity 13991K, committed 14080K, reserved 1048576K
}
Event: 27.904 GC heap after
{Heap after GC invocations=61 (full 0):
 garbage-first heap   total 344064K, used 168749K [0x0000000080000000, 0x0000000100000000)
  region size 1024K, 5 young (5120K), 5 survivors (5120K)
 Metaspace       used 104929K, capacity 106404K, committed 106672K, reserved 1142784K
  class space    used 13530K, capacity 13991K, committed 14080K, reserved 1048576K
}
Event: 28.975 GC heap before
{Heap before GC invocations=62 (full 0):
 garbage-first heap   total 344064K, used 278317K [0x0000000080000000, 0x0000000100000000)
  region size 1024K, 109 young (111616K), 5 survivors (5120K)
 Metaspace       used 106465K, capacity 107915K, committed 108080K, reserved 1142784K
  class space    used 13702K, capacity 14175K, committed 14208K, reserved 1048576K
}
Event: 28.986 GC heap after
{Heap after GC invocations=63 (full 0):
 garbage-first heap   total 344064K, used 169845K [0x0000000080000000, 0x0000000100000000)
  region size 1024K, 5 young (5120K), 5 survivors (5120K)
 Metaspace       used 106465K, capacity 107915K, committed 108080K, reserved 1142784K
  class space    used 13702K, capacity 14175K, committed 14208K, reserved 1048576K
}
Event: 29.078 GC heap before
{Heap before GC invocations=63 (full 0):
 garbage-first heap   total 344064K, used 181109K [0x0000000080000000, 0x0000000100000000)
  region size 1024K, 16 young (16384K), 5 survivors (5120K)
 Metaspace       used 106512K, capacity 107979K, committed 108080K, reserved 1142784K
  class space    used 13702K, capacity 14175K, committed 14208K, reserved 1048576K
}
Event: 29.088 GC heap after
{Heap after GC invocations=64 (full 0):
 garbage-first heap   total 344064K, used 137375K [0x0000000080000000, 0x0000000100000000)
  region size 1024K, 2 young (2048K), 2 survivors (2048K)
 Metaspace       used 106512K, capacity 107979K, committed 108080K, reserved 1142784K
  class space    used 13702K, capacity 14175K, committed 14208K, reserved 1048576K
}
Event: 30.718 GC heap before
{Heap before GC invocations=64 (full 0):
 garbage-first heap   total 344064K, used 293023K [0x0000000080000000, 0x0000000100000000)
  region size 1024K, 138 young (141312K), 2 survivors (2048K)
 Metaspace       used 108112K, capacity 109576K, committed 109872K, reserved 1144832K
  class space    used 13901K, capacity 14351K, committed 14464K, reserved 1048576K
}
Event: 30.738 GC heap after
{Heap after GC invocations=65 (full 0):
 garbage-first heap   total 344064K, used 162419K [0x0000000080000000, 0x0000000100000000)
  region size 1024K, 17 young (17408K), 17 survivors (17408K)
 Metaspace       used 108112K, capacity 109576K, committed 109872K, reserved 1144832K
  class space    used 13901K, capacity 14351K, committed 14464K, reserved 1048576K
}
Event: 32.100 GC heap before
{Heap before GC invocations=65 (full 0):
 garbage-first heap   total 344064K, used 228979K [0x0000000080000000, 0x0000000100000000)
  region size 1024K, 76 young (77824K), 17 survivors (17408K)
 Metaspace       used 113379K, capacity 114920K, committed 115120K, reserved 1148928K
  class space    used 14562K, capacity 15047K, committed 15104K, reserved 1048576K
}
Event: 32.112 GC heap after
{Heap after GC invocations=66 (full 0):
 garbage-first heap   total 344064K, used 154833K [0x0000000080000000, 0x0000000100000000)
  region size 1024K, 6 young (6144K), 6 survivors (6144K)
 Metaspace       used 113379K, capacity 114920K, committed 115120K, reserved 1148928K
  class space    used 14562K, capacity 15047K, committed 15104K, reserved 1048576K
}

Deoptimization events (20 events):
Event: 31.845 Thread 0x000001d8c6d1ff30 Uncommon trap: trap_request=0x00000037 fr.pc=0x000001d8aade1a24 relative=0x0000000000000604
Event: 31.845 Thread 0x000001d8c6d1ff30 Uncommon trap: reason=unloaded action=reinterpret pc=0x000001d8aade1a24 method=com.sun.crypto.provider.PKCS12PBECipherCore.derive([C[BIIILjava/lang/String;I)[B @ 296 c2
Event: 31.845 Thread 0x000001d8c6d1ff30 DEOPT PACKING pc=0x000001d8aade1a24 sp=0x0000001dafcfd490
Event: 31.845 Thread 0x000001d8c6d1ff30 DEOPT UNPACKING pc=0x000001d8a28fe42f sp=0x0000001dafcfd440 mode 2
Event: 31.900 Thread 0x000001d8c6d1ff30 DEOPT PACKING pc=0x000001d8a45e6fb5 sp=0x0000001dafcfcf80
Event: 31.900 Thread 0x000001d8c6d1ff30 DEOPT UNPACKING pc=0x000001d8a28fe23f sp=0x0000001dafcfc608 mode 0
Event: 31.901 Thread 0x000001d8c6d1ff30 DEOPT PACKING pc=0x000001d8a30c76d6 sp=0x0000001dafcfdbd0
Event: 31.902 Thread 0x000001d8c6d1ff30 DEOPT UNPACKING pc=0x000001d8a28fe23f sp=0x0000001dafcfd098 mode 0
Event: 31.936 Thread 0x000001d8c6d1ff30 Uncommon trap: trap_request=0xffffff45 fr.pc=0x000001d8aa5eff2c relative=0x0000000000000e4c
Event: 31.936 Thread 0x000001d8c6d1ff30 Uncommon trap: reason=unstable_if action=reinterpret pc=0x000001d8aa5eff2c method=sun.nio.ch.IOUtil.readIntoNativeBuffer(Ljava/io/FileDescriptor;Ljava/nio/ByteBuffer;JZILsun/nio/ch/NativeDispatcher;)I @ 86 c2
Event: 31.936 Thread 0x000001d8c6d1ff30 DEOPT PACKING pc=0x000001d8aa5eff2c sp=0x0000001dafcfd860
Event: 31.936 Thread 0x000001d8c6d1ff30 DEOPT UNPACKING pc=0x000001d8a28fe42f sp=0x0000001dafcfd7a8 mode 2
Event: 31.938 Thread 0x000001d8c6d1ff30 Uncommon trap: trap_request=0xffffff45 fr.pc=0x000001d8aa6a725c relative=0x000000000000019c
Event: 31.938 Thread 0x000001d8c6d1ff30 Uncommon trap: reason=unstable_if action=reinterpret pc=0x000001d8aa6a725c method=sun.nio.ch.IOUtil.readIntoNativeBuffer(Ljava/io/FileDescriptor;Ljava/nio/ByteBuffer;JZILsun/nio/ch/NativeDispatcher;)I @ 86 c2
Event: 31.938 Thread 0x000001d8c6d1ff30 DEOPT PACKING pc=0x000001d8aa6a725c sp=0x0000001dafcfd820
Event: 31.938 Thread 0x000001d8c6d1ff30 DEOPT UNPACKING pc=0x000001d8a28fe42f sp=0x0000001dafcfd7c0 mode 2
Event: 32.080 Thread 0x000001d8c6d1ff30 Uncommon trap: trap_request=0xffffff45 fr.pc=0x000001d8aa69def4 relative=0x0000000000000254
Event: 32.080 Thread 0x000001d8c6d1ff30 Uncommon trap: reason=unstable_if action=reinterpret pc=0x000001d8aa69def4 method=java.nio.channels.spi.AbstractInterruptibleChannel.end(Z)V @ 34 c2
Event: 32.080 Thread 0x000001d8c6d1ff30 DEOPT PACKING pc=0x000001d8aa69def4 sp=0x0000001dafcfd9a0
Event: 32.080 Thread 0x000001d8c6d1ff30 DEOPT UNPACKING pc=0x000001d8a28fe42f sp=0x0000001dafcfd968 mode 2

Classes unloaded (16 events):
Event: 13.452 Thread 0x000001d8b91dad90 Unloading class 0x00000008014a6c40 'java/lang/invoke/LambdaForm$DMH+0x00000008014a6c40'
Event: 13.452 Thread 0x000001d8b91dad90 Unloading class 0x00000008014a6840 'java/lang/invoke/LambdaForm$DMH+0x00000008014a6840'
Event: 13.452 Thread 0x000001d8b91dad90 Unloading class 0x00000008014a7440 'java/lang/invoke/LambdaForm$DMH+0x00000008014a7440'
Event: 13.452 Thread 0x000001d8b91dad90 Unloading class 0x00000008014a7040 'java/lang/invoke/LambdaForm$DMH+0x00000008014a7040'
Event: 14.421 Thread 0x000001d8b91dad90 Unloading class 0x00000008014a5840 'java/lang/invoke/LambdaForm$DMH+0x00000008014a5840'
Event: 28.184 Thread 0x000001d8b91dad90 Unloading class 0x0000000801700c40 'java/lang/invoke/LambdaForm$DMH+0x0000000801700c40'
Event: 28.184 Thread 0x000001d8b91dad90 Unloading class 0x0000000801700840 'java/lang/invoke/LambdaForm$DMH+0x0000000801700840'
Event: 28.184 Thread 0x000001d8b91dad90 Unloading class 0x0000000801701c40 'java/lang/invoke/LambdaForm$MH+0x0000000801701c40'
Event: 28.184 Thread 0x000001d8b91dad90 Unloading class 0x0000000801701040 'java/lang/invoke/LambdaForm$MH+0x0000000801701040'
Event: 28.184 Thread 0x000001d8b91dad90 Unloading class 0x0000000801702040 'java/lang/invoke/LambdaForm$DMH+0x0000000801702040'
Event: 28.184 Thread 0x000001d8b91dad90 Unloading class 0x0000000801703440 'java/lang/invoke/LambdaForm$DMH+0x0000000801703440'
Event: 28.184 Thread 0x000001d8b91dad90 Unloading class 0x0000000801703040 'java/lang/invoke/LambdaForm$DMH+0x0000000801703040'
Event: 28.184 Thread 0x000001d8b91dad90 Unloading class 0x0000000801703c40 'java/lang/invoke/LambdaForm$DMH+0x0000000801703c40'
Event: 28.184 Thread 0x000001d8b91dad90 Unloading class 0x0000000801704040 'java/lang/invoke/LambdaForm$DMH+0x0000000801704040'
Event: 28.184 Thread 0x000001d8b91dad90 Unloading class 0x0000000801703840 'java/lang/invoke/LambdaForm$DMH+0x0000000801703840'
Event: 28.184 Thread 0x000001d8b91dad90 Unloading class 0x0000000801706440 'jdk/internal/reflect/GeneratedMethodAccessor28'

Classes redefined (0 events):
No events

Internal exceptions (20 events):
Event: 29.919 Thread 0x000001d8c36adbe0 Exception <a 'sun/nio/fs/WindowsException'{0x000000008fc38730}> (0x000000008fc38730) 
thrown [./open/src/hotspot/share/prims/jni.cpp, line 578]
Event: 29.943 Thread 0x000001d8c179d9c0 Exception <a 'sun/nio/fs/WindowsException'{0x000000008f852528}> (0x000000008f852528) 
thrown [./open/src/hotspot/share/prims/jni.cpp, line 578]
Event: 29.947 Thread 0x000001d8c6d1d8b0 Exception <a 'sun/nio/fs/WindowsException'{0x000000008f78a3d8}> (0x000000008f78a3d8) 
thrown [./open/src/hotspot/share/prims/jni.cpp, line 578]
Event: 29.952 Thread 0x000001d8c6d1d8b0 Exception <a 'sun/nio/fs/WindowsException'{0x000000008f797698}> (0x000000008f797698) 
thrown [./open/src/hotspot/share/prims/jni.cpp, line 578]
Event: 29.955 Thread 0x000001d8c6d1ff30 Exception <a 'sun/nio/fs/WindowsException'{0x000000008f8f1080}> (0x000000008f8f1080) 
thrown [./open/src/hotspot/share/prims/jni.cpp, line 578]
Event: 29.962 Thread 0x000001d8c36adbe0 Exception <a 'sun/nio/fs/WindowsException'{0x000000008fc4b860}> (0x000000008fc4b860) 
thrown [./open/src/hotspot/share/prims/jni.cpp, line 578]
Event: 29.975 Thread 0x000001d8c6d1f590 Exception <a 'sun/nio/fs/WindowsException'{0x000000008f3a7038}> (0x000000008f3a7038) 
thrown [./open/src/hotspot/share/prims/jni.cpp, line 578]
Event: 29.985 Thread 0x000001d8c6d1d8b0 Exception <a 'sun/nio/fs/WindowsException'{0x000000008f2ffa38}> (0x000000008f2ffa38) 
thrown [./open/src/hotspot/share/prims/jni.cpp, line 578]
Event: 29.999 Thread 0x000001d8c36adbe0 Exception <a 'sun/nio/fs/WindowsException'{0x000000008ec6e368}> (0x000000008ec6e368) 
thrown [./open/src/hotspot/share/prims/jni.cpp, line 578]
Event: 30.008 Thread 0x000001d8c179d020 Exception <a 'sun/nio/fs/WindowsException'{0x000000008ece0bc0}> (0x000000008ece0bc0) 
thrown [./open/src/hotspot/share/prims/jni.cpp, line 578]
Event: 30.029 Thread 0x000001d8c179d4f0 Exception <a 'sun/nio/fs/WindowsException'{0x000000008e712308}> (0x000000008e712308) 
thrown [./open/src/hotspot/share/prims/jni.cpp, line 578]
Event: 30.865 Thread 0x000001d8c6d1fa60 Exception <a 'sun/nio/fs/WindowsException'{0x0000000094dec5b8}> (0x0000000094dec5b8) 
thrown [./open/src/hotspot/share/prims/jni.cpp, line 578]
Event: 31.647 Thread 0x000001d8bd301370 Exception <a 'java/lang/NoSuchMethodError'{0x0000000092fee4b0}: static Lcom/android/build/api/variant/impl/VariantOutputImpl$SerializedForm;.<clinit>()V> (0x0000000092fee4b0) 
thrown [./open/src/hotspot/share/prims/jni.cpp, line 1204]
Event: 31.648 Thread 0x000001d8bd301370 Exception <a 'java/lang/NoSuchMethodError'{0x0000000092e00dd0}: static Lcom/android/build/api/variant/impl/VariantOutputConfigurationImpl;.<clinit>()V> (0x0000000092e00dd0) 
thrown [./open/src/hotspot/share/prims/jni.cpp, line 1204]
Event: 31.724 Thread 0x000001d8c6d1ff30 Exception <a 'sun/nio/fs/WindowsException'{0x0000000092be2210}> (0x0000000092be2210) 
thrown [./open/src/hotspot/share/prims/jni.cpp, line 578]
Event: 31.803 Thread 0x000001d8c6d1ff30 Exception <a 'java/lang/NoSuchMethodError'{0x00000000927e9900}: 'java.lang.Object java.lang.invoke.DirectMethodHandle$Holder.newInvokeSpecial(java.lang.Object, java.lang.Object, java.lang.Object, java.lang.Object, java.lang.Object, int, java.lang.Object)'> (0x00000000927e9900) 
thrown [./open/src/hotspot/share/interpreter/linkResolver.cpp, line 782]
Event: 31.832 Thread 0x000001d8c6d1ff30 Exception <a 'java/lang/NoSuchMethodError'{0x00000000923dc018}: 'java.lang.Object java.lang.invoke.DirectMethodHandle$Holder.newInvokeSpecial(java.lang.Object, java.lang.Object, java.lang.Object, java.lang.Object, java.lang.Object, java.lang.Object, java.lang.Object, int)'> (0x00000000923dc018) 
thrown [./open/src/hotspot/share/interpreter/linkResolver.cpp, line 782]
Event: 31.832 Thread 0x000001d8c6d1ff30 Exception <a 'java/lang/NoSuchMethodError'{0x00000000923e16c8}: 'java.lang.Object java.lang.invoke.DirectMethodHandle$Holder.invokeSpecial(java.lang.Object, java.lang.Object, java.lang.Object, java.lang.Object, java.lang.Object, java.lang.Object, java.lang.Object, java.lang.Object, int)'> (0x00000000923e16c8) 
thrown [./open/src/hotspot/share/interpreter/linkResolver.cpp, line 782]
Event: 31.833 Thread 0x000001d8c6d1ff30 Exception <a 'java/lang/NoSuchMethodError'{0x00000000923e6388}: 'java.lang.Object java.lang.invoke.Invokers$Holder.linkToTargetMethod(java.lang.Object, java.lang.Object, java.lang.Object, java.lang.Object, java.lang.Object, java.lang.Object, int, java.lang.Object)'> (0x00000000923e6388) 
thrown [./open/src/hotspot/share/interpreter/linkResolver.cpp, line 782]
Event: 32.026 Thread 0x000001d8c6d1ff30 Exception <a 'java/lang/NoSuchMethodError'{0x000000009170bfa0}: 'java.lang.Object java.lang.invoke.Invokers$Holder.invoke_MT(java.lang.Object, java.lang.Object, java.lang.Object)'> (0x000000009170bfa0) 
thrown [./open/src/hotspot/share/interpreter/linkResolver.cpp, line 782]

Events (20 events):
Event: 32.028 loading class sun/nio/ch/Util$4
Event: 32.028 loading class sun/nio/ch/Util$4 done
Event: 32.065 Executing VM operation: ICBufferFull
Event: 32.065 Executing VM operation: ICBufferFull done
Event: 32.065 Executing VM operation: HandshakeAllThreads
Event: 32.066 Executing VM operation: HandshakeAllThreads done
Event: 32.082 loading class java/nio/BufferOverflowException
Event: 32.082 loading class java/nio/BufferOverflowException done
Event: 32.085 loading class java/security/DigestException
Event: 32.085 loading class java/security/DigestException done
Event: 32.086 loading class java/security/InvalidAlgorithmParameterException
Event: 32.086 loading class java/security/InvalidAlgorithmParameterException done
Event: 32.087 loading class java/security/spec/InvalidKeySpecException
Event: 32.087 loading class java/security/spec/InvalidKeySpecException done
Event: 32.093 loading class java/security/spec/MGF1ParameterSpec
Event: 32.093 loading class java/security/spec/MGF1ParameterSpec done
Event: 32.098 loading class java/util/concurrent/ForkJoinTask$AdaptedRunnableAction
Event: 32.098 loading class java/util/concurrent/ForkJoinTask$AdaptedRunnableAction done
Event: 32.099 Executing VM operation: G1TryInitiateConcMark
Event: 32.112 Executing VM operation: G1TryInitiateConcMark done


Dynamic libraries:
0x00007ff66a5e0000 - 0x00007ff66a5ed000 	C:\Users\Umby\.jdks\openjdk-15.0.2\bin\java.exe
0x00007ffcbcfd0000 - 0x00007ffcbd1c5000 	C:\WINDOWS\SYSTEM32\ntdll.dll
0x00007ffcbca30000 - 0x00007ffcbcaee000 	C:\WINDOWS\System32\KERNEL32.DLL
0x00007ffcba910000 - 0x00007ffcbabd8000 	C:\WINDOWS\System32\KERNELBASE.dll
0x00007ffcbaee0000 - 0x00007ffcbafe0000 	C:\WINDOWS\System32\ucrtbase.dll
0x00007ffcb10c0000 - 0x00007ffcb10d9000 	C:\Users\Umby\.jdks\openjdk-15.0.2\bin\VCRUNTIME140.dll
0x00007ffcb10a0000 - 0x00007ffcb10b8000 	C:\Users\Umby\.jdks\openjdk-15.0.2\bin\jli.dll
0x00007ffcbc570000 - 0x00007ffcbc711000 	C:\WINDOWS\System32\USER32.dll
0x00007ffcaf630000 - 0x00007ffcaf8ca000 	C:\WINDOWS\WinSxS\amd64_microsoft.windows.common-controls_6595b64144ccf1df_6.0.19041.1110_none_60b5254171f9507e\COMCTL32.dll
0x00007ffcbafe0000 - 0x00007ffcbb002000 	C:\WINDOWS\System32\win32u.dll
0x00007ffcbcaf0000 - 0x00007ffcbcb8e000 	C:\WINDOWS\System32\msvcrt.dll
0x00007ffcbca00000 - 0x00007ffcbca2b000 	C:\WINDOWS\System32\GDI32.dll
0x00007ffcbadd0000 - 0x00007ffcbaedd000 	C:\WINDOWS\System32\gdi32full.dll
0x00007ffcba840000 - 0x00007ffcba8dd000 	C:\WINDOWS\System32\msvcp_win.dll
0x00007ffcbc2a0000 - 0x00007ffcbc2d0000 	C:\WINDOWS\System32\IMM32.DLL
0x00007ffcb53b0000 - 0x00007ffcb53bc000 	C:\Users\Umby\.jdks\openjdk-15.0.2\bin\vcruntime140_1.dll
0x00007ffcad2c0000 - 0x00007ffcad351000 	C:\Users\Umby\.jdks\openjdk-15.0.2\bin\msvcp140.dll
0x00007ffc73880000 - 0x00007ffc743de000 	C:\Users\Umby\.jdks\openjdk-15.0.2\bin\server\jvm.dll
0x00007ffcbcbf0000 - 0x00007ffcbcc9e000 	C:\WINDOWS\System32\ADVAPI32.dll
0x00007ffcbb070000 - 0x00007ffcbb10c000 	C:\WINDOWS\System32\sechost.dll
0x00007ffcbbcf0000 - 0x00007ffcbbe15000 	C:\WINDOWS\System32\RPCRT4.dll
0x00007ffcbbbd0000 - 0x00007ffcbbbd8000 	C:\WINDOWS\System32\PSAPI.DLL
0x00007ffcb07f0000 - 0x00007ffcb0817000 	C:\WINDOWS\SYSTEM32\WINMM.dll
0x00007ffcb0b60000 - 0x00007ffcb0b6a000 	C:\WINDOWS\SYSTEM32\VERSION.dll
0x00007ffca2ab0000 - 0x00007ffca2ab9000 	C:\WINDOWS\SYSTEM32\WSOCK32.dll
0x00007ffcbcca0000 - 0x00007ffcbcd0b000 	C:\WINDOWS\System32\WS2_32.dll
0x00007ffcb84f0000 - 0x00007ffcb8502000 	C:\WINDOWS\SYSTEM32\kernel.appcore.dll
0x00007ffcb52f0000 - 0x00007ffcb52fa000 	C:\Users\Umby\.jdks\openjdk-15.0.2\bin\jimage.dll
0x00007ffcb0370000 - 0x00007ffcb0554000 	C:\WINDOWS\SYSTEM32\DBGHELP.DLL
0x00007ffcb0610000 - 0x00007ffcb063c000 	C:\WINDOWS\SYSTEM32\dbgcore.DLL
0x00007ffcbabe0000 - 0x00007ffcbac62000 	C:\WINDOWS\System32\bcryptPrimitives.dll
0x00007ffcafd20000 - 0x00007ffcafd45000 	C:\Users\Umby\.jdks\openjdk-15.0.2\bin\java.dll
0x00007ffcbb470000 - 0x00007ffcbbbb4000 	C:\WINDOWS\System32\SHELL32.dll
0x00007ffcb87d0000 - 0x00007ffcb8f65000 	C:\WINDOWS\SYSTEM32\windows.storage.dll
0x00007ffcbb110000 - 0x00007ffcbb465000 	C:\WINDOWS\System32\combase.dll
0x00007ffcba060000 - 0x00007ffcba08e000 	C:\WINDOWS\SYSTEM32\Wldp.dll
0x00007ffcbbbe0000 - 0x00007ffcbbc8d000 	C:\WINDOWS\System32\SHCORE.dll
0x00007ffcbbc90000 - 0x00007ffcbbce5000 	C:\WINDOWS\System32\shlwapi.dll
0x00007ffcba620000 - 0x00007ffcba63f000 	C:\WINDOWS\SYSTEM32\profapi.dll
0x00007ffcb01b0000 - 0x00007ffcb01c9000 	C:\Users\Umby\.jdks\openjdk-15.0.2\bin\net.dll
0x00007ffcae010000 - 0x00007ffcae11c000 	C:\WINDOWS\SYSTEM32\WINHTTP.dll
0x00007ffcb9dc0000 - 0x00007ffcb9e2a000 	C:\WINDOWS\system32\mswsock.dll
0x00007ffcb0180000 - 0x00007ffcb0192000 	C:\Users\Umby\.jdks\openjdk-15.0.2\bin\nio.dll
0x00007ffcafb50000 - 0x00007ffcafb68000 	C:\Users\Umby\.jdks\openjdk-15.0.2\bin\zip.dll
0x00007ffcb3b20000 - 0x00007ffcb3b30000 	C:\Users\Umby\.jdks\openjdk-15.0.2\bin\verify.dll
0x00007ffcac480000 - 0x00007ffcac4a7000 	C:\Users\Umby\.gradle\native\8bec1ad78214c89d9ad589b4d07fe93259594b29d510b10fafb7a158f7737e5d\windows-amd64\native-platform.dll
0x00007ffc94740000 - 0x00007ffc9487d000 	C:\Users\Umby\.gradle\native\53dbd7edfb1c66fb8903c78663c9afc45aea4f116125fa6feffd364cf09443e8\windows-amd64\native-platform-file-events.dll
0x00007ffcb2ce0000 - 0x00007ffcb2ce9000 	C:\Users\Umby\.jdks\openjdk-15.0.2\bin\management.dll
0x00007ffcb2540000 - 0x00007ffcb254b000 	C:\Users\Umby\.jdks\openjdk-15.0.2\bin\management_ext.dll
0x00007ffcb9fb0000 - 0x00007ffcb9fc8000 	C:\WINDOWS\SYSTEM32\CRYPTSP.dll
0x00007ffcb9740000 - 0x00007ffcb9774000 	C:\WINDOWS\system32\rsaenh.dll
0x00007ffcba8e0000 - 0x00007ffcba907000 	C:\WINDOWS\System32\bcrypt.dll
0x00007ffcba5e0000 - 0x00007ffcba60e000 	C:\WINDOWS\SYSTEM32\USERENV.dll
0x00007ffcb9fd0000 - 0x00007ffcb9fdc000 	C:\WINDOWS\SYSTEM32\CRYPTBASE.dll
0x00007ffcb9ab0000 - 0x00007ffcb9aeb000 	C:\WINDOWS\SYSTEM32\IPHLPAPI.DLL
0x00007ffcbbbc0000 - 0x00007ffcbbbc8000 	C:\WINDOWS\System32\NSI.dll
0x00007ffcb13d0000 - 0x00007ffcb13e7000 	C:\WINDOWS\SYSTEM32\dhcpcsvc6.DLL
0x00007ffcb1f00000 - 0x00007ffcb1f1d000 	C:\WINDOWS\SYSTEM32\dhcpcsvc.DLL
0x00007ffcb9af0000 - 0x00007ffcb9bbb000 	C:\WINDOWS\SYSTEM32\DNSAPI.dll

dbghelp: loaded successfully - version: 4.0.5 - missing functions: none
symbol engine: initialized successfully - sym options: 0x614 - pdb path: .;C:\Users\Umby\.jdks\openjdk-15.0.2\bin;C:\WINDOWS\SYSTEM32;C:\WINDOWS\WinSxS\amd64_microsoft.windows.common-controls_6595b64144ccf1df_6.0.19041.1110_none_60b5254171f9507e;C:\Users\Umby\.jdks\openjdk-15.0.2\bin\server;C:\Users\Umby\.gradle\native\8bec1ad78214c89d9ad589b4d07fe93259594b29d510b10fafb7a158f7737e5d\windows-amd64;C:\Users\Umby\.gradle\native\53dbd7edfb1c66fb8903c78663c9afc45aea4f116125fa6feffd364cf09443e8\windows-amd64

VM Arguments:
jvm_args: --add-opens=java.base/java.util=ALL-UNNAMED --add-opens=java.base/java.lang=ALL-UNNAMED --add-opens=java.base/java.lang.invoke=ALL-UNNAMED --add-opens=java.base/java.util=ALL-UNNAMED --add-opens=java.prefs/java.util.prefs=ALL-UNNAMED --add-opens=java.prefs/java.util.prefs=ALL-UNNAMED --add-opens=java.base/java.nio.charset=ALL-UNNAMED --add-opens=java.base/java.net=ALL-UNNAMED --add-opens=java.base/java.util.concurrent.atomic=ALL-UNNAMED -Xmx2048m -Dfile.encoding=UTF-8 -Duser.country=IT -Duser.language=it -Duser.variant 
java_command: org.gradle.launcher.daemon.bootstrap.GradleDaemon 7.0.2
java_class_path (initial): C:\Users\Umby\.gradle\wrapper\dists\gradle-7.0.2-bin\857tjihv64xamwrf0h14cai3r\gradle-7.0.2\lib\gradle-launcher-7.0.2.jar
Launcher Type: SUN_STANDARD

[Global flags]
     intx CICompilerCount                          = 4                                         {product} {ergonomic}
     uint ConcGCThreads                            = 2                                         {product} {ergonomic}
     uint G1ConcRefinementThreads                  = 8                                         {product} {ergonomic}
   size_t G1HeapRegionSize                         = 1048576                                   {product} {ergonomic}
    uintx GCDrainStackTargetSize                   = 64                                        {product} {ergonomic}
   size_t InitialHeapSize                          = 117440512                                 {product} {ergonomic}
   size_t MarkStackSize                            = 4194304                                   {product} {ergonomic}
   size_t MaxHeapSize                              = 2147483648                                {product} {command line}
   size_t MaxNewSize                               = 1287651328                                {product} {ergonomic}
   size_t MinHeapDeltaBytes                        = 1048576                                   {product} {ergonomic}
   size_t MinHeapSize                              = 8388608                                   {product} {ergonomic}
    uintx NonNMethodCodeHeapSize                   = 5839372                                {pd product} {ergonomic}
    uintx NonProfiledCodeHeapSize                  = 122909434                              {pd product} {ergonomic}
    uintx ProfiledCodeHeapSize                     = 122909434                              {pd product} {ergonomic}
    uintx ReservedCodeCacheSize                    = 251658240                              {pd product} {ergonomic}
     bool SegmentedCodeCache                       = true                                      {product} {ergonomic}
   size_t SoftMaxHeapSize                          = 2147483648                             {manageable} {ergonomic}
     bool UseCompressedClassPointers               = true                                 {lp64_product} {ergonomic}
     bool UseCompressedOops                        = true                                 {lp64_product} {ergonomic}
     bool UseG1GC                                  = true                                      {product} {ergonomic}
     bool UseLargePagesIndividualAllocation        = false                                  {pd product} {ergonomic}

Logging:
Log output configuration:
 #0: stdout all=warning uptime,level,tags
 #1: stderr all=off uptime,level,tags

Environment Variables:
PATH=C:\Program Files (x86)\NVIDIA Corporation\PhysX\Common;C:\WINDOWS\system32;C:\WINDOWS;C:\WINDOWS\System32\Wbem;C:\WINDOWS\System32\WindowsPowerShell\v1.0\;C:\WINDOWS\System32\OpenSSH\;C:\Program Files\Intel\WiFi\bin\;C:\Program Files\Common Files\Intel\WirelessCommon\;D:\Programmi\MinGW\bin;D:\Programmi\SML\bin\;C:\Users\Umby\AppData\Local\Microsoft\WindowsApps;D:\Programmi\Microsoft VS Code\bin;C:\Users\Umby\AppData\Local\GitHubDesktop\bin
USERNAME=Umby
OS=Windows_NT
PROCESSOR_IDENTIFIER=AMD64 Family 23 Model 17 Stepping 0, AuthenticAMD



---------------  S Y S T E M  ---------------

OS:
 Windows 10 , 64 bit Build 19041 (10.0.19041.1466)
OS uptime: 1 days 18:28 hours

CPU: total 8 (initial active 8) (8 cores per cpu, 2 threads per core) family 23 model 17 stepping 0 microcode 0x0, cmov, cx8, fxsr, mmx, sse, sse2, sse3, ssse3, sse4.1, sse4.2, popcnt, vzeroupper, avx, avx2, aes, clmul, 3dnowpref, lzcnt, sse4a, ht, tsc, tscinvbit, tscinv, bmi1, bmi2, adx, sha, fma, clflush, clflushopt

Memory: 4k page, system-wide physical 7069M (779M free)
TotalPageFile size 11148M (AvailPageFile size 33M)
current process WorkingSet (physical memory assigned to process): 667M, peak: 695M
current process commit charge ("private bytes"): 702M, peak: 734M

vm_info: OpenJDK 64-Bit Server VM (15.0.2+7-27) for windows-amd64 JRE (15.0.2+7-27), built on Dec  7 2020 20:02:38 by "mach5one" with unknown MS VC++:1925

END.
